#-----------------------------------------------------------
# Vivado v2020.1 (64-bit)
# SW Build 2902540 on Wed May 27 19:54:49 MDT 2020
# IP Build 2902112 on Wed May 27 22:43:36 MDT 2020
# Start of session at: Wed Dec 13 20:07:18 2023
# Process ID: 15240
# Current directory: C:/Xilinx/SST/week5/project_1
# Command line: vivado.exe -gui_launcher_event rodinguilauncherevent10076 C:\Xilinx\SST\week5\project_1\project_1.xpr
# Log file: C:/Xilinx/SST/week5/project_1/vivado.log
# Journal file: C:/Xilinx/SST/week5/project_1\vivado.jou
#-----------------------------------------------------------
start_gui
open_project C:/Xilinx/SST/week5/project_1/project_1.xpr
Scanning sources...
Finished scanning sources
INFO: [IP_Flow 19-234] Refreshing IP repositories
INFO: [IP_Flow 19-1704] No user IP repositories specified
INFO: [IP_Flow 19-2313] Loaded Vivado IP repository 'C:/Xilinx/Vivado/2020.1/data/ip'.
open_project: Time (s): cpu = 00:00:20 ; elapsed = 00:00:10 . Memory (MB): peak = 1025.402 ; gain = 0.000
update_compile_order -fileset sources_1
exit
INFO: [Common 17-206] Exiting Vivado at Wed Dec 13 20:27:06 2023...
