#
# A fatal error has been detected by the Java Runtime Environment:
#
#  EXCEPTION_ACCESS_VIOLATION (0xc0000005) at pc=0x0000000000000a73, pid=15152, tid=11464
#
# JRE version: Java(TM) SE Runtime Environment (9.0+11) (build 9.0.4+11)
# Java VM: Java HotSpot(TM) 64-Bit Server VM (9.0.4+11, mixed mode, tiered, compressed oops, g1 gc, windows-amd64)
# Problematic frame:
# C  0x0000000000000a73
#
# No core dump will be written. Minidumps are not enabled by default on client versions of Windows
#
# If you would like to submit a bug report, please visit:
#   http://bugreport.java.com/bugreport/crash.jsp
# The crash happened outside the Java Virtual Machine in native code.
# See problematic frame for where to report the bug.
#

---------------  S U M M A R Y ------------

Command Line: -Dsun.java2d.pmoffscreen=false -Dsun.java2d.xrender=false -Dsun.java2d.d3d=false -Dsun.awt.nopixfmt=true -Dsun.java2d.dpiaware=true -Dsun.java2d.uiScale.enabled=false -Xverify:none -Dswing.aatext=true -XX:-UsePerfData -Djdk.map.althashing.threshold=512 -XX:StringTableSize=4072 --add-opens=java.base/java.nio=ALL-UNNAMED --add-opens=java.desktop/sun.swing=ALL-UNNAMED --add-opens=java.desktop/javax.swing=ALL-UNNAMED --add-opens=java.desktop/javax.swing.tree=ALL-UNNAMED --add-opens=java.desktop/javax.swing.plaf.basic=ALL-UNNAMED --add-opens=java.desktop/javax.swing.plaf.synth=ALL-UNNAMED --add-opens=java.desktop/com.sun.awt=ALL-UNNAMED -XX:NewSize=60m -XX:MaxNewSize=60m -Xms128m -Xmx3072m -Xss5m 

Host: Intel(R) Core(TM) i7-9750H CPU @ 2.60GHz, 12 cores, 15G,  Windows 10 , 64 bit Build 19041 (10.0.19041.3636)
Time: Sun Dec 10 21:40:12 2023 Türkiye Standart Saati elapsed time: 4563 seconds (0d 1h 16m 3s)

---------------  T H R E A D  ---------------

Current thread (0x000001880a33a800):  JavaThread "AWT-EventQueue-0" [_thread_in_native, id=11464, stack(0x000000674df00000,0x000000674e400000)]

Stack: [0x000000674df00000,0x000000674e400000],  sp=0x000000674e3fa9d8,  free space=5098k
Native frames: (J=compiled Java code, j=interpreted, Vv=VM code, C=native code)
C  0x0000000000000a73

Java frames: (J=compiled Java code, j=interpreted, Vv=VM code)
J 28448  ui.views.waveform.waveformi.WVExecutive_canFindValue(J)Ljava/lang/String; (0 bytes) @ 0x00000188728b03a1 [0x00000188728b0360+0x0000000000000041]
J 28474 c1 ui.views.waveform.d.a.jCF()V (121 bytes) @ 0x000001886ca586ac [0x000001886ca58560+0x000000000000014c]
J 22987 c1 ui.views.waveform.d.a.GR(Z)V (31 bytes) @ 0x0000018869e76634 [0x0000018869e763a0+0x0000000000000294]
J 27700 c1 ui.views.waveform.w.aE(ZZ)V (48 bytes) @ 0x000001886ab8c33c [0x000001886ab8a5e0+0x0000000000001d5c]
J 23193 c1 ui.views.waveform.c.b.j(Lui/frmwork/b/i;)V (581 bytes) @ 0x000001886c6ccf2c [0x000001886c6c2820+0x000000000000a70c]
J 23192 c1 ui.views.waveform.w.a(Lui/frmwork/b/i;)V (17 bytes) @ 0x000001886a724f14 [0x000001886a724e40+0x00000000000000d4]
J 23302 c2 ui.frmwork.G.i(JZ)V (471 bytes) @ 0x0000018871ae0b10 [0x0000018871adfc40+0x0000000000000ed0]
J 28818 c1 ui.frmwork.G.fireTclEvent(J)I (113 bytes) @ 0x000001886cb9abfc [0x000001886cb9a420+0x00000000000007dc]
v  ~StubRoutines::call_stub
J 27718  ui.views.waveform.waveformi.WVExecutive_processModelEvent(JJ)V (0 bytes) @ 0x0000018872579624 [0x00000188725795e0+0x0000000000000044]
J 28113 c1 ui.views.waveform.c.b.ft(J)V (109 bytes) @ 0x000001886b8fdc64 [0x000001886b8fdb20+0x0000000000000144]
J 23193 c1 ui.views.waveform.c.b.j(Lui/frmwork/b/i;)V (581 bytes) @ 0x000001886c6cdc24 [0x000001886c6c2820+0x000000000000b404]
J 23192 c1 ui.views.waveform.w.a(Lui/frmwork/b/i;)V (17 bytes) @ 0x000001886a724f14 [0x000001886a724e40+0x00000000000000d4]
J 23302 c2 ui.frmwork.G.i(JZ)V (471 bytes) @ 0x0000018871ae0b10 [0x0000018871adfc40+0x0000000000000ed0]
J 28818 c1 ui.frmwork.G.fireTclEvent(J)I (113 bytes) @ 0x000001886cb9abfc [0x000001886cb9a420+0x00000000000007dc]
v  ~StubRoutines::call_stub
J 27718  ui.views.waveform.waveformi.WVExecutive_processModelEvent(JJ)V (0 bytes) @ 0x0000018872579624 [0x00000188725795e0+0x0000000000000044]
J 28113 c1 ui.views.waveform.c.b.ft(J)V (109 bytes) @ 0x000001886b8fdc64 [0x000001886b8fdb20+0x0000000000000144]
j  ui.views.waveform.c.e.actionPerformed(Ljava/awt/event/ActionEvent;)V+8
J 16428 c2 javax.swing.Timer.fireActionPerformed(Ljava/awt/event/ActionEvent;)V java.desktop@9.0.4 (46 bytes) @ 0x0000018871bdde58 [0x0000018871bddd40+0x0000000000000118]
J 16427 c2 javax.swing.Timer$DoPostEvent.run()V java.desktop@9.0.4 (82 bytes) @ 0x0000018871bdc2ec [0x0000018871bdbfe0+0x000000000000030c]
J 14829 c2 java.awt.event.InvocationEvent.dispatch()V java.desktop@9.0.4 (69 bytes) @ 0x0000018871901418 [0x00000188719013c0+0x0000000000000058]
J 13849 c2 java.awt.EventQueue$3.run()Ljava/lang/Object; java.desktop@9.0.4 (5 bytes) @ 0x000001887174d7b8 [0x000001887174d6e0+0x00000000000000d8]
v  ~StubRoutines::call_stub
J 3757  java.security.AccessController.doPrivileged(Ljava/security/PrivilegedAction;Ljava/security/AccessControlContext;)Ljava/lang/Object; java.base@9.0.4 (0 bytes) @ 0x0000018870fdd646 [0x0000018870fdd5e0+0x0000000000000066]
J 13825 c2 ui.frmwork.b.d.dispatchEvent(Ljava/awt/AWTEvent;)V (34 bytes) @ 0x0000018871736544 [0x0000018871736180+0x00000000000003c4]
J 13827 c2 java.awt.EventDispatchThread.pumpOneEventForFilters(I)V java.desktop@9.0.4 (218 bytes) @ 0x000001887173b9b4 [0x000001887173b4e0+0x00000000000004d4]
J 21408% c2 java.awt.EventDispatchThread.pumpEventsForFilter(ILjava/awt/Conditional;Ljava/awt/EventFilter;)V java.desktop@9.0.4 (47 bytes) @ 0x0000018871dc1e78 [0x0000018871dc1d60+0x0000000000000118]
j  java.awt.EventDispatchThread.pumpEventsForHierarchy(ILjava/awt/Conditional;Ljava/awt/Component;)V+11 java.desktop@9.0.4
j  java.awt.EventDispatchThread.pumpEvents(ILjava/awt/Conditional;)V+4 java.desktop@9.0.4
j  java.awt.EventDispatchThread.pumpEvents(Ljava/awt/Conditional;)V+3 java.desktop@9.0.4
j  java.awt.EventDispatchThread.run()V+9 java.desktop@9.0.4
v  ~StubRoutines::call_stub

siginfo: EXCEPTION_ACCESS_VIOLATION (0xc0000005), data execution prevention violation at address 0x0000000000000a73


Register to memory mapping:

RIP=0x0000000000000a73 is an unknown value
RAX=0x0000018849dbe710 is an unknown value
RBX=0x000001884a376780 is an unknown value
RCX=0x0000018849dbe710 is an unknown value
RDX=0x0000000000000000 is an unknown value
RSP=0x000000674e3fa9d8 is pointing into the stack for thread: 0x000001880a33a800
RBP=0x000000674e3faad0 is pointing into the stack for thread: 0x000001880a33a800
RSI=0x000001883f89e470 is an unknown value
RDI=0x0000018808b55210 is an unknown value
R8 =0x00007ff8c4195c48 librdi_common.dll
R9 =0x00007ff885744598 is an unknown value
R10=0x00007ff8852c0000 is an unknown value
R11=0x000000674e3fa970 is pointing into the stack for thread: 0x000001880a33a800
R12=0x0000000000000000 is an unknown value
R13=0x0000000713ad8b10 is an oop
[Ljava.beans.PropertyChangeListener; 
{0x0000000713ad8b10} - klass: 'java/beans/PropertyChangeListener'[]
 - length: 2
R14=0x0000000000000000 is an unknown value
R15=0x000001880a33a800 is a thread


Registers:
RAX=0x0000018849dbe710, RBX=0x000001884a376780, RCX=0x0000018849dbe710, RDX=0x0000000000000000
RSP=0x000000674e3fa9d8, RBP=0x000000674e3faad0, RSI=0x000001883f89e470, RDI=0x0000018808b55210
R8 =0x00007ff8c4195c48, R9 =0x00007ff885744598, R10=0x00007ff8852c0000, R11=0x000000674e3fa970
R12=0x0000000000000000, R13=0x0000000713ad8b10, R14=0x0000000000000000, R15=0x000001880a33a800
RIP=0x0000000000000a73, EFLAGS=0x0000000000010246

Top of Stack: (sp=0x000000674e3fa9d8)
0x000000674e3fa9d8:   00007ff885520040 000001884a376780
0x000000674e3fa9e8:   000000070117c5a8 000000070117c5a8
0x000000674e3fa9f8:   000001887132e4ac 000001880a33aa18
0x000000674e3faa08:   00007ff8854f8198 000000674e3faad0
0x000000674e3faa18:   00000188318c0840 000000674e3fabc0
0x000000674e3faa28:   00000007e0022f38 0000000000000001
0x000000674e3faa38:   fffffffffffffffe 00000000000001d0
0x000000674e3faa48:   00007ff885533457 0000000700117988
0x000000674e3faa58:   000000674e3faad0 0000000706f47cb0
0x000000674e3faa68:   0000000713ad8b48 000001880a33aa18
0x000000674e3faa78:   fffffffffffffffe 0000000000000000
0x000000674e3faa88:   000001886c65583c 0000000700117988
0x000000674e3faa98:   00000188710e4764 0000000706f47cb0
0x000000674e3faaa8:   0000000000000005 0000000000000001
0x000000674e3faab8:   0000000000000155 0000000000000000
0x000000674e3faac8:   000001886b88fff4 0000000706f47c00 

Instructions: (pc=0x0000000000000a73)
0x0000000000000a53:   
[error occurred during error reporting (printing registers, top of stack, instructions near pc), id 0xc0000005]


---------------  P R O C E S S  ---------------

Java Threads: ( => current thread )
  0x00000188368c7000 JavaThread "Image Fetcher 0" daemon [_thread_blocked, id=2572, stack(0x0000006752800000,0x0000006752d00000)]
  0x000001880aecf000 JavaThread "Thread-4399" [_thread_in_native, id=752, stack(0x0000006746a00000,0x0000006746b00000)]
  0x00000188368c8800 JavaThread "SyntheticaAnimation 50" daemon [_thread_blocked, id=9908, stack(0x0000006753700000,0x0000006753c00000)]
  0x00000188368c9000 JavaThread "Swing-Shell" daemon [_thread_blocked, id=12956, stack(0x0000006751b00000,0x0000006752000000)]
  0x000001880aec6000 JavaThread "Image Animator 3" daemon [_thread_blocked, id=13132, stack(0x0000006750f00000,0x0000006751400000)]
  0x000001880aeca800 JavaThread "SyntheticaAnimation 50" daemon [_thread_blocked, id=2952, stack(0x0000006753200000,0x0000006753700000)]
  0x000001880aec9800 JavaThread "Update Runs Swing Worker Thread" [_thread_blocked, id=14376, stack(0x0000006752300000,0x0000006752800000)]
  0x000001887ad3b800 JavaThread "hw_ila_monitor" [_thread_blocked, id=12244, stack(0x000000674f800000,0x000000674fd00000)]
  0x000001887ad40000 JavaThread "Refresh Filesets Swing Worker Thread" [_thread_blocked, id=13728, stack(0x000000674ee00000,0x000000674f300000)]
  0x000001887ad3f000 JavaThread "SyntheticaAnimation 70" daemon [_thread_blocked, id=9352, stack(0x0000006751400000,0x0000006751900000)]
  0x000001887ad40800 JavaThread "SyntheticaAnimation 25" daemon [_thread_blocked, id=14424, stack(0x0000006750a00000,0x0000006750f00000)]
  0x000001887ad42000 JavaThread "SyntheticaAnimation 50" daemon [_thread_blocked, id=9376, stack(0x0000006750500000,0x0000006750a00000)]
  0x000001887ad41800 JavaThread "Monitor HEventQueue Thread" [_thread_blocked, id=11036, stack(0x0000006750000000,0x0000006750500000)]
  0x000001887ad3d000 JavaThread "SyntheticaCleanerThread" daemon [_thread_blocked, id=13612, stack(0x000000674f300000,0x000000674f800000)]
  0x000001887ad3c000 JavaThread "Batik CleanerThread" daemon [_thread_blocked, id=15124, stack(0x000000674e400000,0x000000674e900000)]
  0x000001880a14f800 JavaThread "Process Messages Thread" [_thread_blocked, id=1724, stack(0x000000674e900000,0x000000674ee00000)]
  0x000001880893b000 JavaThread "Thread-1" [_thread_in_native, id=5372, stack(0x0000006746d00000,0x0000006748100000)]
=>0x000001880a33a800 JavaThread "AWT-EventQueue-0" [_thread_in_native, id=11464, stack(0x000000674df00000,0x000000674e400000)]
  0x0000018808c68800 JavaThread "TimerQueue" daemon [_thread_blocked, id=12896, stack(0x000000674d500000,0x000000674da00000)]
  0x00000188082dc000 JavaThread "AWT-Windows" daemon [_thread_in_native, id=13660, stack(0x000000674d000000,0x000000674d500000)]
  0x000001880838e800 JavaThread "AWT-Shutdown" [_thread_blocked, id=5360, stack(0x000000674cb00000,0x000000674d000000)]
  0x000001880838e000 JavaThread "Java2D Disposer" daemon [_thread_blocked, id=14672, stack(0x000000674c600000,0x000000674cb00000)]
  0x000001887c515800 JavaThread "Service Thread" daemon [_thread_blocked, id=4192, stack(0x000000674c100000,0x000000674c600000)]
  0x000001887ad56800 JavaThread "Common-Cleaner" daemon [_thread_blocked, id=14368, stack(0x000000674bc00000,0x000000674c100000)]
  0x000001887ad3d800 JavaThread "Sweeper thread" daemon [_thread_blocked, id=12488, stack(0x000000674b700000,0x000000674bc00000)]
  0x000001887acd8000 JavaThread "C1 CompilerThread3" daemon [_thread_blocked, id=12188, stack(0x000000674b600000,0x000000674b700000)]
  0x000001887acdb000 JavaThread "C2 CompilerThread2" daemon [_thread_blocked, id=12492, stack(0x000000674b500000,0x000000674b600000)]
  0x000001887acd5800 JavaThread "C2 CompilerThread1" daemon [_thread_blocked, id=1996, stack(0x000000674b400000,0x000000674b500000)]
  0x000001887e7bc000 JavaThread "C2 CompilerThread0" daemon [_thread_blocked, id=12156, stack(0x000000674b300000,0x000000674b400000)]
  0x000001887e7b9800 JavaThread "Attach Listener" daemon [_thread_blocked, id=9800, stack(0x000000674ae00000,0x000000674b300000)]
  0x000001887e7b9000 JavaThread "Signal Dispatcher" daemon [_thread_blocked, id=11712, stack(0x000000674a900000,0x000000674ae00000)]
  0x000001887e7b1800 JavaThread "Finalizer" daemon [_thread_blocked, id=11628, stack(0x000000674a400000,0x000000674a900000)]
  0x000001887e7b1000 JavaThread "Reference Handler" daemon [_thread_blocked, id=11632, stack(0x0000006749f00000,0x000000674a400000)]
  0x000001887dfe5000 JavaThread "main" [_thread_blocked, id=14440, stack(0x0000006746c00000,0x0000006746d00000)]

Other Threads:
  0x000001887e75b800 VMThread "VM Thread" [stack: 0x0000006749e00000,0x0000006749f00000] [id=1248]
  0x000001887e607800 WatcherThread [stack: 0x0000006748400000,0x0000006748500000] [id=12196]
  0x000001887dc6c800 GCTaskThread "GC Thread#0" [stack: 0x0000006748500000,0x0000006748600000] [id=2220]
  0x000001887bf7e000 GCTaskThread "GC Thread#1" [stack: 0x0000006748600000,0x0000006748700000] [id=14484]
  0x000001887bf7b000 GCTaskThread "GC Thread#2" [stack: 0x0000006748700000,0x0000006748800000] [id=14540]
  0x000001887bf78000 GCTaskThread "GC Thread#3" [stack: 0x0000006748800000,0x0000006748900000] [id=14528]
  0x000001887bf7a000 GCTaskThread "GC Thread#4" [stack: 0x0000006748900000,0x0000006748a00000] [id=14532]
  0x000001887bf7d000 GCTaskThread "GC Thread#5" [stack: 0x0000006748a00000,0x0000006748b00000] [id=10796]
  0x000001887bf78800 GCTaskThread "GC Thread#6" [stack: 0x0000006748b00000,0x0000006748c00000] [id=11460]
  0x000001887bf7a800 GCTaskThread "GC Thread#7" [stack: 0x0000006748c00000,0x0000006748d00000] [id=11972]
  0x000001887bf79000 GCTaskThread "GC Thread#8" [stack: 0x0000006748d00000,0x0000006748e00000] [id=14584]
  0x000001887bf7b800 GCTaskThread "GC Thread#9" [stack: 0x0000006748e00000,0x0000006748f00000] [id=14388]
  0x000001887e8bd800 ConcurrentGCThread "G1 Main Marker" [stack: 0x0000006749a00000,0x0000006749b00000] [id=10144]
  0x000001887bf7c800 ConcurrentGCThread "G1 Marker#0" [stack: 0x0000006749b00000,0x0000006749c00000] [id=12100]
  0x000001887bf7d800 ConcurrentGCThread "G1 Marker#1" [stack: 0x0000006749c00000,0x0000006749d00000] [id=1284]
  0x000001887bf77800 ConcurrentGCThread "G1 Marker#2" [stack: 0x0000006749d00000,0x0000006749e00000] [id=5580]
  0x000001887acd2000 ConcurrentGCThread "G1 Refine#0" [stack: 0x0000006749800000,0x0000006749900000] [id=992]
  0x000001887accf800 ConcurrentGCThread "G1 Refine#1" [stack: 0x0000006749700000,0x0000006749800000] [id=12052]
  0x000001887accc000 ConcurrentGCThread "G1 Refine#2" [stack: 0x0000006749600000,0x0000006749700000] [id=1688]
  0x000001887a879800 ConcurrentGCThread "G1 Refine#3" [stack: 0x0000006749500000,0x0000006749600000] [id=14844]
  0x000001887e847000 ConcurrentGCThread "G1 Refine#4" [stack: 0x0000006749400000,0x0000006749500000] [id=1244]
  0x000001885fed7000 ConcurrentGCThread "G1 Refine#5" [stack: 0x0000006749300000,0x0000006749400000] [id=2580]
  0x000001885fed6800 ConcurrentGCThread "G1 Refine#6" [stack: 0x0000006749200000,0x0000006749300000] [id=12452]
  0x000001887b413800 ConcurrentGCThread "G1 Refine#7" [stack: 0x0000006749100000,0x0000006749200000] [id=11472]
  0x000001887b412800 ConcurrentGCThread "G1 Refine#8" [stack: 0x0000006749000000,0x0000006749100000] [id=12148]
  0x000001887de11800 ConcurrentGCThread "G1 Refine#9" [stack: 0x0000006748f00000,0x0000006749000000] [id=1324]
  0x000001885fdcd000 ConcurrentGCThread "G1 Young RemSet Sampling" [stack: 0x0000006749900000,0x0000006749a00000] [id=12164]

Threads with active compile tasks:

VM state:not at safepoint (normal execution)

VM Mutex/Monitor currently owned by a thread: None

Heap address: 0x0000000700000000, size: 3072 MB, Compressed Oops mode: Zero based, Oop shift amount: 3
Narrow klass base: 0x0000000000000000, Narrow klass shift: 3
Compressed class space size: 1073741824 Address: 0x00000007c0000000

Heap:
 garbage-first heap   total 330752K, used 142077K [0x0000000700000000, 0x0000000700100a18, 0x00000007c0000000)
  region size 1024K, 12 young (12288K), 2 survivors (2048K)
 Metaspace       used 100425K, capacity 104721K, committed 110544K, reserved 1144832K
  class space    used 14118K, capacity 14920K, committed 16124K, reserved 1048576K
Heap Regions: E=young(eden), S=young(survivor), O=old, HS=humongous(starts), HC=humongous(continues), CS=collection set, F=free, A=archive, TS=gc time stamp, AC=allocation context, TAMS=top-at-mark-start (previous, next)
|   0|0x0000000700000000, 0x00000007000f2cb8, 0x0000000700100000| 94%| O|  |TS  0|AC  0|TAMS 0x00000007000f2cb8, 0x00000007000f2cb8|
|   1|0x0000000700100000, 0x00000007001f7b70, 0x0000000700200000| 96%| O|  |TS  0|AC  0|TAMS 0x00000007001f7b70, 0x00000007001f7b70|
|   2|0x0000000700200000, 0x0000000700300000, 0x0000000700300000|100%|HS|  |TS  0|AC  0|TAMS 0x0000000700300000, 0x0000000700300000|
|   3|0x0000000700300000, 0x0000000700400000, 0x0000000700400000|100%|HC|  |TS  0|AC  0|TAMS 0x0000000700400000, 0x0000000700400000|
|   4|0x0000000700400000, 0x0000000700500000, 0x0000000700500000|100%|HS|  |TS  0|AC  0|TAMS 0x0000000700500000, 0x0000000700500000|
|   5|0x0000000700500000, 0x00000007005dfdd8, 0x0000000700600000| 87%| O|  |TS  0|AC  0|TAMS 0x00000007005dfdd8, 0x00000007005dfdd8|
|   6|0x0000000700600000, 0x00000007006c2588, 0x0000000700700000| 75%| O|  |TS  0|AC  0|TAMS 0x00000007006c2588, 0x00000007006c2588|
|   7|0x0000000700700000, 0x00000007007fffe8, 0x0000000700800000| 99%| O|  |TS  0|AC  0|TAMS 0x00000007007fffe8, 0x00000007007fffe8|
|   8|0x0000000700800000, 0x00000007008ff158, 0x0000000700900000| 99%| O|  |TS  0|AC  0|TAMS 0x00000007008ff158, 0x00000007008ff158|
|   9|0x0000000700900000, 0x00000007009fcf78, 0x0000000700a00000| 98%| O|  |TS  0|AC  0|TAMS 0x00000007009fcf78, 0x00000007009fcf78|
|  10|0x0000000700a00000, 0x0000000700af6f30, 0x0000000700b00000| 96%| O|  |TS  0|AC  0|TAMS 0x0000000700af6f30, 0x0000000700af6f30|
|  11|0x0000000700b00000, 0x0000000700bffff8, 0x0000000700c00000| 99%| O|  |TS  0|AC  0|TAMS 0x0000000700bffff8, 0x0000000700bffff8|
|  12|0x0000000700c00000, 0x0000000700d00000, 0x0000000700d00000|100%| O|  |TS  0|AC  0|TAMS 0x0000000700d00000, 0x0000000700d00000|
|  13|0x0000000700d00000, 0x0000000700dffff8, 0x0000000700e00000| 99%| O|  |TS  0|AC  0|TAMS 0x0000000700dffff8, 0x0000000700dffff8|
|  14|0x0000000700e00000, 0x0000000700effff8, 0x0000000700f00000| 99%| O|  |TS  0|AC  0|TAMS 0x0000000700effff8, 0x0000000700effff8|
|  15|0x0000000700f00000, 0x0000000700ffc4f0, 0x0000000701000000| 98%| O|  |TS  0|AC  0|TAMS 0x0000000700ffc4f0, 0x0000000700ffc4f0|
|  16|0x0000000701000000, 0x0000000701100000, 0x0000000701100000|100%|HS|  |TS  0|AC  0|TAMS 0x0000000701100000, 0x0000000701100000|
|  17|0x0000000701100000, 0x00000007011fffe8, 0x0000000701200000| 99%| O|  |TS  0|AC  0|TAMS 0x00000007011fffe8, 0x00000007011fffe8|
|  18|0x0000000701200000, 0x00000007012ff638, 0x0000000701300000| 99%| O|  |TS  0|AC  0|TAMS 0x00000007012ff638, 0x00000007012ff638|
|  19|0x0000000701300000, 0x00000007013fffe0, 0x0000000701400000| 99%| O|  |TS  0|AC  0|TAMS 0x00000007013fffe0, 0x00000007013fffe0|
|  20|0x0000000701400000, 0x00000007014fff50, 0x0000000701500000| 99%| O|  |TS  0|AC  0|TAMS 0x00000007014fff50, 0x00000007014fff50|
|  21|0x0000000701500000, 0x00000007015fff50, 0x0000000701600000| 99%| O|  |TS  0|AC  0|TAMS 0x00000007015fff50, 0x00000007015fff50|
|  22|0x0000000701600000, 0x00000007016ffff0, 0x0000000701700000| 99%| O|  |TS  0|AC  0|TAMS 0x00000007016ffff0, 0x00000007016ffff0|
|  23|0x0000000701700000, 0x00000007017fffe8, 0x0000000701800000| 99%| O|  |TS  0|AC  0|TAMS 0x00000007017fffe8, 0x00000007017fffe8|
|  24|0x0000000701800000, 0x00000007018ff750, 0x0000000701900000| 99%| O|  |TS  0|AC  0|TAMS 0x00000007018ff750, 0x00000007018ff750|
|  25|0x0000000701900000, 0x0000000701a00000, 0x0000000701a00000|100%| O|  |TS  0|AC  0|TAMS 0x0000000701a00000, 0x0000000701a00000|
|  26|0x0000000701a00000, 0x0000000701affff8, 0x0000000701b00000| 99%| O|  |TS  0|AC  0|TAMS 0x0000000701affff8, 0x0000000701affff8|
|  27|0x0000000701b00000, 0x0000000701bfffe8, 0x0000000701c00000| 99%| O|  |TS  0|AC  0|TAMS 0x0000000701bfffe8, 0x0000000701bfffe8|
|  28|0x0000000701c00000, 0x0000000701d00000, 0x0000000701d00000|100%| O|  |TS  0|AC  0|TAMS 0x0000000701d00000, 0x0000000701d00000|
|  29|0x0000000701d00000, 0x0000000701dfdea0, 0x0000000701e00000| 99%| O|  |TS  0|AC  0|TAMS 0x0000000701dfdea0, 0x0000000701dfdea0|
|  30|0x0000000701e00000, 0x0000000701effff8, 0x0000000701f00000| 99%| O|  |TS  0|AC  0|TAMS 0x0000000701effff8, 0x0000000701effff8|
|  31|0x0000000701f00000, 0x0000000701fffff0, 0x0000000702000000| 99%| O|  |TS  0|AC  0|TAMS 0x0000000701fffff0, 0x0000000701fffff0|
|  32|0x0000000702000000, 0x0000000702100000, 0x0000000702100000|100%| O|  |TS  0|AC  0|TAMS 0x0000000702100000, 0x0000000702100000|
|  33|0x0000000702100000, 0x00000007021ffff0, 0x0000000702200000| 99%| O|  |TS  0|AC  0|TAMS 0x00000007021ffff0, 0x00000007021ffff0|
|  34|0x0000000702200000, 0x00000007022cf718, 0x0000000702300000| 81%| O|  |TS  0|AC  0|TAMS 0x00000007022cf718, 0x00000007022cf718|
|  35|0x0000000702300000, 0x00000007023fffe8, 0x0000000702400000| 99%| O|  |TS  0|AC  0|TAMS 0x00000007023fffe8, 0x00000007023fffe8|
|  36|0x0000000702400000, 0x00000007024ffff8, 0x0000000702500000| 99%| O|  |TS  0|AC  0|TAMS 0x00000007024ffff8, 0x00000007024ffff8|
|  37|0x0000000702500000, 0x00000007025ffff8, 0x0000000702600000| 99%| O|  |TS  0|AC  0|TAMS 0x00000007025ffff8, 0x00000007025ffff8|
|  38|0x0000000702600000, 0x0000000702700000, 0x0000000702700000|100%| O|  |TS  0|AC  0|TAMS 0x0000000702700000, 0x0000000702700000|
|  39|0x0000000702700000, 0x00000007027ffff0, 0x0000000702800000| 99%| O|  |TS  0|AC  0|TAMS 0x00000007027ffff0, 0x00000007027ffff0|
|  40|0x0000000702800000, 0x00000007028ffeb0, 0x0000000702900000| 99%| O|  |TS  0|AC  0|TAMS 0x00000007028ffeb0, 0x00000007028ffeb0|
|  41|0x0000000702900000, 0x00000007029ffff8, 0x0000000702a00000| 99%| O|  |TS  0|AC  0|TAMS 0x00000007029ffff8, 0x00000007029ffff8|
|  42|0x0000000702a00000, 0x0000000702affff8, 0x0000000702b00000| 99%| O|  |TS  0|AC  0|TAMS 0x0000000702affff8, 0x0000000702affff8|
|  43|0x0000000702b00000, 0x0000000702c00000, 0x0000000702c00000|100%| O|  |TS  0|AC  0|TAMS 0x0000000702c00000, 0x0000000702c00000|
|  44|0x0000000702c00000, 0x0000000702cfd050, 0x0000000702d00000| 98%| O|  |TS  0|AC  0|TAMS 0x0000000702cfd050, 0x0000000702cfd050|
|  45|0x0000000702d00000, 0x0000000702dffff0, 0x0000000702e00000| 99%| O|  |TS  0|AC  0|TAMS 0x0000000702dffff0, 0x0000000702dffff0|
|  46|0x0000000702e00000, 0x0000000702efffe8, 0x0000000702f00000| 99%| O|  |TS  0|AC  0|TAMS 0x0000000702efffe8, 0x0000000702efffe8|
|  47|0x0000000702f00000, 0x0000000702fffff0, 0x0000000703000000| 99%| O|  |TS  0|AC  0|TAMS 0x0000000702fffff0, 0x0000000702fffff0|
|  48|0x0000000703000000, 0x00000007030ffff0, 0x0000000703100000| 99%| O|  |TS  0|AC  0|TAMS 0x00000007030ffff0, 0x00000007030ffff0|
|  49|0x0000000703100000, 0x00000007031fe838, 0x0000000703200000| 99%| O|  |TS  0|AC  0|TAMS 0x00000007031fe838, 0x00000007031fe838|
|  50|0x0000000703200000, 0x00000007032ffff0, 0x0000000703300000| 99%| O|  |TS  0|AC  0|TAMS 0x00000007032ffff0, 0x00000007032ffff0|
|  51|0x0000000703300000, 0x00000007033ffff0, 0x0000000703400000| 99%| O|  |TS  0|AC  0|TAMS 0x00000007033ffff0, 0x00000007033ffff0|
|  52|0x0000000703400000, 0x00000007034fffd8, 0x0000000703500000| 99%| O|  |TS  0|AC  0|TAMS 0x00000007034fffd8, 0x00000007034fffd8|
|  53|0x0000000703500000, 0x00000007035ffff8, 0x0000000703600000| 99%| O|  |TS  0|AC  0|TAMS 0x00000007035ffff8, 0x00000007035ffff8|
|  54|0x0000000703600000, 0x00000007036ffff8, 0x0000000703700000| 99%| O|  |TS  0|AC  0|TAMS 0x00000007036ffff8, 0x00000007036ffff8|
|  55|0x0000000703700000, 0x00000007037ffff0, 0x0000000703800000| 99%| O|  |TS  0|AC  0|TAMS 0x00000007037ffff0, 0x00000007037ffff0|
|  56|0x0000000703800000, 0x00000007038ffff8, 0x0000000703900000| 99%| O|  |TS  0|AC  0|TAMS 0x00000007038ffff8, 0x00000007038ffff8|
|  57|0x0000000703900000, 0x00000007039ffff0, 0x0000000703a00000| 99%| O|  |TS  0|AC  0|TAMS 0x00000007039ffff0, 0x00000007039ffff0|
|  58|0x0000000703a00000, 0x0000000703affff8, 0x0000000703b00000| 99%| O|  |TS  0|AC  0|TAMS 0x0000000703affff8, 0x0000000703affff8|
|  59|0x0000000703b00000, 0x0000000703bffff8, 0x0000000703c00000| 99%| O|  |TS  0|AC  0|TAMS 0x0000000703bffff8, 0x0000000703bffff8|
|  60|0x0000000703c00000, 0x0000000703cffe38, 0x0000000703d00000| 99%| O|  |TS  0|AC  0|TAMS 0x0000000703cffe38, 0x0000000703cffe38|
|  61|0x0000000703d00000, 0x0000000703dffe88, 0x0000000703e00000| 99%| O|  |TS  0|AC  0|TAMS 0x0000000703dffe88, 0x0000000703dffe88|
|  62|0x0000000703e00000, 0x0000000703effff0, 0x0000000703f00000| 99%| O|  |TS  0|AC  0|TAMS 0x0000000703effff0, 0x0000000703effff0|
|  63|0x0000000703f00000, 0x0000000703fffff0, 0x0000000704000000| 99%| O|  |TS  0|AC  0|TAMS 0x0000000703fffff0, 0x0000000703fffff0|
|  64|0x0000000704000000, 0x00000007040ffff0, 0x0000000704100000| 99%| O|  |TS  0|AC  0|TAMS 0x00000007040ffff0, 0x00000007040ffff0|
|  65|0x0000000704100000, 0x00000007041ffe48, 0x0000000704200000| 99%| O|  |TS  0|AC  0|TAMS 0x00000007041ffe48, 0x00000007041ffe48|
|  66|0x0000000704200000, 0x00000007042fffe0, 0x0000000704300000| 99%| O|  |TS  0|AC  0|TAMS 0x00000007042fffe0, 0x00000007042fffe0|
|  67|0x0000000704300000, 0x00000007043ffff8, 0x0000000704400000| 99%| O|  |TS  0|AC  0|TAMS 0x00000007043ffff8, 0x00000007043ffff8|
|  68|0x0000000704400000, 0x00000007044ffe48, 0x0000000704500000| 99%| O|  |TS  0|AC  0|TAMS 0x00000007044ffe48, 0x00000007044ffe48|
|  69|0x0000000704500000, 0x00000007045fef98, 0x0000000704600000| 99%| O|  |TS  0|AC  0|TAMS 0x00000007045fef98, 0x00000007045fef98|
|  70|0x0000000704600000, 0x00000007046fffe8, 0x0000000704700000| 99%| O|  |TS  0|AC  0|TAMS 0x00000007046fffe8, 0x00000007046fffe8|
|  71|0x0000000704700000, 0x00000007047ffff8, 0x0000000704800000| 99%| O|  |TS  0|AC  0|TAMS 0x00000007047ffff8, 0x00000007047ffff8|
|  72|0x0000000704800000, 0x00000007048ffff0, 0x0000000704900000| 99%| O|  |TS  0|AC  0|TAMS 0x00000007048ffff0, 0x00000007048ffff0|
|  73|0x0000000704900000, 0x00000007049ffff0, 0x0000000704a00000| 99%| O|  |TS  0|AC  0|TAMS 0x00000007049ffff0, 0x00000007049ffff0|
|  74|0x0000000704a00000, 0x0000000704afffd0, 0x0000000704b00000| 99%| O|  |TS  0|AC  0|TAMS 0x0000000704afffd0, 0x0000000704afffd0|
|  75|0x0000000704b00000, 0x0000000704bfffe0, 0x0000000704c00000| 99%| O|  |TS  0|AC  0|TAMS 0x0000000704bfffe0, 0x0000000704bfffe0|
|  76|0x0000000704c00000, 0x0000000704cfffc0, 0x0000000704d00000| 99%| O|  |TS  0|AC  0|TAMS 0x0000000704cfffc0, 0x0000000704cfffc0|
|  77|0x0000000704d00000, 0x0000000704dfffe0, 0x0000000704e00000| 99%| O|  |TS  0|AC  0|TAMS 0x0000000704dfffe0, 0x0000000704dfffe0|
|  78|0x0000000704e00000, 0x0000000704effff8, 0x0000000704f00000| 99%| O|  |TS  0|AC  0|TAMS 0x0000000704effff8, 0x0000000704effff8|
|  79|0x0000000704f00000, 0x0000000705000000, 0x0000000705000000|100%| O|  |TS  0|AC  0|TAMS 0x0000000705000000, 0x0000000705000000|
|  80|0x0000000705000000, 0x00000007050ffff0, 0x0000000705100000| 99%| O|  |TS  0|AC  0|TAMS 0x00000007050ffff0, 0x00000007050ffff0|
|  81|0x0000000705100000, 0x00000007051fffe8, 0x0000000705200000| 99%| O|  |TS  0|AC  0|TAMS 0x00000007051fffe8, 0x00000007051fffe8|
|  82|0x0000000705200000, 0x00000007052fffc8, 0x0000000705300000| 99%| O|  |TS  0|AC  0|TAMS 0x00000007052fffc8, 0x00000007052fffc8|
|  83|0x0000000705300000, 0x00000007053ffff8, 0x0000000705400000| 99%| O|  |TS  0|AC  0|TAMS 0x00000007053ffff8, 0x00000007053ffff8|
|  84|0x0000000705400000, 0x00000007054ffff0, 0x0000000705500000| 99%| O|  |TS  0|AC  0|TAMS 0x00000007054ffff0, 0x00000007054ffff0|
|  85|0x0000000705500000, 0x0000000705600000, 0x0000000705600000|100%| O|  |TS  0|AC  0|TAMS 0x0000000705600000, 0x0000000705600000|
|  86|0x0000000705600000, 0x00000007056ffff8, 0x0000000705700000| 99%| O|  |TS  0|AC  0|TAMS 0x00000007056ffff8, 0x00000007056ffff8|
|  87|0x0000000705700000, 0x00000007057ffff8, 0x0000000705800000| 99%| O|  |TS  0|AC  0|TAMS 0x00000007057ffff8, 0x00000007057ffff8|
|  88|0x0000000705800000, 0x00000007058fffe8, 0x0000000705900000| 99%| O|  |TS  0|AC  0|TAMS 0x00000007058fffe8, 0x00000007058fffe8|
|  89|0x0000000705900000, 0x00000007059ffff8, 0x0000000705a00000| 99%| O|  |TS  0|AC  0|TAMS 0x00000007059ffff8, 0x00000007059ffff8|
|  90|0x0000000705a00000, 0x0000000705affff8, 0x0000000705b00000| 99%| O|  |TS  0|AC  0|TAMS 0x0000000705affff8, 0x0000000705affff8|
|  91|0x0000000705b00000, 0x0000000705bffff8, 0x0000000705c00000| 99%| O|  |TS  0|AC  0|TAMS 0x0000000705bffff8, 0x0000000705bffff8|
|  92|0x0000000705c00000, 0x0000000705d00000, 0x0000000705d00000|100%| O|  |TS  0|AC  0|TAMS 0x0000000705d00000, 0x0000000705d00000|
|  93|0x0000000705d00000, 0x0000000705dfffe8, 0x0000000705e00000| 99%| O|  |TS  0|AC  0|TAMS 0x0000000705dfffe8, 0x0000000705dfffe8|
|  94|0x0000000705e00000, 0x0000000705effff8, 0x0000000705f00000| 99%| O|  |TS  0|AC  0|TAMS 0x0000000705effff8, 0x0000000705effff8|
|  95|0x0000000705f00000, 0x0000000705ffffe0, 0x0000000706000000| 99%| O|  |TS  0|AC  0|TAMS 0x0000000705ffffe0, 0x0000000705ffffe0|
|  96|0x0000000706000000, 0x00000007060fff80, 0x0000000706100000| 99%| O|  |TS  0|AC  0|TAMS 0x00000007060fff80, 0x00000007060fff80|
|  97|0x0000000706100000, 0x00000007061ffff0, 0x0000000706200000| 99%| O|  |TS  0|AC  0|TAMS 0x00000007061ffff0, 0x00000007061ffff0|
|  98|0x0000000706200000, 0x00000007062ffff8, 0x0000000706300000| 99%| O|  |TS  0|AC  0|TAMS 0x00000007062ffff8, 0x00000007062ffff8|
|  99|0x0000000706300000, 0x00000007063fffe8, 0x0000000706400000| 99%| O|  |TS  0|AC  0|TAMS 0x00000007063fffe8, 0x00000007063fffe8|
| 100|0x0000000706400000, 0x0000000706500000, 0x0000000706500000|100%| O|  |TS  0|AC  0|TAMS 0x0000000706500000, 0x0000000706500000|
| 101|0x0000000706500000, 0x00000007065ffff8, 0x0000000706600000| 99%| O|  |TS  0|AC  0|TAMS 0x00000007065ffff8, 0x00000007065ffff8|
| 102|0x0000000706600000, 0x00000007066ffff0, 0x0000000706700000| 99%| O|  |TS  0|AC  0|TAMS 0x00000007066ffff0, 0x00000007066ffff0|
| 103|0x0000000706700000, 0x0000000706800000, 0x0000000706800000|100%| O|  |TS  0|AC  0|TAMS 0x0000000706800000, 0x0000000706800000|
| 104|0x0000000706800000, 0x00000007068ffff0, 0x0000000706900000| 99%| O|  |TS  0|AC  0|TAMS 0x00000007068ffff0, 0x00000007068ffff0|
| 105|0x0000000706900000, 0x00000007069fffe0, 0x0000000706a00000| 99%| O|  |TS  0|AC  0|TAMS 0x00000007069fffe0, 0x00000007069fffe0|
| 106|0x0000000706a00000, 0x0000000706affec8, 0x0000000706b00000| 99%| O|  |TS  0|AC  0|TAMS 0x0000000706affec8, 0x0000000706affec8|
| 107|0x0000000706b00000, 0x0000000706bfff78, 0x0000000706c00000| 99%| O|  |TS  0|AC  0|TAMS 0x0000000706bfff78, 0x0000000706bfff78|
| 108|0x0000000706c00000, 0x0000000706cfffa0, 0x0000000706d00000| 99%| O|  |TS  0|AC  0|TAMS 0x0000000706cfffa0, 0x0000000706cfffa0|
| 109|0x0000000706d00000, 0x0000000706dffff8, 0x0000000706e00000| 99%| O|  |TS  0|AC  0|TAMS 0x0000000706dffff8, 0x0000000706dffff8|
| 110|0x0000000706e00000, 0x0000000706efff58, 0x0000000706f00000| 99%| O|  |TS  0|AC  0|TAMS 0x0000000706efff58, 0x0000000706efff58|
| 111|0x0000000706f00000, 0x0000000707000000, 0x0000000707000000|100%| O|  |TS  0|AC  0|TAMS 0x0000000707000000, 0x0000000707000000|
| 112|0x0000000707000000, 0x00000007070ffff8, 0x0000000707100000| 99%| O|  |TS  0|AC  0|TAMS 0x00000007070ffff8, 0x00000007070ffff8|
| 113|0x0000000707100000, 0x0000000707193cd0, 0x0000000707200000| 57%| O|  |TS  0|AC  0|TAMS 0x0000000707193cd0, 0x0000000707193cd0|
| 114|0x0000000707200000, 0x0000000707300000, 0x0000000707300000|100%|HS|  |TS  0|AC  0|TAMS 0x0000000707300000, 0x0000000707300000|
| 115|0x0000000707300000, 0x0000000707400000, 0x0000000707400000|100%|HC|  |TS  0|AC  0|TAMS 0x0000000707400000, 0x0000000707400000|
| 116|0x0000000707400000, 0x0000000707500000, 0x0000000707500000|100%| O|  |TS 45|AC  0|TAMS 0x0000000707400000, 0x0000000707400000|
| 117|0x0000000707500000, 0x0000000707600000, 0x0000000707600000|100%| O|  |TS 61|AC  0|TAMS 0x0000000707500000, 0x0000000707500000|
| 118|0x0000000707600000, 0x000000070767d000, 0x0000000707700000| 48%| O|  |TS 89|AC  0|TAMS 0x0000000707600000, 0x0000000707600000|
| 119|0x0000000707700000, 0x0000000707700000, 0x0000000707800000|  0%| F|  |TS  0|AC  0|TAMS 0x0000000707700000, 0x0000000707700000|
| 120|0x0000000707800000, 0x0000000707800000, 0x0000000707900000|  0%| F|  |TS  0|AC  0|TAMS 0x0000000707800000, 0x0000000707800000|
| 121|0x0000000707900000, 0x0000000707900000, 0x0000000707a00000|  0%| F|  |TS  0|AC  0|TAMS 0x0000000707900000, 0x0000000707900000|
| 122|0x0000000707a00000, 0x0000000707b00000, 0x0000000707b00000|100%|HS|  |TS  0|AC  0|TAMS 0x0000000707b00000, 0x0000000707b00000|
| 123|0x0000000707b00000, 0x0000000707c00000, 0x0000000707c00000|100%|HC|  |TS  0|AC  0|TAMS 0x0000000707c00000, 0x0000000707c00000|
| 124|0x0000000707c00000, 0x0000000707c00000, 0x0000000707d00000|  0%| F|  |TS  0|AC  0|TAMS 0x0000000707c00000, 0x0000000707c00000|
| 125|0x0000000707d00000, 0x0000000707d00000, 0x0000000707e00000|  0%| F|  |TS  0|AC  0|TAMS 0x0000000707d00000, 0x0000000707d00000|
| 126|0x0000000707e00000, 0x0000000707e00000, 0x0000000707f00000|  0%| F|  |TS  0|AC  0|TAMS 0x0000000707e00000, 0x0000000707e00000|
| 127|0x0000000707f00000, 0x0000000707f00000, 0x0000000708000000|  0%| F|  |TS  0|AC  0|TAMS 0x0000000707f00000, 0x0000000707f00000|
| 128|0x0000000708000000, 0x0000000708000000, 0x0000000708100000|  0%| F|  |TS  0|AC  0|TAMS 0x0000000708000000, 0x0000000708000000|
| 129|0x0000000708100000, 0x0000000708100000, 0x0000000708200000|  0%| F|  |TS  0|AC  0|TAMS 0x0000000708100000, 0x0000000708100000|
| 130|0x0000000708200000, 0x0000000708200000, 0x0000000708300000|  0%| F|  |TS  0|AC  0|TAMS 0x0000000708200000, 0x0000000708200000|
| 131|0x0000000708300000, 0x0000000708300000, 0x0000000708400000|  0%| F|  |TS  0|AC  0|TAMS 0x0000000708300000, 0x0000000708300000|
| 132|0x0000000708400000, 0x0000000708400000, 0x0000000708500000|  0%| F|  |TS  0|AC  0|TAMS 0x0000000708400000, 0x0000000708400000|
| 133|0x0000000708500000, 0x0000000708500000, 0x0000000708600000|  0%| F|  |TS  0|AC  0|TAMS 0x0000000708500000, 0x0000000708500000|
| 134|0x0000000708600000, 0x0000000708600000, 0x0000000708700000|  0%| F|  |TS  0|AC  0|TAMS 0x0000000708600000, 0x0000000708600000|
| 135|0x0000000708700000, 0x0000000708800000, 0x0000000708800000|100%|HS|  |TS  0|AC  0|TAMS 0x0000000708800000, 0x0000000708800000|
| 136|0x0000000708800000, 0x0000000708800000, 0x0000000708900000|  0%| F|  |TS  0|AC  0|TAMS 0x0000000708800000, 0x0000000708800000|
| 137|0x0000000708900000, 0x0000000708a00000, 0x0000000708a00000|100%|HS|  |TS  0|AC  0|TAMS 0x0000000708a00000, 0x0000000708a00000|
| 138|0x0000000708a00000, 0x0000000708b00000, 0x0000000708b00000|100%|HC|  |TS  0|AC  0|TAMS 0x0000000708b00000, 0x0000000708b00000|
| 139|0x0000000708b00000, 0x0000000708c00000, 0x0000000708c00000|100%|HC|  |TS  0|AC  0|TAMS 0x0000000708c00000, 0x0000000708c00000|
| 140|0x0000000708c00000, 0x0000000708d00000, 0x0000000708d00000|100%|HC|  |TS  0|AC  0|TAMS 0x0000000708d00000, 0x0000000708d00000|
| 141|0x0000000708d00000, 0x0000000708e00000, 0x0000000708e00000|100%|HC|  |TS  0|AC  0|TAMS 0x0000000708e00000, 0x0000000708e00000|
| 142|0x0000000708e00000, 0x0000000708f00000, 0x0000000708f00000|100%|HC|  |TS  0|AC  0|TAMS 0x0000000708f00000, 0x0000000708f00000|
| 143|0x0000000708f00000, 0x0000000709000000, 0x0000000709000000|100%|HC|  |TS  0|AC  0|TAMS 0x0000000709000000, 0x0000000709000000|
| 144|0x0000000709000000, 0x0000000709100000, 0x0000000709100000|100%|HC|  |TS  0|AC  0|TAMS 0x0000000709100000, 0x0000000709100000|
| 145|0x0000000709100000, 0x0000000709100000, 0x0000000709200000|  0%| F|  |TS  0|AC  0|TAMS 0x0000000709100000, 0x0000000709100000|
| 146|0x0000000709200000, 0x0000000709200000, 0x0000000709300000|  0%| F|  |TS  0|AC  0|TAMS 0x0000000709200000, 0x0000000709200000|
| 147|0x0000000709300000, 0x0000000709300000, 0x0000000709400000|  0%| F|  |TS  0|AC  0|TAMS 0x0000000709300000, 0x0000000709300000|
| 148|0x0000000709400000, 0x0000000709400000, 0x0000000709500000|  0%| F|  |TS  0|AC  0|TAMS 0x0000000709400000, 0x0000000709400000|
| 149|0x0000000709500000, 0x0000000709500000, 0x0000000709600000|  0%| F|  |TS  0|AC  0|TAMS 0x0000000709500000, 0x0000000709500000|
| 150|0x0000000709600000, 0x0000000709600000, 0x0000000709700000|  0%| F|  |TS  0|AC  0|TAMS 0x0000000709600000, 0x0000000709600000|
| 151|0x0000000709700000, 0x0000000709700000, 0x0000000709800000|  0%| F|  |TS  0|AC  0|TAMS 0x0000000709700000, 0x0000000709700000|
| 152|0x0000000709800000, 0x0000000709800000, 0x0000000709900000|  0%| F|  |TS  0|AC  0|TAMS 0x0000000709800000, 0x0000000709800000|
| 153|0x0000000709900000, 0x0000000709900000, 0x0000000709a00000|  0%| F|  |TS  0|AC  0|TAMS 0x0000000709900000, 0x0000000709900000|
| 154|0x0000000709a00000, 0x0000000709a00000, 0x0000000709b00000|  0%| F|  |TS  0|AC  0|TAMS 0x0000000709a00000, 0x0000000709a00000|
| 155|0x0000000709b00000, 0x0000000709b00000, 0x0000000709c00000|  0%| F|  |TS  0|AC  0|TAMS 0x0000000709b00000, 0x0000000709b00000|
| 156|0x0000000709c00000, 0x0000000709c00000, 0x0000000709d00000|  0%| F|  |TS  0|AC  0|TAMS 0x0000000709c00000, 0x0000000709c00000|
| 157|0x0000000709d00000, 0x0000000709d00000, 0x0000000709e00000|  0%| F|  |TS  0|AC  0|TAMS 0x0000000709d00000, 0x0000000709d00000|
| 158|0x0000000709e00000, 0x0000000709e00000, 0x0000000709f00000|  0%| F|  |TS  0|AC  0|TAMS 0x0000000709e00000, 0x0000000709e00000|
| 159|0x0000000709f00000, 0x0000000709f00000, 0x000000070a000000|  0%| F|  |TS  0|AC  0|TAMS 0x0000000709f00000, 0x0000000709f00000|
| 160|0x000000070a000000, 0x000000070a000000, 0x000000070a100000|  0%| F|  |TS  0|AC  0|TAMS 0x000000070a000000, 0x000000070a000000|
| 161|0x000000070a100000, 0x000000070a100000, 0x000000070a200000|  0%| F|  |TS  0|AC  0|TAMS 0x000000070a100000, 0x000000070a100000|
| 162|0x000000070a200000, 0x000000070a200000, 0x000000070a300000|  0%| F|  |TS  0|AC  0|TAMS 0x000000070a200000, 0x000000070a200000|
| 163|0x000000070a300000, 0x000000070a300000, 0x000000070a400000|  0%| F|  |TS  0|AC  0|TAMS 0x000000070a300000, 0x000000070a300000|
| 164|0x000000070a400000, 0x000000070a400000, 0x000000070a500000|  0%| F|  |TS  0|AC  0|TAMS 0x000000070a400000, 0x000000070a400000|
| 165|0x000000070a500000, 0x000000070a500000, 0x000000070a600000|  0%| F|  |TS  0|AC  0|TAMS 0x000000070a500000, 0x000000070a500000|
| 166|0x000000070a600000, 0x000000070a600000, 0x000000070a700000|  0%| F|  |TS  0|AC  0|TAMS 0x000000070a600000, 0x000000070a600000|
| 167|0x000000070a700000, 0x000000070a700000, 0x000000070a800000|  0%| F|  |TS  0|AC  0|TAMS 0x000000070a700000, 0x000000070a700000|
| 168|0x000000070a800000, 0x000000070a800000, 0x000000070a900000|  0%| F|  |TS  0|AC  0|TAMS 0x000000070a800000, 0x000000070a800000|
| 169|0x000000070a900000, 0x000000070a900000, 0x000000070aa00000|  0%| F|  |TS  0|AC  0|TAMS 0x000000070a900000, 0x000000070a900000|
| 170|0x000000070aa00000, 0x000000070aa00000, 0x000000070ab00000|  0%| F|  |TS  0|AC  0|TAMS 0x000000070aa00000, 0x000000070aa00000|
| 171|0x000000070ab00000, 0x000000070ab00000, 0x000000070ac00000|  0%| F|  |TS  0|AC  0|TAMS 0x000000070ab00000, 0x000000070ab00000|
| 172|0x000000070ac00000, 0x000000070ac00000, 0x000000070ad00000|  0%| F|  |TS  0|AC  0|TAMS 0x000000070ac00000, 0x000000070ac00000|
| 173|0x000000070ad00000, 0x000000070ad00000, 0x000000070ae00000|  0%| F|  |TS  0|AC  0|TAMS 0x000000070ad00000, 0x000000070ad00000|
| 174|0x000000070ae00000, 0x000000070ae00000, 0x000000070af00000|  0%| F|  |TS  0|AC  0|TAMS 0x000000070ae00000, 0x000000070ae00000|
| 175|0x000000070af00000, 0x000000070af00000, 0x000000070b000000|  0%| F|  |TS  0|AC  0|TAMS 0x000000070af00000, 0x000000070af00000|
| 176|0x000000070b000000, 0x000000070b000000, 0x000000070b100000|  0%| F|  |TS  0|AC  0|TAMS 0x000000070b000000, 0x000000070b000000|
| 177|0x000000070b100000, 0x000000070b100000, 0x000000070b200000|  0%| F|  |TS  0|AC  0|TAMS 0x000000070b100000, 0x000000070b100000|
| 178|0x000000070b200000, 0x000000070b200000, 0x000000070b300000|  0%| F|  |TS  0|AC  0|TAMS 0x000000070b200000, 0x000000070b200000|
| 179|0x000000070b300000, 0x000000070b300000, 0x000000070b400000|  0%| F|  |TS  0|AC  0|TAMS 0x000000070b300000, 0x000000070b300000|
| 180|0x000000070b400000, 0x000000070b400000, 0x000000070b500000|  0%| F|  |TS  0|AC  0|TAMS 0x000000070b400000, 0x000000070b400000|
| 181|0x000000070b500000, 0x000000070b500000, 0x000000070b600000|  0%| F|  |TS  0|AC  0|TAMS 0x000000070b500000, 0x000000070b500000|
| 182|0x000000070b600000, 0x000000070b600000, 0x000000070b700000|  0%| F|  |TS  0|AC  0|TAMS 0x000000070b600000, 0x000000070b600000|
| 183|0x000000070b700000, 0x000000070b700000, 0x000000070b800000|  0%| F|  |TS  0|AC  0|TAMS 0x000000070b700000, 0x000000070b700000|
| 184|0x000000070b800000, 0x000000070b800000, 0x000000070b900000|  0%| F|  |TS  0|AC  0|TAMS 0x000000070b800000, 0x000000070b800000|
| 185|0x000000070b900000, 0x000000070b900000, 0x000000070ba00000|  0%| F|  |TS  0|AC  0|TAMS 0x000000070b900000, 0x000000070b900000|
| 186|0x000000070ba00000, 0x000000070ba00000, 0x000000070bb00000|  0%| F|  |TS  0|AC  0|TAMS 0x000000070ba00000, 0x000000070ba00000|
| 187|0x000000070bb00000, 0x000000070bb00000, 0x000000070bc00000|  0%| F|  |TS  0|AC  0|TAMS 0x000000070bb00000, 0x000000070bb00000|
| 188|0x000000070bc00000, 0x000000070bc00000, 0x000000070bd00000|  0%| F|  |TS  0|AC  0|TAMS 0x000000070bc00000, 0x000000070bc00000|
| 189|0x000000070bd00000, 0x000000070bd00000, 0x000000070be00000|  0%| F|  |TS  0|AC  0|TAMS 0x000000070bd00000, 0x000000070bd00000|
| 190|0x000000070be00000, 0x000000070be00000, 0x000000070bf00000|  0%| F|  |TS  0|AC  0|TAMS 0x000000070be00000, 0x000000070be00000|
| 191|0x000000070bf00000, 0x000000070bf00000, 0x000000070c000000|  0%| F|  |TS  0|AC  0|TAMS 0x000000070bf00000, 0x000000070bf00000|
| 192|0x000000070c000000, 0x000000070c000000, 0x000000070c100000|  0%| F|  |TS  0|AC  0|TAMS 0x000000070c000000, 0x000000070c000000|
| 193|0x000000070c100000, 0x000000070c100000, 0x000000070c200000|  0%| F|  |TS  0|AC  0|TAMS 0x000000070c100000, 0x000000070c100000|
| 194|0x000000070c200000, 0x000000070c200000, 0x000000070c300000|  0%| F|  |TS  0|AC  0|TAMS 0x000000070c200000, 0x000000070c200000|
| 195|0x000000070c300000, 0x000000070c300000, 0x000000070c400000|  0%| F|  |TS  0|AC  0|TAMS 0x000000070c300000, 0x000000070c300000|
| 196|0x000000070c400000, 0x000000070c400000, 0x000000070c500000|  0%| F|  |TS  0|AC  0|TAMS 0x000000070c400000, 0x000000070c400000|
| 197|0x000000070c500000, 0x000000070c500000, 0x000000070c600000|  0%| F|  |TS  0|AC  0|TAMS 0x000000070c500000, 0x000000070c500000|
| 198|0x000000070c600000, 0x000000070c600000, 0x000000070c700000|  0%| F|  |TS  0|AC  0|TAMS 0x000000070c600000, 0x000000070c600000|
| 199|0x000000070c700000, 0x000000070c700000, 0x000000070c800000|  0%| F|  |TS  0|AC  0|TAMS 0x000000070c700000, 0x000000070c700000|
| 200|0x000000070c800000, 0x000000070c800000, 0x000000070c900000|  0%| F|  |TS  0|AC  0|TAMS 0x000000070c800000, 0x000000070c800000|
| 201|0x000000070c900000, 0x000000070c900000, 0x000000070ca00000|  0%| F|  |TS  0|AC  0|TAMS 0x000000070c900000, 0x000000070c900000|
| 202|0x000000070ca00000, 0x000000070ca00000, 0x000000070cb00000|  0%| F|  |TS  0|AC  0|TAMS 0x000000070ca00000, 0x000000070ca00000|
| 203|0x000000070cb00000, 0x000000070cb00000, 0x000000070cc00000|  0%| F|  |TS  0|AC  0|TAMS 0x000000070cb00000, 0x000000070cb00000|
| 204|0x000000070cc00000, 0x000000070cc00000, 0x000000070cd00000|  0%| F|  |TS  0|AC  0|TAMS 0x000000070cc00000, 0x000000070cc00000|
| 205|0x000000070cd00000, 0x000000070cd00000, 0x000000070ce00000|  0%| F|  |TS  0|AC  0|TAMS 0x000000070cd00000, 0x000000070cd00000|
| 206|0x000000070ce00000, 0x000000070ce00000, 0x000000070cf00000|  0%| F|  |TS  0|AC  0|TAMS 0x000000070ce00000, 0x000000070ce00000|
| 207|0x000000070cf00000, 0x000000070cf00000, 0x000000070d000000|  0%| F|  |TS  1|AC  0|TAMS 0x000000070cf00000, 0x000000070cf00000|
| 208|0x000000070d000000, 0x000000070d000000, 0x000000070d100000|  0%| F|  |TS  1|AC  0|TAMS 0x000000070d000000, 0x000000070d000000|
| 209|0x000000070d100000, 0x000000070d100000, 0x000000070d200000|  0%| F|  |TS  0|AC  0|TAMS 0x000000070d100000, 0x000000070d100000|
| 210|0x000000070d200000, 0x000000070d200000, 0x000000070d300000|  0%| F|  |TS  0|AC  0|TAMS 0x000000070d200000, 0x000000070d200000|
| 211|0x000000070d300000, 0x000000070d300000, 0x000000070d400000|  0%| F|  |TS  0|AC  0|TAMS 0x000000070d300000, 0x000000070d300000|
| 212|0x000000070d400000, 0x000000070d400000, 0x000000070d500000|  0%| F|  |TS  0|AC  0|TAMS 0x000000070d400000, 0x000000070d400000|
| 213|0x000000070d500000, 0x000000070d500000, 0x000000070d600000|  0%| F|  |TS  0|AC  0|TAMS 0x000000070d500000, 0x000000070d500000|
| 214|0x000000070d600000, 0x000000070d600000, 0x000000070d700000|  0%| F|  |TS  0|AC  0|TAMS 0x000000070d600000, 0x000000070d600000|
| 215|0x000000070d700000, 0x000000070d700000, 0x000000070d800000|  0%| F|  |TS  0|AC  0|TAMS 0x000000070d700000, 0x000000070d700000|
| 216|0x000000070d800000, 0x000000070d800000, 0x000000070d900000|  0%| F|  |TS  0|AC  0|TAMS 0x000000070d800000, 0x000000070d800000|
| 217|0x000000070d900000, 0x000000070d900000, 0x000000070da00000|  0%| F|  |TS  0|AC  0|TAMS 0x000000070d900000, 0x000000070d900000|
| 218|0x000000070da00000, 0x000000070da00000, 0x000000070db00000|  0%| F|  |TS  0|AC  0|TAMS 0x000000070da00000, 0x000000070da00000|
| 219|0x000000070db00000, 0x000000070db00000, 0x000000070dc00000|  0%| F|  |TS  0|AC  0|TAMS 0x000000070db00000, 0x000000070db00000|
| 220|0x000000070dc00000, 0x000000070dc00000, 0x000000070dd00000|  0%| F|  |TS  0|AC  0|TAMS 0x000000070dc00000, 0x000000070dc00000|
| 221|0x000000070dd00000, 0x000000070dd00000, 0x000000070de00000|  0%| F|  |TS  0|AC  0|TAMS 0x000000070dd00000, 0x000000070dd00000|
| 222|0x000000070de00000, 0x000000070de00000, 0x000000070df00000|  0%| F|  |TS  0|AC  0|TAMS 0x000000070de00000, 0x000000070de00000|
| 223|0x000000070df00000, 0x000000070df00000, 0x000000070e000000|  0%| F|  |TS  0|AC  0|TAMS 0x000000070df00000, 0x000000070df00000|
| 224|0x000000070e000000, 0x000000070e000000, 0x000000070e100000|  0%| F|  |TS  0|AC  0|TAMS 0x000000070e000000, 0x000000070e000000|
| 225|0x000000070e100000, 0x000000070e100000, 0x000000070e200000|  0%| F|  |TS  0|AC  0|TAMS 0x000000070e100000, 0x000000070e100000|
| 226|0x000000070e200000, 0x000000070e200000, 0x000000070e300000|  0%| F|  |TS  0|AC  0|TAMS 0x000000070e200000, 0x000000070e200000|
| 227|0x000000070e300000, 0x000000070e300000, 0x000000070e400000|  0%| F|  |TS  0|AC  0|TAMS 0x000000070e300000, 0x000000070e300000|
| 228|0x000000070e400000, 0x000000070e400000, 0x000000070e500000|  0%| F|  |TS  0|AC  0|TAMS 0x000000070e400000, 0x000000070e400000|
| 229|0x000000070e500000, 0x000000070e500000, 0x000000070e600000|  0%| F|  |TS  0|AC  0|TAMS 0x000000070e500000, 0x000000070e500000|
| 230|0x000000070e600000, 0x000000070e600000, 0x000000070e700000|  0%| F|  |TS  0|AC  0|TAMS 0x000000070e600000, 0x000000070e600000|
| 231|0x000000070e700000, 0x000000070e700000, 0x000000070e800000|  0%| F|  |TS  0|AC  0|TAMS 0x000000070e700000, 0x000000070e700000|
| 232|0x000000070e800000, 0x000000070e800000, 0x000000070e900000|  0%| F|  |TS  0|AC  0|TAMS 0x000000070e800000, 0x000000070e800000|
| 233|0x000000070e900000, 0x000000070e900000, 0x000000070ea00000|  0%| F|  |TS  0|AC  0|TAMS 0x000000070e900000, 0x000000070e900000|
| 234|0x000000070ea00000, 0x000000070ea00000, 0x000000070eb00000|  0%| F|  |TS  0|AC  0|TAMS 0x000000070ea00000, 0x000000070ea00000|
| 235|0x000000070eb00000, 0x000000070eb00000, 0x000000070ec00000|  0%| F|  |TS  0|AC  0|TAMS 0x000000070eb00000, 0x000000070eb00000|
| 236|0x000000070ec00000, 0x000000070ec00000, 0x000000070ed00000|  0%| F|  |TS  0|AC  0|TAMS 0x000000070ec00000, 0x000000070ec00000|
| 237|0x000000070ed00000, 0x000000070ed00000, 0x000000070ee00000|  0%| F|  |TS  0|AC  0|TAMS 0x000000070ed00000, 0x000000070ed00000|
| 238|0x000000070ee00000, 0x000000070ee00000, 0x000000070ef00000|  0%| F|  |TS  0|AC  0|TAMS 0x000000070ee00000, 0x000000070ee00000|
| 239|0x000000070ef00000, 0x000000070ef00000, 0x000000070f000000|  0%| F|  |TS  0|AC  0|TAMS 0x000000070ef00000, 0x000000070ef00000|
| 240|0x000000070f000000, 0x000000070f000000, 0x000000070f100000|  0%| F|  |TS  0|AC  0|TAMS 0x000000070f000000, 0x000000070f000000|
| 241|0x000000070f100000, 0x000000070f100000, 0x000000070f200000|  0%| F|  |TS  0|AC  0|TAMS 0x000000070f100000, 0x000000070f100000|
| 242|0x000000070f200000, 0x000000070f200000, 0x000000070f300000|  0%| F|  |TS  0|AC  0|TAMS 0x000000070f200000, 0x000000070f200000|
| 243|0x000000070f300000, 0x000000070f300000, 0x000000070f400000|  0%| F|  |TS  0|AC  0|TAMS 0x000000070f300000, 0x000000070f300000|
| 244|0x000000070f400000, 0x000000070f400000, 0x000000070f500000|  0%| F|  |TS  0|AC  0|TAMS 0x000000070f400000, 0x000000070f400000|
| 245|0x000000070f500000, 0x000000070f500000, 0x000000070f600000|  0%| F|  |TS  0|AC  0|TAMS 0x000000070f500000, 0x000000070f500000|
| 246|0x000000070f600000, 0x000000070f600000, 0x000000070f700000|  0%| F|  |TS  0|AC  0|TAMS 0x000000070f600000, 0x000000070f600000|
| 247|0x000000070f700000, 0x000000070f700000, 0x000000070f800000|  0%| F|  |TS  0|AC  0|TAMS 0x000000070f700000, 0x000000070f700000|
| 248|0x000000070f800000, 0x000000070f800000, 0x000000070f900000|  0%| F|  |TS  0|AC  0|TAMS 0x000000070f800000, 0x000000070f800000|
| 249|0x000000070f900000, 0x000000070f900000, 0x000000070fa00000|  0%| F|  |TS  0|AC  0|TAMS 0x000000070f900000, 0x000000070f900000|
| 250|0x000000070fa00000, 0x000000070fa00000, 0x000000070fb00000|  0%| F|  |TS  0|AC  0|TAMS 0x000000070fa00000, 0x000000070fa00000|
| 251|0x000000070fb00000, 0x000000070fb00000, 0x000000070fc00000|  0%| F|  |TS  0|AC  0|TAMS 0x000000070fb00000, 0x000000070fb00000|
| 252|0x000000070fc00000, 0x000000070fc00000, 0x000000070fd00000|  0%| F|  |TS  0|AC  0|TAMS 0x000000070fc00000, 0x000000070fc00000|
| 253|0x000000070fd00000, 0x000000070fd00000, 0x000000070fe00000|  0%| F|  |TS  0|AC  0|TAMS 0x000000070fd00000, 0x000000070fd00000|
| 254|0x000000070fe00000, 0x000000070fe00000, 0x000000070ff00000|  0%| F|  |TS  0|AC  0|TAMS 0x000000070fe00000, 0x000000070fe00000|
| 255|0x000000070ff00000, 0x000000070ff00000, 0x0000000710000000|  0%| F|  |TS  0|AC  0|TAMS 0x000000070ff00000, 0x000000070ff00000|
| 256|0x0000000710000000, 0x0000000710000000, 0x0000000710100000|  0%| F|  |TS  0|AC  0|TAMS 0x0000000710000000, 0x0000000710000000|
| 257|0x0000000710100000, 0x0000000710100000, 0x0000000710200000|  0%| F|  |TS  0|AC  0|TAMS 0x0000000710100000, 0x0000000710100000|
| 258|0x0000000710200000, 0x0000000710200000, 0x0000000710300000|  0%| F|  |TS  0|AC  0|TAMS 0x0000000710200000, 0x0000000710200000|
| 259|0x0000000710300000, 0x0000000710300000, 0x0000000710400000|  0%| F|  |TS 33|AC  0|TAMS 0x0000000710300000, 0x0000000710300000|
| 260|0x0000000710400000, 0x0000000710400000, 0x0000000710500000|  0%| F|  |TS 45|AC  0|TAMS 0x0000000710400000, 0x0000000710400000|
| 261|0x0000000710500000, 0x0000000710500000, 0x0000000710600000|  0%| F|  |TS 89|AC  0|TAMS 0x0000000710500000, 0x0000000710500000|
| 262|0x0000000710600000, 0x0000000710600000, 0x0000000710700000|  0%| F|  |TS 89|AC  0|TAMS 0x0000000710600000, 0x0000000710600000|
| 263|0x0000000710700000, 0x000000071076cd80, 0x0000000710800000| 42%| S|CS|TS 89|AC  0|TAMS 0x0000000710700000, 0x0000000710700000|
| 264|0x0000000710800000, 0x0000000710900000, 0x0000000710900000|100%| S|CS|TS 89|AC  0|TAMS 0x0000000710800000, 0x0000000710800000|
| 265|0x0000000710900000, 0x0000000710900000, 0x0000000710a00000|  0%| F|  |TS 89|AC  0|TAMS 0x0000000710900000, 0x0000000710900000|
| 266|0x0000000710a00000, 0x0000000710a00000, 0x0000000710b00000|  0%| F|  |TS 89|AC  0|TAMS 0x0000000710a00000, 0x0000000710a00000|
| 267|0x0000000710b00000, 0x0000000710b00000, 0x0000000710c00000|  0%| F|  |TS 89|AC  0|TAMS 0x0000000710b00000, 0x0000000710b00000|
| 268|0x0000000710c00000, 0x0000000710c00000, 0x0000000710d00000|  0%| F|  |TS 89|AC  0|TAMS 0x0000000710c00000, 0x0000000710c00000|
| 269|0x0000000710d00000, 0x0000000710d00000, 0x0000000710e00000|  0%| F|  |TS 89|AC  0|TAMS 0x0000000710d00000, 0x0000000710d00000|
| 270|0x0000000710e00000, 0x0000000710e00000, 0x0000000710f00000|  0%| F|  |TS 89|AC  0|TAMS 0x0000000710e00000, 0x0000000710e00000|
| 271|0x0000000710f00000, 0x0000000710f00000, 0x0000000711000000|  0%| F|  |TS 89|AC  0|TAMS 0x0000000710f00000, 0x0000000710f00000|
| 272|0x0000000711000000, 0x0000000711000000, 0x0000000711100000|  0%| F|  |TS 89|AC  0|TAMS 0x0000000711000000, 0x0000000711000000|
| 273|0x0000000711100000, 0x0000000711100000, 0x0000000711200000|  0%| F|  |TS 89|AC  0|TAMS 0x0000000711100000, 0x0000000711100000|
| 274|0x0000000711200000, 0x0000000711200000, 0x0000000711300000|  0%| F|  |TS 89|AC  0|TAMS 0x0000000711200000, 0x0000000711200000|
| 275|0x0000000711300000, 0x0000000711300000, 0x0000000711400000|  0%| F|  |TS 89|AC  0|TAMS 0x0000000711300000, 0x0000000711300000|
| 276|0x0000000711400000, 0x0000000711400000, 0x0000000711500000|  0%| F|  |TS 89|AC  0|TAMS 0x0000000711400000, 0x0000000711400000|
| 277|0x0000000711500000, 0x0000000711500000, 0x0000000711600000|  0%| F|  |TS 89|AC  0|TAMS 0x0000000711500000, 0x0000000711500000|
| 278|0x0000000711600000, 0x0000000711600000, 0x0000000711700000|  0%| F|  |TS 89|AC  0|TAMS 0x0000000711600000, 0x0000000711600000|
| 279|0x0000000711700000, 0x0000000711700000, 0x0000000711800000|  0%| F|  |TS 89|AC  0|TAMS 0x0000000711700000, 0x0000000711700000|
| 280|0x0000000711800000, 0x0000000711800000, 0x0000000711900000|  0%| F|  |TS 89|AC  0|TAMS 0x0000000711800000, 0x0000000711800000|
| 281|0x0000000711900000, 0x0000000711900000, 0x0000000711a00000|  0%| F|  |TS 89|AC  0|TAMS 0x0000000711900000, 0x0000000711900000|
| 282|0x0000000711a00000, 0x0000000711a00000, 0x0000000711b00000|  0%| F|  |TS 89|AC  0|TAMS 0x0000000711a00000, 0x0000000711a00000|
| 283|0x0000000711b00000, 0x0000000711b00000, 0x0000000711c00000|  0%| F|  |TS 89|AC  0|TAMS 0x0000000711b00000, 0x0000000711b00000|
| 284|0x0000000711c00000, 0x0000000711c00000, 0x0000000711d00000|  0%| F|  |TS 89|AC  0|TAMS 0x0000000711c00000, 0x0000000711c00000|
| 285|0x0000000711d00000, 0x0000000711d00000, 0x0000000711e00000|  0%| F|  |TS 89|AC  0|TAMS 0x0000000711d00000, 0x0000000711d00000|
| 286|0x0000000711e00000, 0x0000000711e00000, 0x0000000711f00000|  0%| F|  |TS 89|AC  0|TAMS 0x0000000711e00000, 0x0000000711e00000|
| 287|0x0000000711f00000, 0x0000000711f00000, 0x0000000712000000|  0%| F|  |TS 89|AC  0|TAMS 0x0000000711f00000, 0x0000000711f00000|
| 288|0x0000000712000000, 0x0000000712000000, 0x0000000712100000|  0%| F|  |TS 89|AC  0|TAMS 0x0000000712000000, 0x0000000712000000|
| 289|0x0000000712100000, 0x0000000712100000, 0x0000000712200000|  0%| F|  |TS 89|AC  0|TAMS 0x0000000712100000, 0x0000000712100000|
| 290|0x0000000712200000, 0x0000000712200000, 0x0000000712300000|  0%| F|  |TS 89|AC  0|TAMS 0x0000000712200000, 0x0000000712200000|
| 291|0x0000000712300000, 0x0000000712300000, 0x0000000712400000|  0%| F|  |TS 89|AC  0|TAMS 0x0000000712300000, 0x0000000712300000|
| 292|0x0000000712400000, 0x0000000712400000, 0x0000000712500000|  0%| F|  |TS 89|AC  0|TAMS 0x0000000712400000, 0x0000000712400000|
| 293|0x0000000712500000, 0x0000000712500000, 0x0000000712600000|  0%| F|  |TS 89|AC  0|TAMS 0x0000000712500000, 0x0000000712500000|
| 294|0x0000000712600000, 0x0000000712600000, 0x0000000712700000|  0%| F|  |TS 89|AC  0|TAMS 0x0000000712600000, 0x0000000712600000|
| 295|0x0000000712700000, 0x0000000712700000, 0x0000000712800000|  0%| F|  |TS 89|AC  0|TAMS 0x0000000712700000, 0x0000000712700000|
| 296|0x0000000712800000, 0x0000000712800000, 0x0000000712900000|  0%| F|  |TS 89|AC  0|TAMS 0x0000000712800000, 0x0000000712800000|
| 297|0x0000000712900000, 0x0000000712900000, 0x0000000712a00000|  0%| F|  |TS 89|AC  0|TAMS 0x0000000712900000, 0x0000000712900000|
| 298|0x0000000712a00000, 0x0000000712a00000, 0x0000000712b00000|  0%| F|  |TS 89|AC  0|TAMS 0x0000000712a00000, 0x0000000712a00000|
| 299|0x0000000712b00000, 0x0000000712b00000, 0x0000000712c00000|  0%| F|  |TS 89|AC  0|TAMS 0x0000000712b00000, 0x0000000712b00000|
| 300|0x0000000712c00000, 0x0000000712c00000, 0x0000000712d00000|  0%| F|  |TS 89|AC  0|TAMS 0x0000000712c00000, 0x0000000712c00000|
| 301|0x0000000712d00000, 0x0000000712d00000, 0x0000000712e00000|  0%| F|  |TS 89|AC  0|TAMS 0x0000000712d00000, 0x0000000712d00000|
| 302|0x0000000712e00000, 0x0000000712e00000, 0x0000000712f00000|  0%| F|  |TS 89|AC  0|TAMS 0x0000000712e00000, 0x0000000712e00000|
| 303|0x0000000712f00000, 0x0000000712f00000, 0x0000000713000000|  0%| F|  |TS 89|AC  0|TAMS 0x0000000712f00000, 0x0000000712f00000|
| 304|0x0000000713000000, 0x0000000713000000, 0x0000000713100000|  0%| F|  |TS 89|AC  0|TAMS 0x0000000713000000, 0x0000000713000000|
| 305|0x0000000713100000, 0x0000000713100000, 0x0000000713200000|  0%| F|  |TS 89|AC  0|TAMS 0x0000000713100000, 0x0000000713100000|
| 306|0x0000000713200000, 0x0000000713200000, 0x0000000713300000|  0%| F|  |TS 89|AC  0|TAMS 0x0000000713200000, 0x0000000713200000|
| 307|0x0000000713300000, 0x0000000713300000, 0x0000000713400000|  0%| F|  |TS 89|AC  0|TAMS 0x0000000713300000, 0x0000000713300000|
| 308|0x0000000713400000, 0x0000000713400000, 0x0000000713500000|  0%| F|  |TS 89|AC  0|TAMS 0x0000000713400000, 0x0000000713400000|
| 309|0x0000000713500000, 0x0000000713500000, 0x0000000713600000|  0%| F|  |TS 89|AC  0|TAMS 0x0000000713500000, 0x0000000713500000|
| 310|0x0000000713600000, 0x0000000713600000, 0x0000000713700000|  0%| F|  |TS 89|AC  0|TAMS 0x0000000713600000, 0x0000000713600000|
| 311|0x0000000713700000, 0x0000000713700000, 0x0000000713800000|  0%| F|  |TS 89|AC  0|TAMS 0x0000000713700000, 0x0000000713700000|
| 312|0x0000000713800000, 0x0000000713800000, 0x0000000713900000|  0%| F|  |TS 89|AC  0|TAMS 0x0000000713800000, 0x0000000713800000|
| 313|0x0000000713900000, 0x000000071399ba40, 0x0000000713a00000| 60%| E|  |TS 89|AC  0|TAMS 0x0000000713900000, 0x0000000713900000|
| 314|0x0000000713a00000, 0x0000000713b00000, 0x0000000713b00000|100%| E|CS|TS 89|AC  0|TAMS 0x0000000713a00000, 0x0000000713a00000|
| 315|0x0000000713b00000, 0x0000000713c00000, 0x0000000713c00000|100%| E|CS|TS 89|AC  0|TAMS 0x0000000713b00000, 0x0000000713b00000|
| 316|0x0000000713c00000, 0x0000000713d00000, 0x0000000713d00000|100%| E|CS|TS 89|AC  0|TAMS 0x0000000713c00000, 0x0000000713c00000|
| 317|0x0000000713d00000, 0x0000000713e00000, 0x0000000713e00000|100%| E|CS|TS 89|AC  0|TAMS 0x0000000713d00000, 0x0000000713d00000|
| 318|0x0000000713e00000, 0x0000000713f00000, 0x0000000713f00000|100%| E|CS|TS 89|AC  0|TAMS 0x0000000713e00000, 0x0000000713e00000|
| 319|0x0000000713f00000, 0x0000000714000000, 0x0000000714000000|100%| E|CS|TS 89|AC  0|TAMS 0x0000000713f00000, 0x0000000713f00000|
| 320|0x0000000714000000, 0x0000000714100000, 0x0000000714100000|100%| E|CS|TS 89|AC  0|TAMS 0x0000000714000000, 0x0000000714000000|
| 321|0x0000000714100000, 0x0000000714200000, 0x0000000714200000|100%| E|CS|TS 89|AC  0|TAMS 0x0000000714100000, 0x0000000714100000|
| 322|0x0000000714200000, 0x0000000714300000, 0x0000000714300000|100%| E|CS|TS 89|AC  0|TAMS 0x0000000714200000, 0x0000000714200000|

Card table byte_map: [0x0000018879460000,0x0000018879a60000] byte_map_base: 0x0000018875c60000

Marking Bits (Prev, Next): (CMBitMap*) 0x000001887e9dba18, (CMBitMap*) 0x000001887e9db9e0
 Prev Bits: [0x0000018803000000, 0x0000018806000000)
 Next Bits: [0x0000018800000000, 0x0000018803000000)

Polling page: 0x000001885b220000

CodeHeap 'non-profiled nmethods': size=120000Kb used=28528Kb max_used=28528Kb free=91471Kb
 bounds [0x0000018870dd0000, 0x00000188729b0000, 0x0000018878300000]
CodeHeap 'profiled nmethods': size=120000Kb used=51863Kb max_used=51863Kb free=68136Kb
 bounds [0x00000188698a0000, 0x000001886cbb0000, 0x0000018870dd0000]
CodeHeap 'non-nmethods': size=5760Kb used=1880Kb max_used=1945Kb free=3879Kb
 bounds [0x0000018869300000, 0x0000018869570000, 0x00000188698a0000]
 total_blobs=42742 nmethods=21881 adapters=1256
 compilation: enabled

Compilation events (10 events):
Event: 4561.968 Thread 0x000001887acd8000 28831       3       ui.b.c.g::setVisible (15 bytes)
Event: 4561.969 Thread 0x000001887acd8000 nmethod 28831 0x000001886cbaa010 code [0x000001886cbaa220, 0x000001886cbaa8a0]
Event: 4561.969 Thread 0x000001887acd8000 28832       3       java.awt.Window$1DisposeAction::<init> (10 bytes)
Event: 4561.969 Thread 0x000001887acd8000 nmethod 28832 0x000001886cbaaa90 code [0x000001886cbaac40, 0x000001886cbaae58]
Event: 4561.969 Thread 0x000001887acd8000 28833  s    3       sun.awt.im.InputContext::dispose (194 bytes)
Event: 4561.970 Thread 0x000001887acd8000 nmethod 28833 0x000001886cbaaf10 code [0x000001886cbab240, 0x000001886cbacf70]
Event: 4562.011 Thread 0x000001887e7bc000 28834       4       ui.views.S.d::bHl (28 bytes)
Event: 4562.012 Thread 0x000001887acd8000 28835       3       javax.swing.plaf.synth.SynthComboBoxUI$ButtonHandler::updateOver (56 bytes)
Event: 4562.013 Thread 0x000001887acd8000 nmethod 28835 0x000001886cbad510 code [0x000001886cbad780, 0x000001886cbae7b0]
Event: 4562.020 Thread 0x000001887e7bc000 nmethod 28834 0x00000188729ae010 code [0x00000188729ae200, 0x00000188729ae878]

GC Heap History (10 events):
Event: 4553.461 GC heap before
{Heap before GC invocations=823 (full 37):
 garbage-first heap   total 330752K, used 192312K [0x0000000700000000, 0x0000000700100a18, 0x00000007c0000000)
  region size 1024K, 60 young (61440K), 2 survivors (2048K)
 Metaspace       used 100405K, capacity 104721K, committed 110544K, reserved 1144832K
  class space    used 14118K, capacity 14920K, committed 16124K, reserved 1048576K
}
Event: 4553.463 GC heap after
{Heap after GC invocations=824 (full 37):
 garbage-first heap   total 330752K, used 132916K [0x0000000700000000, 0x0000000700100a18, 0x00000007c0000000)
  region size 1024K, 2 young (2048K), 2 survivors (2048K)
 Metaspace       used 100405K, capacity 104721K, committed 110544K, reserved 1144832K
  class space    used 14118K, capacity 14920K, committed 16124K, reserved 1048576K
}
Event: 4558.942 GC heap before
{Heap before GC invocations=824 (full 37):
 garbage-first heap   total 330752K, used 192308K [0x0000000700000000, 0x0000000700100a18, 0x00000007c0000000)
  region size 1024K, 60 young (61440K), 2 survivors (2048K)
 Metaspace       used 100409K, capacity 104721K, committed 110544K, reserved 1144832K
  class space    used 14118K, capacity 14920K, committed 16124K, reserved 1048576K
}
Event: 4558.945 GC heap after
{Heap after GC invocations=825 (full 37):
 garbage-first heap   total 330752K, used 132760K [0x0000000700000000, 0x0000000700100a18, 0x00000007c0000000)
  region size 1024K, 2 young (2048K), 2 survivors (2048K)
 Metaspace       used 100409K, capacity 104721K, committed 110544K, reserved 1144832K
  class space    used 14118K, capacity 14920K, committed 16124K, reserved 1048576K
}
Event: 4561.646 GC heap before
{Heap before GC invocations=825 (full 37):
 garbage-first heap   total 330752K, used 192152K [0x0000000700000000, 0x0000000700100a18, 0x00000007c0000000)
  region size 1024K, 60 young (61440K), 2 survivors (2048K)
 Metaspace       used 100409K, capacity 104721K, committed 110544K, reserved 1144832K
  class space    used 14118K, capacity 14920K, committed 16124K, reserved 1048576K
}
Event: 4561.649 GC heap after
{Heap after GC invocations=826 (full 37):
 garbage-first heap   total 330752K, used 132832K [0x0000000700000000, 0x0000000700100a18, 0x00000007c0000000)
  region size 1024K, 2 young (2048K), 2 survivors (2048K)
 Metaspace       used 100409K, capacity 104721K, committed 110544K, reserved 1144832K
  class space    used 14118K, capacity 14920K, committed 16124K, reserved 1048576K
}
Event: 4561.887 GC heap before
{Heap before GC invocations=826 (full 37):
 garbage-first heap   total 330752K, used 192224K [0x0000000700000000, 0x0000000700100a18, 0x00000007c0000000)
  region size 1024K, 60 young (61440K), 2 survivors (2048K)
 Metaspace       used 100419K, capacity 104721K, committed 110544K, reserved 1144832K
  class space    used 14118K, capacity 14920K, committed 16124K, reserved 1048576K
}
Event: 4561.890 GC heap after
{Heap after GC invocations=827 (full 37):
 garbage-first heap   total 330752K, used 132933K [0x0000000700000000, 0x0000000700100a18, 0x00000007c0000000)
  region size 1024K, 2 young (2048K), 2 survivors (2048K)
 Metaspace       used 100419K, capacity 104721K, committed 110544K, reserved 1144832K
  class space    used 14118K, capacity 14920K, committed 16124K, reserved 1048576K
}
Event: 4562.004 GC heap before
{Heap before GC invocations=827 (full 37):
 garbage-first heap   total 330752K, used 192325K [0x0000000700000000, 0x0000000700100a18, 0x00000007c0000000)
  region size 1024K, 60 young (61440K), 2 survivors (2048K)
 Metaspace       used 100424K, capacity 104721K, committed 110544K, reserved 1144832K
  class space    used 14118K, capacity 14920K, committed 16124K, reserved 1048576K
}
Event: 4562.007 GC heap after
{Heap after GC invocations=828 (full 37):
 garbage-first heap   total 330752K, used 132861K [0x0000000700000000, 0x0000000700100a18, 0x00000007c0000000)
  region size 1024K, 2 young (2048K), 2 survivors (2048K)
 Metaspace       used 100424K, capacity 104721K, committed 110544K, reserved 1144832K
  class space    used 14118K, capacity 14920K, committed 16124K, reserved 1048576K
}

Deoptimization events (10 events):
Event: 4327.242 Thread 0x000001880aec6000 Uncommon trap: reason=class_check action=maybe_recompile pc=0x0000018871b02210 method=sun.awt.image.ImageWatched$WeakLink.newInfo(Ljava/awt/Image;IIIII)Z @ 13 c2
Event: 4327.282 Thread 0x000001880aec6000 Uncommon trap: reason=class_check action=maybe_recompile pc=0x0000018871e02950 method=sun.awt.image.ImageWatched$WeakLink.newInfo(Ljava/awt/Image;IIIII)Z @ 13 c2
Event: 4327.323 Thread 0x000001880aec6000 Uncommon trap: reason=class_check action=maybe_recompile pc=0x000001887175a8bc method=sun.awt.image.ImageWatched$WeakLink.newInfo(Ljava/awt/Image;IIIII)Z @ 13 c2
Event: 4330.743 Thread 0x000001880a33a800 Uncommon trap: reason=unstable_if action=reinterpret pc=0x0000018871fc8568 method=com.jidesoft.swing.FastGradientPainter.drawGradient(Ljava/awt/Graphics2D;Ljava/awt/Shape;Ljava/awt/Color;Ljava/awt/Color;Z)V @ 76 c2
Event: 4330.745 Thread 0x000001880a33a800 Uncommon trap: reason=unstable_if action=reinterpret pc=0x000001887182b2b8 method=ui.utils.swing.o.q.paintComponent(Ljava/awt/Graphics;)V @ 4 c2
Event: 4330.780 Thread 0x000001880a33a800 Uncommon trap: reason=unstable_if action=reinterpret pc=0x0000018872628b08 method=java.awt.geom.Rectangle2D.contains(DDDD)Z @ 76 c2
Event: 4518.679 Thread 0x000001880a33a800 Uncommon trap: reason=unstable_if action=reinterpret pc=0x00000188727de6d0 method=de.javasoft.plaf.synthetica.styles.MenuStyle.getColor(Ljavax/swing/plaf/synth/SynthContext;Ljavax/swing/plaf/synth/ColorType;)Ljava/awt/Color; @ 21 c2
Event: 4518.679 Thread 0x000001880a33a800 Uncommon trap: reason=unstable_if action=reinterpret pc=0x0000018871daff50 method=de.javasoft.synthetica.plain.GraphicsUtils.paintText(Ljavax/swing/plaf/synth/SynthContext;Ljava/awt/Graphics;Ljava/lang/String;III)V @ 151 c2
Event: 4532.189 Thread 0x000001880a33a800 Uncommon trap: reason=unloaded action=reinterpret pc=0x00000188726bdee0 method=ui.frmwork.G.fireTclEvent(J)I @ 102 c2
Event: 4532.191 Thread 0x000001880a33a800 Uncommon trap: reason=unstable_if action=reinterpret pc=0x000001887134c43c method=java.lang.Throwable.getOurStackTrace()[Ljava/lang/StackTraceElement; @ 7 c2

Classes redefined (0 events):
No events

Internal exceptions (10 events):
Event: 1674.409 Thread 0x000001880a33a800 Exception <a 'java/lang/NoSuchMethodError'{0x000000070b8f6c30}: method resolution failed> (0x000000070b8f6c30) thrown at [t:/workspace/hotspot/src/share/vm/prims/methodHandles.cpp, line 1256]
Event: 1707.945 Thread 0x000001880a33a800 Implicit null exception at 0x0000018871829cef to 0x000001887182a4f9
Event: 2137.261 Thread 0x000001880aed3800 Exception <a 'ui/frmwork/CommandFailedException'{0x000000071030a8c8}> (0x000000071030a8c8) thrown at [t:/workspace/hotspot/src/share/vm/prims/jni.cpp, line 604]
Event: 3650.274 Thread 0x000001880aecf000 Implicit null exception at 0x00000188720b2871 to 0x00000188720b2f61
Event: 4032.853 Thread 0x000001880a33a800 Implicit null exception at 0x0000018870ff224c to 0x0000018870ff2b65
Event: 4032.880 Thread 0x000001880a33a800 Implicit null exception at 0x000001887277d8ae to 0x000001887277db05
Event: 4033.003 Thread 0x000001880a33a800 Implicit null exception at 0x000001887289eb18 to 0x00000188728a0149
Event: 4033.005 Thread 0x000001880a33a800 Implicit null exception at 0x0000018872506932 to 0x0000018872507819
Event: 4329.552 Thread 0x000001880aed3800 Exception <a 'java/lang/InterruptedException'{0x0000000711583110}: sleep interrupted> (0x0000000711583110) thrown at [t:/workspace/hotspot/src/share/vm/prims/jvm.cpp, line 3023]
Event: 4532.189 Thread 0x000001880a33a800 Exception <a 'ui/frmwork/CommandFailedException'{0x0000000712017750}> (0x0000000712017750) thrown at [t:/workspace/hotspot/src/share/vm/prims/jni.cpp, line 604]

Events (10 events):
Event: 4561.887 Executing VM operation: G1IncCollectionPause
Event: 4561.890 Executing VM operation: G1IncCollectionPause done
Event: 4561.923 Thread 0x00000188368ca000 Thread added: 0x00000188368ca000
Event: 4561.965 Thread 0x00000188368ca000 Thread exited: 0x00000188368ca000
Event: 4561.968 Executing VM operation: RevokeBias
Event: 4561.968 Executing VM operation: RevokeBias done
Event: 4562.004 Executing VM operation: G1IncCollectionPause
Event: 4562.007 Executing VM operation: G1IncCollectionPause done
Event: 4562.882 Thread 0x00000188368ca800 Thread added: 0x00000188368ca800
Event: 4562.889 Thread 0x00000188368ca800 Thread exited: 0x00000188368ca800


Dynamic libraries:
0x00007ff6a1c40000 - 0x00007ff6a1c70000 	C:\Xilinx\Vivado\2020.1\bin\unwrapped\win64.o\vivado.exe
0x00007ff91bc10000 - 0x00007ff91be08000 	C:\WINDOWS\SYSTEM32\ntdll.dll
0x00007ff91aa70000 - 0x00007ff91ab2d000 	C:\WINDOWS\System32\KERNEL32.DLL
0x00007ff919450000 - 0x00007ff919746000 	C:\WINDOWS\System32\KERNELBASE.dll
0x00007ff919970000 - 0x00007ff919a70000 	C:\WINDOWS\System32\ucrtbase.dll
0x00007ff8f6130000 - 0x00007ff8f61bd000 	C:\WINDOWS\SYSTEM32\MSVCP140.dll
0x00007ff8f8db0000 - 0x00007ff8f8dca000 	C:\Xilinx\Vivado\2020.1\lib\win64.o\librdi_commonmain.dll
0x00007ff8f8d90000 - 0x00007ff8f8da4000 	C:\Xilinx\Vivado\2020.1\lib\win64.o\libboost_signals.dll
0x00007ff8c37e0000 - 0x00007ff8c48a6000 	C:\Xilinx\Vivado\2020.1\lib\win64.o\librdi_common.dll
0x00007ff8f8dd0000 - 0x00007ff8f8dea000 	C:\WINDOWS\SYSTEM32\VCRUNTIME140.dll
0x00007ff91ac90000 - 0x00007ff91ae2e000 	C:\WINDOWS\System32\USER32.dll
0x00007ff911fe0000 - 0x00007ff911fec000 	C:\WINDOWS\SYSTEM32\VCRUNTIME140_1.dll
0x00007ff919870000 - 0x00007ff919892000 	C:\WINDOWS\System32\win32u.dll
0x00007ff91b740000 - 0x00007ff91b76c000 	C:\WINDOWS\System32\GDI32.dll
0x00007ff919750000 - 0x00007ff91986a000 	C:\WINDOWS\System32\gdi32full.dll
0x00007ff9198d0000 - 0x00007ff91996d000 	C:\WINDOWS\System32\msvcp_win.dll
0x00007ff8f8d80000 - 0x00007ff8f8d8a000 	C:\Xilinx\Vivado\2020.1\lib\win64.o\librdi_commonversion.dll
0x00007ff8f6100000 - 0x00007ff8f6126000 	C:\Xilinx\Vivado\2020.1\lib\win64.o\libboost_filesystem.dll
0x00007ff91a8f0000 - 0x00007ff91a99f000 	C:\WINDOWS\System32\ADVAPI32.dll
0x00007ff8c48b0000 - 0x00007ff8c4a51000 	C:\Xilinx\Vivado\2020.1\lib\win64.o\librdi_commonxillic.dll
0x00007ff91a3c0000 - 0x00007ff91a45e000 	C:\WINDOWS\System32\msvcrt.dll
0x00007ff919c70000 - 0x00007ff91a3b4000 	C:\WINDOWS\System32\SHELL32.dll
0x00007ff91b390000 - 0x00007ff91b3fb000 	C:\WINDOWS\System32\WS2_32.dll
0x00007ff91a460000 - 0x00007ff91a4fc000 	C:\WINDOWS\System32\sechost.dll
0x00007ff9198a0000 - 0x00007ff9198c7000 	C:\WINDOWS\System32\bcrypt.dll
0x00007ff91b5b0000 - 0x00007ff91b6d6000 	C:\WINDOWS\System32\RPCRT4.dll
0x00000000589c0000 - 0x0000000058aeb000 	C:\Xilinx\Vivado\2020.1\lib\win64.o\tcl85t.dll
0x00007ff8f60e0000 - 0x00007ff8f60f4000 	C:\Xilinx\Vivado\2020.1\lib\win64.o\libboost_date_time.dll
0x00007ff8c3190000 - 0x00007ff8c34fe000 	C:\Xilinx\Vivado\2020.1\lib\win64.o\libCOIN-all.dll
0x00007ff8eb950000 - 0x00007ff8eb9cf000 	C:\Xilinx\Vivado\2020.1\lib\win64.o\libboost_program_options.dll
0x00007ff8f5480000 - 0x00007ff8f5594000 	C:\Xilinx\Vivado\2020.1\lib\win64.o\libboost_regex.dll
0x00007ff8f6200000 - 0x00007ff8f620b000 	C:\Xilinx\Vivado\2020.1\lib\win64.o\libboost_system.dll
0x00007ff8f61f0000 - 0x00007ff8f61ff000 	C:\Xilinx\Vivado\2020.1\lib\win64.o\libboost_xilinx.dll
0x00007ff8f5450000 - 0x00007ff8f5471000 	C:\Xilinx\Vivado\2020.1\lib\win64.o\libboost_thread.dll
0x00007ff8e9b10000 - 0x00007ff8e9bb5000 	C:\Xilinx\Vivado\2020.1\lib\win64.o\libhdxml.dll
0x00007ff8ea070000 - 0x00007ff8ea0f2000 	C:\Xilinx\Vivado\2020.1\lib\win64.o\libhdlpsolve.dll
0x00007ff8c24d0000 - 0x00007ff8c3185a00 	C:\Xilinx\Vivado\2020.1\lib\win64.o\libisl_iostreams.dll
0x00007ff8f5420000 - 0x00007ff8f544e000 	C:\Xilinx\Vivado\2020.1\lib\win64.o\libisl_sysinfo.dll
0x00007ff8ea7d0000 - 0x00007ff8ea835000 	C:\Xilinx\Vivado\2020.1\lib\win64.o\liblmx6.0.dll
0x00007ff8f60c0000 - 0x00007ff8f60da000 	C:\Xilinx\Vivado\2020.1\lib\win64.o\pthreadVC2.dll
0x00007ff8f2010000 - 0x00007ff8f202c000 	C:\Xilinx\Vivado\2020.1\lib\win64.o\librdiconfig.dll
0x00007ff8ea040000 - 0x00007ff8ea061000 	C:\Xilinx\Vivado\2020.1\lib\win64.o\librdizlib.dll
0x0000000012000000 - 0x0000000012270000 	C:\Xilinx\Vivado\2020.1\lib\win64.o\xerces-c_3_1.dll
0x00007ff906ab0000 - 0x00007ff906f86000 	C:\WINDOWS\SYSTEM32\WININET.dll
0x00007ff902f60000 - 0x00007ff902f79000 	C:\WINDOWS\SYSTEM32\NETAPI32.dll
0x00007ff90f410000 - 0x00007ff90f51a000 	C:\WINDOWS\SYSTEM32\WINHTTP.dll
0x00007ff904e80000 - 0x00007ff90506d000 	C:\WINDOWS\SYSTEM32\urlmon.dll
0x00007ff8c3500000 - 0x00007ff8c37db000 	C:\Xilinx\Vivado\2020.1\lib\win64.o\libXil_lmgr11.dll
0x00007ff91baf0000 - 0x00007ff91bbca000 	C:\WINDOWS\System32\COMDLG32.dll
0x00007ff91a590000 - 0x00007ff91a8e4000 	C:\WINDOWS\System32\combase.dll
0x00007ff8ebab0000 - 0x00007ff8ebab9000 	C:\WINDOWS\SYSTEM32\WSOCK32.dll
0x00007ff91b960000 - 0x00007ff91ba0d000 	C:\WINDOWS\System32\shcore.dll
0x00007ff8e9fa0000 - 0x00007ff8e9fce000 	C:\WINDOWS\SYSTEM32\VCOMP140.DLL
0x00007ff8b6530000 - 0x00007ff8b73c1000 	C:\Xilinx\Vivado\2020.1\lib\win64.o\gurobi65.dll
0x00007ff91ba20000 - 0x00007ff91ba75000 	C:\WINDOWS\System32\SHLWAPI.dll
0x00007ff91b770000 - 0x00007ff91b83d000 	C:\WINDOWS\System32\OLEAUT32.dll
0x00007ff91ab30000 - 0x00007ff91ac5b000 	C:\WINDOWS\System32\ole32.dll
0x00007ff919a70000 - 0x00007ff919ad7000 	C:\WINDOWS\System32\WINTRUST.dll
0x00007ff9192f0000 - 0x00007ff91944d000 	C:\WINDOWS\System32\CRYPT32.dll
0x00007ff8eb940000 - 0x00007ff8eb94d000 	C:\Xilinx\Vivado\2020.1\lib\win64.o\libboost_chrono.dll
0x00007ff8eb8d0000 - 0x00007ff8eb8eb000 	C:\Xilinx\Vivado\2020.1\lib\win64.o\libboost_iostreams.dll
0x00007ff8e9f50000 - 0x00007ff8e9f75000 	C:\Xilinx\Vivado\2020.1\lib\win64.o\libisl_iosutils.dll
0x00007ff904b50000 - 0x00007ff904e0c000 	C:\WINDOWS\SYSTEM32\iertutil.dll
0x00007ff904e50000 - 0x00007ff904e78000 	C:\WINDOWS\SYSTEM32\srvcli.dll
0x00007ff918770000 - 0x00007ff91877c000 	C:\WINDOWS\SYSTEM32\netutils.dll
0x00007ff8f9b30000 - 0x00007ff8f9be0000 	C:\WINDOWS\WinSxS\amd64_microsoft.windows.common-controls_6595b64144ccf1df_5.82.19041.3636_none_7931fb75243f97c8\COMCTL32.dll
0x00007ff90fff0000 - 0x00007ff91000d000 	C:\WINDOWS\SYSTEM32\dhcpcsvc.DLL
0x00007ff918a90000 - 0x00007ff918afa000 	C:\WINDOWS\SYSTEM32\MSWSOCK.DLL
0x00007ff91ac60000 - 0x00007ff91ac90000 	C:\WINDOWS\System32\IMM32.DLL
0x00007ff918ec0000 - 0x00007ff918ed2000 	C:\WINDOWS\SYSTEM32\MSASN1.dll
0x00007ff917b40000 - 0x00007ff917b52000 	C:\WINDOWS\SYSTEM32\kernel.appcore.dll
0x00007ff8bb570000 - 0x00007ff8bba6c000 	C:\Xilinx\Vivado\2020.1\lib\win64.o\librdi_commontasks.dll
0x00007ff912ae0000 - 0x00007ff912aea000 	C:\WINDOWS\SYSTEM32\VERSION.dll
0x0000000056d60000 - 0x0000000057785000 	C:\Xilinx\Vivado\2020.1\tps\win64\jre9.0.4\bin\server\jvm.dll
0x00007ff8b6240000 - 0x00007ff8b6524000 	C:\Xilinx\Vivado\2020.1\lib\win64.o\librdi_sio.dll
0x00007ff91ba10000 - 0x00007ff91ba18000 	C:\WINDOWS\System32\PSAPI.DLL
0x00007ff905ba0000 - 0x00007ff905bc7000 	C:\WINDOWS\SYSTEM32\WINMM.dll
0x00007ff918730000 - 0x00007ff91876b000 	C:\WINDOWS\SYSTEM32\IPHLPAPI.DLL
0x00007ff8e9840000 - 0x00007ff8e992f000 	C:\Xilinx\Vivado\2020.1\tps\win64\jre9.0.4\bin\MSVCR120.dll
0x00007ff917000000 - 0x00007ff91779b000 	C:\WINDOWS\SYSTEM32\windows.storage.dll
0x00007ff918d30000 - 0x00007ff918d5d000 	C:\WINDOWS\SYSTEM32\Wldp.dll
0x00007ff8b3ba0000 - 0x00007ff8b6235000 	C:\Xilinx\Vivado\2020.1\lib\win64.o\librdi_tcltasks.dll
0x00007ff8b36d0000 - 0x00007ff8b3b96000 	C:\Xilinx\Vivado\2020.1\lib\win64.o\librdi_bitstream.dll
0x00007ff8c2210000 - 0x00007ff8c23c3000 	C:\Xilinx\Vivado\2020.1\lib\win64.o\librdi_board.dll
0x00007ff8c23d0000 - 0x00007ff8c24c6000 	C:\Xilinx\Vivado\2020.1\lib\win64.o\librdi_chipscope.dll
0x00007ff8e9d30000 - 0x00007ff8e9dab000 	C:\Xilinx\Vivado\2020.1\lib\win64.o\librdi_boarddep.dll
0x00007ff8c1f30000 - 0x00007ff8c20f1000 	C:\Xilinx\Vivado\2020.1\lib\win64.o\librdi_chipscopeimpl.dll
0x00007ff8bc270000 - 0x00007ff8bc3cb000 	C:\Xilinx\Vivado\2020.1\lib\win64.o\librdi_containers.dll
0x00007ff8ad770000 - 0x00007ff8af39a000 	C:\Xilinx\Vivado\2020.1\lib\win64.o\librdi_constraints.dll
0x00007ff8aac90000 - 0x00007ff8acdfd000 	C:\Xilinx\Vivado\2020.1\lib\win64.o\librdi_coregen.dll
0x00007ff8aa5b0000 - 0x00007ff8aac89000 	C:\Xilinx\Vivado\2020.1\lib\win64.o\librdi_coregenipxact.dll
0x00007ff891d30000 - 0x00007ff8a9c00000 	C:\Xilinx\Vivado\2020.1\lib\win64.o\librdi_device.dll
0x00007ff8af3a0000 - 0x00007ff8b36ce000 	C:\Xilinx\Vivado\2020.1\lib\win64.o\librdi_designutils.dll
0x00007ff8ad420000 - 0x00007ff8ad76b000 	C:\Xilinx\Vivado\2020.1\lib\win64.o\librdi_dlyest.dll
0x00007ff8c6c60000 - 0x00007ff8c6d24000 	C:\Xilinx\Vivado\2020.1\lib\win64.o\librdi_dsp.dll
0x00007ff8ace00000 - 0x00007ff8ad41e000 	C:\Xilinx\Vivado\2020.1\lib\win64.o\librdi_drc.dll
0x00007ff8a9c00000 - 0x00007ff8aa286000 	C:\Xilinx\Vivado\2020.1\lib\win64.o\librdi_filemgmt.dll
0x00007ff8aa290000 - 0x00007ff8aa5ac000 	C:\Xilinx\Vivado\2020.1\lib\win64.o\librdi_guitools.dll
0x00007ff8e9a70000 - 0x00007ff8e9ae7000 	C:\Xilinx\Vivado\2020.1\lib\win64.o\librdi_hdf.dll
0x00007ff8bb310000 - 0x00007ff8bb565000 	C:\Xilinx\Vivado\2020.1\lib\win64.o\librdi_hip_devdesign.dll
0x00007ff8bbfa0000 - 0x00007ff8bc0e8000 	C:\Xilinx\Vivado\2020.1\lib\win64.o\librdi_hip_perf_analysis.dll
0x00007ff88fda0000 - 0x00007ff8916ea000 	C:\Xilinx\Vivado\2020.1\lib\win64.o\librdi_implflow.dll
0x00007ff8916f0000 - 0x00007ff891d2e000 	C:\Xilinx\Vivado\2020.1\lib\win64.o\librdi_memdata.dll
0x00007ff8c1eb0000 - 0x00007ff8c1f24000 	C:\Xilinx\Vivado\2020.1\lib\win64.o\librdi_memoryarray.dll
0x00007ff88cf20000 - 0x00007ff88fd97000 	C:\Xilinx\Vivado\2020.1\lib\win64.o\librdi_mig.dll
0x00007ff88c810000 - 0x00007ff88cf13000 	C:\Xilinx\Vivado\2020.1\lib\win64.o\librdi_netlist.dll
0x00007ff8e9ea0000 - 0x00007ff8e9eee000 	C:\Xilinx\Vivado\2020.1\lib\win64.o\librdi_pfi.dll
0x00007ff887c40000 - 0x00007ff88a7b1000 	C:\Xilinx\Vivado\2020.1\lib\win64.o\librdi_place.dll
0x00007ff88bc70000 - 0x00007ff88bfc1000 	C:\Xilinx\Vivado\2020.1\lib\win64.o\librdi_platform.dll
0x00007ff88bfd0000 - 0x00007ff88c804000 	C:\Xilinx\Vivado\2020.1\lib\win64.o\librdi_power.dll
0x00007ff88adc0000 - 0x00007ff88b4fc000 	C:\Xilinx\Vivado\2020.1\lib\win64.o\librdi_psta.dll
0x00007ff88a7c0000 - 0x00007ff88adb5000 	C:\Xilinx\Vivado\2020.1\lib\win64.o\librdi_project.dll
0x00007ff88b500000 - 0x00007ff88bc6f000 	C:\Xilinx\Vivado\2020.1\lib\win64.o\librdi_rsb.dll
0x00007ff8877a0000 - 0x00007ff887c3a000 	C:\Xilinx\Vivado\2020.1\lib\win64.o\librdi_runs.dll
0x00007ff8bc160000 - 0x00007ff8bc268000 	C:\Xilinx\Vivado\2020.1\lib\win64.o\librdi_runsbase.dll
0x00007ff887520000 - 0x00007ff887795000 	C:\Xilinx\Vivado\2020.1\lib\win64.o\librdi_simdata.dll
0x00007ff886280000 - 0x00007ff88718a000 	C:\Xilinx\Vivado\2020.1\lib\win64.o\librdi_timing.dll
0x00007ff887420000 - 0x00007ff88751f000 	C:\Xilinx\Vivado\2020.1\lib\win64.o\librdi_xhub.dll
0x00007ff887370000 - 0x00007ff887418000 	C:\Xilinx\Vivado\2020.1\lib\win64.o\librdi_xhubtasks.dll
0x00007ff887190000 - 0x00007ff887363000 	C:\Xilinx\Vivado\2020.1\lib\win64.o\librdi_advchipscopeimpl.dll
0x00007ff8e9c00000 - 0x00007ff8e9c4c000 	C:\Xilinx\Vivado\2020.1\lib\win64.o\libboost_serialization.dll
0x00007ff885f20000 - 0x00007ff886008000 	C:\Xilinx\Vivado\2020.1\lib\win64.o\librdi_ipconfig_readwrite.dll
0x00007ff886010000 - 0x00007ff88607c000 	C:\Xilinx\Vivado\2020.1\lib\win64.o\librdi_noc_frameworks.dll
0x00007ff8e97f0000 - 0x00007ff8e983d000 	C:\Xilinx\Vivado\2020.1\lib\win64.o\libboost_graph.dll
0x00007ff8bbf50000 - 0x00007ff8bbf9c000 	C:\Xilinx\Vivado\2020.1\lib\win64.o\librdi_bva.dll
0x00007ff883cb0000 - 0x00007ff8847f7000 	C:\Xilinx\Vivado\2020.1\lib\win64.o\libverific.dll
0x00007ff886080000 - 0x00007ff886273000 	C:\Xilinx\Vivado\2020.1\lib\win64.o\librdi_hip_config.dll
0x00007ff885930000 - 0x00007ff8859ce000 	C:\Xilinx\Vivado\2020.1\lib\win64.o\libise.dll

VM Arguments:
jvm_args: -Dsun.java2d.pmoffscreen=false -Dsun.java2d.xrender=false -Dsun.java2d.d3d=false -Dsun.awt.nopixfmt=true -Dsun.java2d.dpiaware=true -Dsun.java2d.uiScale.enabled=false -Xverify:none -Dswing.aatext=true -XX:-UsePerfData -Djdk.map.althashing.threshold=512 -XX:StringTableSize=4072 --add-opens=java.base/java.nio=ALL-UNNAMED --add-opens=java.desktop/sun.swing=ALL-UNNAMED --add-opens=java.desktop/javax.swing=ALL-UNNAMED --add-opens=java.desktop/javax.swing.tree=ALL-UNNAMED --add-opens=java.desktop/javax.swing.plaf.basic=ALL-UNNAMED --add-opens=java.desktop/javax.swing.plaf.synth=ALL-UNNAMED --add-opens=java.desktop/com.sun.awt=ALL-UNNAMED -XX:NewSize=60m -XX:MaxNewSize=60m -Xms128m -Xmx3072m -Xss5m 
java_command: <unknown>
java_class_path (initial): C:/Xilinx/Vivado/2020.1\lib\classes\alloy.jar;C:/Xilinx/Vivado/2020.1\lib\classes\ArchiveSummary.jar;C:/Xilinx/Vivado/2020.1\lib\classes\autoesl-models.jar;C:/Xilinx/Vivado/2020.1\lib\classes\autopilot.scelaborator.jar;C:/Xilinx/Vivado/2020.1\lib\classes\autopilot.sourceprocessor.jar;C:/Xilinx/Vivado/2020.1\lib\classes\autopilot.tbprocessor.jar;C:/Xilinx/Vivado/2020.1\lib\classes\batik-anim.jar;C:/Xilinx/Vivado/2020.1\lib\classes\batik-awt-util.jar;C:/Xilinx/Vivado/2020.1\lib\classes\batik-bridge.jar;C:/Xilinx/Vivado/2020.1\lib\classes\batik-codec.jar;C:/Xilinx/Vivado/2020.1\lib\classes\batik-css.jar;C:/Xilinx/Vivado/2020.1\lib\classes\batik-dom.jar;C:/Xilinx/Vivado/2020.1\lib\classes\batik-ext.jar;C:/Xilinx/Vivado/2020.1\lib\classes\batik-gui-util.jar;C:/Xilinx/Vivado/2020.1\lib\classes\batik-gvt.jar;C:/Xilinx/Vivado/2020.1\lib\classes\batik-parser.jar;C:/Xilinx/Vivado/2020.1\lib\classes\batik-script.jar;C:/Xilinx/Vivado/2020.1\lib\classes\batik-svg-dom.jar;C:/Xilinx/Vivado/2020.1\lib\classes\batik-swing.jar;C:/Xilinx/Vivado/2020.1\lib\classes\batik-transcoder.jar;C:/Xilinx/Vivado/2020.1\lib\classes\batik-util.jar;C:/Xilinx/Vivado/2020.1\lib\classes\batik-xml.jar;C:/Xilinx/Vivado/2020.1\lib\classes\com.google.gson_2.8.2.v20180104-1110.jar;C:/Xilinx/Vivado/2020.1\lib\classes\com.google.guava_27.1.0.v20190517-1946.jar;C:/Xilinx/Vivado/2020.1\lib\classes\com.ibm.icu_4.4.2.v20110208.jar;C:/Xilinx/Vivado/2020.1\lib\classes\com.sigasi.hdt.connection_4.8.0.202004151336.jar;C:/Xilinx/Vivado/2020.1\lib\classes\com.sigasi.hdt.epl_4.8.0.202004151336.jar;C:/Xilinx/Vivado/2020.1\lib\classes\com.sigasi.hdt.project_4.8.0.202004151336.jar;C:/Xilinx/Vivado/2020.1\lib\classes\com.sigasi.hdt.readonlyfilesystem_4.8.0.202004151336.jar;C:/Xilinx/Vivado/2020.1\lib\classes\com.sigasi.lcm_4.8.0.202004151336.jar;C:/Xilinx/Vivado/2020.1\lib\classes\com.sigasi.sdk.client_4.8.0.202004151336.jar;C:/Xilinx/Vivado/2020.1\lib\classes\com.xilinx.hls.services.jar;C:/Xili
Launcher Type: generic

Logging:
Log output configuration:
#0: stdout all=warning uptime,level,tags
#1: stderr all=off uptime,level,tags

Environment Variables:
PATH=C:/Xilinx/Vivado/2020.1/bin;C:/Xilinx/Vivado/2020.1/lib/win64.o;C:/Xilinx/Vivado/2020.1/tps/win64/jre9.0.4/bin/server;C:/Xilinx/Vivado/2020.1/tps/win64/jre9.0.4/bin;C:/Xilinx/Vivado/2020.1/ids_lite/ISE/bin/nt64;C:/Xilinx/Vivado/2020.1/ids_lite/ISE/lib/nt64;C:\Program Files (x86)\Common Files\Oracle\Java\javapath;C:\WINDOWS\system32;C:\WINDOWS;C:\WINDOWS\System32\Wbem;C:\WINDOWS\System32\WindowsPowerShell\v1.0\;C:\WINDOWS\System32\OpenSSH\;C:\Program Files\PuTTY\;C:\Program Files\Git\cmd;C:\Users\berfi\AppData\Local\Microsoft\WindowsApps;;C:\Users\berfi\AppData\Local\Programs\Microsoft VS Code\bin;C:\Program Files\JetBrains\PyCharm Community Edition 2023.2.3\bin;C:\Program Files (x86)\SSH Communications Security\SSH Secure Shell;C:/Xilinx/Vivado/2020.1\tps\mingw\6.2.0\win64.o\nt\bin;C:/Xilinx/Vivado/2020.1\tps\mingw\6.2.0\win64.o\nt\libexec\gcc\x86_64-w64-mingw32\6.2.0;C:/Xilinx/Vivado/2020.1\tps\win64\python-2.7.16;C:/Xilinx/Vivado/2020.1\tps\win64\python-2.7.16\bin;C:/Xilinx/Vivado/2020.1\tps\win64\python-2.7.16\lib;C:/Xilinx/Vivado/2020.1\tps\win64\python-2.7.16\Lib\lib-tk;C:/Xilinx/Vivado/2020.1\tps\win64\python-2.7.16\lib\site-packages
USERNAME=berfi
OS=Windows_NT
PROCESSOR_IDENTIFIER=Intel64 Family 6 Model 158 Stepping 10, GenuineIntel



---------------  S Y S T E M  ---------------

OS: Windows 10 , 64 bit Build 19041 (10.0.19041.3636)

CPU:total 12 (initial active 12) (6 cores per cpu, 2 threads per core) family 6 model 158 stepping 10, cmov, cx8, fxsr, mmx, sse, sse2, sse3, ssse3, sse4.1, sse4.2, popcnt, avx, avx2, aes, clmul, erms, 3dnowpref, lzcnt, ht, tsc, tscinvbit, bmi1, bmi2, adx, fma

Memory: 4k page, physical 16624304k(8020828k free), swap 27634352k(16680016k free)

vm_info: Java HotSpot(TM) 64-Bit Server VM (9.0.4+11) for windows-amd64 JRE (9.0.4+11), built on Dec 20 2017 02:18:54 by "mach5one" with MS VC++ 12.0 (VS2013)

END.
