#-----------------------------------------------------------
# Vivado v2020.1 (64-bit)
# SW Build 2902540 on Wed May 27 19:54:49 MDT 2020
# IP Build 2902112 on Wed May 27 22:43:36 MDT 2020
# Start of session at: Sun Nov 26 13:08:16 2023
# Process ID: 20268
# Current directory: C:/Xilinx/SST/week4/project_1/project_1.sim/sim_1/behav/xsim
# Command line: vivado.exe -gui_launcher_event rodinguilauncherevent8664 C:\Xilinx\SST\week4\project_1\project_1.sim\sim_1\behav\xsim\ASC_tb_behav.wdb
# Log file: C:/Xilinx/SST/week4/project_1/project_1.sim/sim_1/behav/xsim/vivado.log
# Journal file: C:/Xilinx/SST/week4/project_1/project_1.sim/sim_1/behav/xsim\vivado.jou
#-----------------------------------------------------------
start_gui
open_wave_database {C:\Xilinx\SST\week4\project_1\project_1.sim\sim_1\behav\xsim\ASC_tb_behav.wdb}
INFO: [IP_Flow 19-234] Refreshing IP repositories
INFO: [IP_Flow 19-1704] No user IP repositories specified
INFO: [IP_Flow 19-2313] Loaded Vivado IP repository 'C:/Xilinx/Vivado/2020.1/data/ip'.
open_wave_database: Time (s): cpu = 00:00:13 ; elapsed = 00:00:06 . Memory (MB): peak = 1024.582 ; gain = 0.000
cclose_sim
INFO: [Simtcl 6-16] Simulation closed
exit
INFO: [Common 17-206] Exiting Vivado at Sun Nov 26 14:12:01 2023...
