INFO: [VRFC 10-2263] Analyzing Verilog file "C:/Xilinx/SST/week3/project_2/project_1.srcs/sources_1/imports/SST/week2/project_1/project_1.srcs/sources_1/new/MSI_Library.v" into library xil_defaultlib
INFO: [VRFC 10-311] analyzing module DEMULTIPLEXER
INFO: [VRFC 10-311] analyzing module MULTIPLEXER
INFO: [VRFC 10-311] analyzing module ENCODER
INFO: [VRFC 10-311] analyzing module DECODER
INFO: [VRFC 10-2263] Analyzing Verilog file "C:/Xilinx/SST/week3/project_2/project_1.srcs/sources_1/imports/SST/week1/all_libs/project_2.srcs/sources_1/new/SSI_Library.v" into library xil_defaultlib
INFO: [VRFC 10-311] analyzing module AND
INFO: [VRFC 10-311] analyzing module OR
INFO: [VRFC 10-311] analyzing module NOT
INFO: [VRFC 10-311] analyzing module NAND
INFO: [VRFC 10-311] analyzing module NOR
INFO: [VRFC 10-311] analyzing module EXOR
INFO: [VRFC 10-311] analyzing module EXNOR
INFO: [VRFC 10-311] analyzing module TRI
INFO: [VRFC 10-2263] Analyzing Verilog file "C:/Xilinx/SST/week3/project_2/project_1.srcs/sources_1/new/three_different_methods.v" into library xil_defaultlib
INFO: [VRFC 10-311] analyzing module with_SSI
INFO: [VRFC 10-311] analyzing module with_decoder
INFO: [VRFC 10-311] analyzing module with_MUX
INFO: [VRFC 10-2263] Analyzing Verilog file "C:/Xilinx/SST/week3/experiment3_tb.v" into library xil_defaultlib
INFO: [VRFC 10-311] analyzing module experiment3_tb
INFO: [VRFC 10-2263] Analyzing Verilog file "C:/Xilinx/SST/week3/project_2/project_1.sim/sim_1/behav/xsim/glbl.v" into library xil_defaultlib
INFO: [VRFC 10-311] analyzing module glbl
