#
# A fatal error has been detected by the Java Runtime Environment:
#
#  EXCEPTION_ACCESS_VIOLATION (0xc0000005) at pc=0x00007ffe799df555, pid=7112, tid=16656
#
# JRE version: Java(TM) SE Runtime Environment (9.0+11) (build 9.0.4+11)
# Java VM: Java HotSpot(TM) 64-Bit Server VM (9.0.4+11, mixed mode, tiered, compressed oops, g1 gc, windows-amd64)
# Problematic frame:
# C  [librdi_common.dll+0x18f555]
#
# No core dump will be written. Minidumps are not enabled by default on client versions of Windows
#
# If you would like to submit a bug report, please visit:
#   http://bugreport.java.com/bugreport/crash.jsp
# The crash happened outside the Java Virtual Machine in native code.
# See problematic frame for where to report the bug.
#

---------------  S U M M A R Y ------------

Command Line: -Dsun.java2d.pmoffscreen=false -Dsun.java2d.xrender=false -Dsun.java2d.d3d=false -Dsun.awt.nopixfmt=true -Dsun.java2d.dpiaware=true -Dsun.java2d.uiScale.enabled=false -Xverify:none -Dswing.aatext=true -XX:-UsePerfData -Djdk.map.althashing.threshold=512 -XX:StringTableSize=4072 --add-opens=java.base/java.nio=ALL-UNNAMED --add-opens=java.desktop/sun.swing=ALL-UNNAMED --add-opens=java.desktop/javax.swing=ALL-UNNAMED --add-opens=java.desktop/javax.swing.tree=ALL-UNNAMED --add-opens=java.desktop/javax.swing.plaf.basic=ALL-UNNAMED --add-opens=java.desktop/javax.swing.plaf.synth=ALL-UNNAMED --add-opens=java.desktop/com.sun.awt=ALL-UNNAMED -XX:NewSize=60m -XX:MaxNewSize=60m -Xms128m -Xmx3072m -Xss5m 

Host: Intel(R) Core(TM) i7-9750H CPU @ 2.60GHz, 12 cores, 15G,  Windows 10 , 64 bit Build 19041 (10.0.19041.3636)
Time: Thu Dec 28 03:48:28 2023 Türkiye Standart Saati elapsed time: 111 seconds (0d 0h 1m 51s)

---------------  T H R E A D  ---------------

Current thread (0x0000023e81166800):  JavaThread "AWT-EventQueue-0" [_thread_in_native, id=16656, stack(0x000000ffb5500000,0x000000ffb5a00000)]

Stack: [0x000000ffb5500000,0x000000ffb5a00000],  sp=0x000000ffb59f3cd0,  free space=5071k
Native frames: (J=compiled Java code, j=interpreted, Vv=VM code, C=native code)
C  [librdi_common.dll+0x18f555]
C  [librdi_common.dll+0x1842d5]
C  [librdi_common.dll+0x14d40a]
C  0x00007ffe2eaad180
C  0x00007ffe2eac89f4
C  0x00007ffe2eb61d7e
C  0x00007ffe2eb61c9f
C  0x00007ffe2eb8ba50
C  0x00007ffe2eb8b6f6
C  0x00007ffe2ebe95fb
C  0x00007ffe2ebeb013
C  0x00007ffe2ebc3e70
C  0x00007ffe2ebc3eed
C  0x00007ffe2ebc3f91
C  0x00007ffe2ebea484
C  0x00007ffe2ebba486
C  0x00007ffe2ebba255
C  0x00007ffe2ebf6a9f
C  0x0000023e88c7921c

Java frames: (J=compiled Java code, j=interpreted, Vv=VM code)
j  ui.views.waveform.waveformi.WVExecutive_getGraphicsDataSize(J)J+0
j  ui.views.waveform.executive.a.jBs()Ljava/io/ByteArrayInputStream;+8
j  ui.views.waveform.b.a.jAN()V+7
j  ui.views.waveform.b.a.iKd()V+1
j  ui.views.waveform.m.jzY()V+4
j  ui.views.waveform.m.GF(Z)V+11
j  ui.views.waveform.w.aE(ZZ)V+30
j  ui.views.waveform.c.b.j(Lui/frmwork/b/i;)V+94
j  ui.views.waveform.w.a(Lui/frmwork/b/i;)V+13
J 14493 c1 ui.frmwork.b.l.d(Lui/frmwork/b/i;)V (61 bytes) @ 0x0000023e8b268d1c [0x0000023e8b2684c0+0x000000000000085c]
J 14482 c1 ui.frmwork.G.i(JZ)V (471 bytes) @ 0x0000023e8b2524ac [0x0000023e8b24dcc0+0x00000000000047ec]
J 14485 c1 ui.frmwork.G.fireTclEvent(J)I (113 bytes) @ 0x0000023e8b2576cc [0x0000023e8b256ec0+0x000000000000080c]
v  ~StubRoutines::call_stub
j  ui.views.waveform.waveformi.WVExecutive_processModelEvent(JJ)V+0
j  ui.views.waveform.executive.a.fu(J)V+5
j  ui.views.waveform.c.b.ft(J)V+8
j  ui.views.waveform.c.b.j(Lui/frmwork/b/i;)V+127
j  ui.views.waveform.w.a(Lui/frmwork/b/i;)V+13
J 14493 c1 ui.frmwork.b.l.d(Lui/frmwork/b/i;)V (61 bytes) @ 0x0000023e8b268d1c [0x0000023e8b2684c0+0x000000000000085c]
J 14482 c1 ui.frmwork.G.i(JZ)V (471 bytes) @ 0x0000023e8b2524ac [0x0000023e8b24dcc0+0x00000000000047ec]
J 14485 c1 ui.frmwork.G.fireTclEvent(J)I (113 bytes) @ 0x0000023e8b2576cc [0x0000023e8b256ec0+0x000000000000080c]
v  ~StubRoutines::call_stub
j  ui.views.waveform.waveformi.WVExecutive_processModelEvent(JJ)V+0
j  ui.views.waveform.executive.a.fu(J)V+5
j  ui.views.waveform.c.b.ft(J)V+8
j  ui.views.waveform.c.e.actionPerformed(Ljava/awt/event/ActionEvent;)V+8
J 14215 c1 javax.swing.Timer.fireActionPerformed(Ljava/awt/event/ActionEvent;)V java.desktop@9.0.4 (46 bytes) @ 0x0000023e8b1661c4 [0x0000023e8b165f00+0x00000000000002c4]
J 13782 c1 javax.swing.Timer$DoPostEvent.run()V java.desktop@9.0.4 (82 bytes) @ 0x0000023e8b05ad4c [0x0000023e8b05a500+0x000000000000084c]
J 14755 c2 java.awt.event.InvocationEvent.dispatch()V java.desktop@9.0.4 (69 bytes) @ 0x0000023e913b1d1c [0x0000023e913b1cc0+0x000000000000005c]
J 16545 c2 java.awt.EventQueue$3.run()Ljava/lang/Object; java.desktop@9.0.4 (5 bytes) @ 0x0000023e90d8e538 [0x0000023e90d8e460+0x00000000000000d8]
v  ~StubRoutines::call_stub
J 3777  java.security.AccessController.doPrivileged(Ljava/security/PrivilegedAction;Ljava/security/AccessControlContext;)Ljava/lang/Object; java.base@9.0.4 (0 bytes) @ 0x0000023e909491c6 [0x0000023e90949160+0x0000000000000066]
J 13788 c2 ui.frmwork.b.d.dispatchEvent(Ljava/awt/AWTEvent;)V (34 bytes) @ 0x0000023e9120affc [0x0000023e912096c0+0x000000000000193c]
J 16544 c1 java.awt.EventDispatchThread.pumpOneEventForFilters(I)V java.desktop@9.0.4 (218 bytes) @ 0x0000023e8a499414 [0x0000023e8a498040+0x00000000000013d4]
j  java.awt.EventDispatchThread.pumpEventsForFilter(ILjava/awt/Conditional;Ljava/awt/EventFilter;)V+35 java.desktop@9.0.4
j  java.awt.EventDispatchThread.pumpEventsForFilter(Ljava/awt/Conditional;Ljava/awt/EventFilter;)V+4 java.desktop@9.0.4
j  java.awt.WaitDispatchSupport$2.run()V+59 java.desktop@9.0.4
j  java.awt.WaitDispatchSupport$4.run()Ljava/lang/Void;+4 java.desktop@9.0.4
j  java.awt.WaitDispatchSupport$4.run()Ljava/lang/Object;+1 java.desktop@9.0.4
v  ~StubRoutines::call_stub
J 1047  java.security.AccessController.doPrivileged(Ljava/security/PrivilegedAction;)Ljava/lang/Object; java.base@9.0.4 (0 bytes) @ 0x0000023e90798732 [0x0000023e907986e0+0x0000000000000052]
j  java.awt.WaitDispatchSupport.enter()Z+260 java.desktop@9.0.4
j  java.awt.Dialog.show()V+225 java.desktop@9.0.4
J 8582 c1 java.awt.Component.setVisible(Z)V java.desktop@9.0.4 (6 bytes) @ 0x0000023e8a7e56cc [0x0000023e8a7e54e0+0x00000000000001ec]
j  java.awt.Window.setVisible(Z)V+2 java.desktop@9.0.4
j  java.awt.Dialog.setVisible(Z)V+2 java.desktop@9.0.4
j  ui.b.c.g.setVisible(Z)V+2
j  ui.b.c.bz.showDialog()V+64
j  ui.b.c.bI.actionPerformed(Ljava/awt/event/ActionEvent;)V+8
j  ui.b.c.bz.eWx()V+390
j  ui.views.c.t.b.a.run()V+60
j  ui.frmwork.a.gJb()Z+66
j  ui.frmwork.Y.gKQ()V+42
j  ui.bn.actionPerformed(Ljava/awt/event/ActionEvent;)V+25
j  javax.swing.AbstractButton.fireActionPerformed(Ljava/awt/event/ActionEvent;)V+84 java.desktop@9.0.4
j  ui.utils.swing.b.E.fireActionPerformed(Ljava/awt/event/ActionEvent;)V+7
j  javax.swing.AbstractButton$Handler.actionPerformed(Ljava/awt/event/ActionEvent;)V+5 java.desktop@9.0.4
j  javax.swing.DefaultButtonModel.fireActionPerformed(Ljava/awt/event/ActionEvent;)V+34 java.desktop@9.0.4
j  javax.swing.DefaultButtonModel.setPressed(Z)V+117 java.desktop@9.0.4
j  javax.swing.plaf.basic.BasicButtonListener.mouseReleased(Ljava/awt/event/MouseEvent;)V+35 java.desktop@9.0.4
j  com.jidesoft.plaf.basic.BasicJideButtonListener.mouseReleased(Ljava/awt/event/MouseEvent;)V+61
j  java.awt.AWTEventMulticaster.mouseReleased(Ljava/awt/event/MouseEvent;)V+8 java.desktop@9.0.4
j  java.awt.AWTEventMulticaster.mouseReleased(Ljava/awt/event/MouseEvent;)V+8 java.desktop@9.0.4
j  java.awt.AWTEventMulticaster.mouseReleased(Ljava/awt/event/MouseEvent;)V+8 java.desktop@9.0.4
j  java.awt.AWTEventMulticaster.mouseReleased(Ljava/awt/event/MouseEvent;)V+8 java.desktop@9.0.4
j  java.awt.Component.processMouseEvent(Ljava/awt/event/MouseEvent;)V+64 java.desktop@9.0.4
j  javax.swing.JComponent.processMouseEvent(Ljava/awt/event/MouseEvent;)V+23 java.desktop@9.0.4
J 13668 c2 java.awt.Container.processEvent(Ljava/awt/AWTEvent;)V java.desktop@9.0.4 (22 bytes) @ 0x0000023e911cea38 [0x0000023e911ce920+0x0000000000000118]
J 14303 c1 java.awt.Component.dispatchEventImpl(Ljava/awt/AWTEvent;)V java.desktop@9.0.4 (739 bytes) @ 0x0000023e8b1c658c [0x0000023e8b1c2920+0x0000000000003c6c]
J 16540 c2 java.awt.Container.dispatchEventImpl(Ljava/awt/AWTEvent;)V java.desktop@9.0.4 (129 bytes) @ 0x0000023e90dbb1d8 [0x0000023e90dbb180+0x0000000000000058]
J 16539 c1 java.awt.LightweightDispatcher.retargetMouseEvent(Ljava/awt/Component;ILjava/awt/event/MouseEvent;)V java.desktop@9.0.4 (350 bytes) @ 0x0000023e8a48278c [0x0000023e8a4804a0+0x00000000000022ec]
J 10397 c1 java.awt.LightweightDispatcher.processMouseEvent(Ljava/awt/event/MouseEvent;)Z java.desktop@9.0.4 (265 bytes) @ 0x0000023e89dcef34 [0x0000023e89dcdfc0+0x0000000000000f74]
J 16540 c2 java.awt.Container.dispatchEventImpl(Ljava/awt/AWTEvent;)V java.desktop@9.0.4 (129 bytes) @ 0x0000023e90dbb6a0 [0x0000023e90dbb180+0x0000000000000520]
J 10318 c1 java.awt.Window.dispatchEventImpl(Ljava/awt/AWTEvent;)V java.desktop@9.0.4 (23 bytes) @ 0x0000023e89d3eef4 [0x0000023e89d3e920+0x00000000000005d4]
J 16545 c2 java.awt.EventQueue$3.run()Ljava/lang/Object; java.desktop@9.0.4 (5 bytes) @ 0x0000023e90d8e5c4 [0x0000023e90d8e460+0x0000000000000164]
v  ~StubRoutines::call_stub
J 3777  java.security.AccessController.doPrivileged(Ljava/security/PrivilegedAction;Ljava/security/AccessControlContext;)Ljava/lang/Object; java.base@9.0.4 (0 bytes) @ 0x0000023e909491c6 [0x0000023e90949160+0x0000000000000066]
J 8708 c1 java.awt.EventQueue$4.run()Ljava/lang/Object; java.desktop@9.0.4 (5 bytes) @ 0x0000023e892ba654 [0x0000023e892ba260+0x00000000000003f4]
v  ~StubRoutines::call_stub
J 3777  java.security.AccessController.doPrivileged(Ljava/security/PrivilegedAction;Ljava/security/AccessControlContext;)Ljava/lang/Object; java.base@9.0.4 (0 bytes) @ 0x0000023e909491c6 [0x0000023e90949160+0x0000000000000066]
J 13788 c2 ui.frmwork.b.d.dispatchEvent(Ljava/awt/AWTEvent;)V (34 bytes) @ 0x0000023e9120a794 [0x0000023e912096c0+0x00000000000010d4]
J 16544 c1 java.awt.EventDispatchThread.pumpOneEventForFilters(I)V java.desktop@9.0.4 (218 bytes) @ 0x0000023e8a499414 [0x0000023e8a498040+0x00000000000013d4]
j  java.awt.EventDispatchThread.pumpEventsForFilter(ILjava/awt/Conditional;Ljava/awt/EventFilter;)V+35 java.desktop@9.0.4
j  java.awt.EventDispatchThread.pumpEventsForHierarchy(ILjava/awt/Conditional;Ljava/awt/Component;)V+11 java.desktop@9.0.4
j  java.awt.EventDispatchThread.pumpEvents(ILjava/awt/Conditional;)V+4 java.desktop@9.0.4
j  java.awt.EventDispatchThread.pumpEvents(Ljava/awt/Conditional;)V+3 java.desktop@9.0.4
j  java.awt.EventDispatchThread.run()V+9 java.desktop@9.0.4
v  ~StubRoutines::call_stub

siginfo: EXCEPTION_ACCESS_VIOLATION (0xc0000005), reading address 0xffffffffffffffff


Register to memory mapping:

RIP=0x00007ffe799df555 librdi_common.dll
RAX=0x0000023ef3d66d01 is an unknown value
RBX=0x9005cf00c25c636c is an unknown value
RCX=0x0000023ef3d66db0 is an unknown value
RDX=0x9005cf00c25c636c is an unknown value
RSP=0x000000ffb59f3cd0 is pointing into the stack for thread: 0x0000023e81166800
RBP=0x000000ffb59f3e00 is pointing into the stack for thread: 0x0000023e81166800
RSI=0x0000023ea463ce68 is an unknown value
RDI=0x000000ffb59f3ee8 is pointing into the stack for thread: 0x0000023e81166800
R8 =0x000000ffb59f3ee8 is pointing into the stack for thread: 0x0000023e81166800
R9 =0x0000000000000000 is an unknown value
R10=0x00007ffebe280000 VCRUNTIME140.dll
R11=0x00546c4a10629b07 is an unknown value
R12=0x000000ffb59f3ee8 is pointing into the stack for thread: 0x0000023e81166800
R13=0x0000000000000000 is an unknown value
R14=0x0000023ef11e1890 is an unknown value
R15=0x9005cf00c25c636c is an unknown value


Registers:
RAX=0x0000023ef3d66d01, RBX=0x9005cf00c25c636c, RCX=0x0000023ef3d66db0, RDX=0x9005cf00c25c636c
RSP=0x000000ffb59f3cd0, RBP=0x000000ffb59f3e00, RSI=0x0000023ea463ce68, RDI=0x000000ffb59f3ee8
R8 =0x000000ffb59f3ee8, R9 =0x0000000000000000, R10=0x00007ffebe280000, R11=0x00546c4a10629b07
R12=0x000000ffb59f3ee8, R13=0x0000000000000000, R14=0x0000023ef11e1890, R15=0x9005cf00c25c636c
RIP=0x00007ffe799df555, EFLAGS=0x0000000000010202

Top of Stack: (sp=0x000000ffb59f3cd0)
0x000000ffb59f3cd0:   000000ffb59f3fe0 00007ffeb6712cf7
0x000000ffb59f3ce0:   0000000000000000 9005cf00c25c636c
0x000000ffb59f3cf0:   9005cf00c25c636c 00007ffe799d42d5
0x000000ffb59f3d00:   000000ffb59f43a0 00007ffeb6712f5f
0x000000ffb59f3d10:   0000d04655a7bb71 0000023eacb51210
0x000000ffb59f3d20:   00000000000f423d 0000023eb257bb60
0x000000ffb59f3d30:   0000000000000002 00007ffe79a3cfe5
0x000000ffb59f3d40:   0000023efdce8760 0000023eb257bb68
0x000000ffb59f3d50:   0000023eb257bba8 0000023eb257bb60
0x000000ffb59f3d60:   fffffffffffffffe 00007ffe7a09d489
0x000000ffb59f3d70:   fffffffffffffffe 00007ffe7a84e630
0x000000ffb59f3d80:   0000023eb257bb60 0000023ef11fa308
0x000000ffb59f3d90:   000000ffb59f3ee8 00007ffe79a3c2d6
0x000000ffb59f3da0:   0000023eb257bb60 000000ffb59f3ee8
0x000000ffb59f3db0:   0000023e00000002 0000023eaa0bc580
0x000000ffb59f3dc0:   fffffffffffffffe 0000000000000003 

Instructions: (pc=0x00007ffe799df555)
0x00007ffe799df535:   20 48 8b d9 e8 22 c4 04 00 48 8b c8 48 8b d3 e8
0x00007ffe799df545:   27 0d 05 00 84 c0 75 08 33 c0 48 83 c4 20 5b c3
0x00007ffe799df555:   48 8b 4b 50 48 85 c9 74 0a 48 83 c4 20 5b e9 68
0x00007ffe799df565:   e2 04 00 48 8b d3 48 8d 0d 36 71 84 00 e8 59 b7 



---------------  P R O C E S S  ---------------

Java Threads: ( => current thread )
  0x0000023ea7e86800 JavaThread "Relaunch Simulation Thread" [_thread_blocked, id=10888, stack(0x000000ffba600000,0x000000ffbab00000)]
  0x0000023ea7e80800 JavaThread "SyntheticaAnimation 50" daemon [_thread_blocked, id=10428, stack(0x000000ffb9500000,0x000000ffb9a00000)]
  0x0000023ea7e86000 JavaThread "Image Fetcher 0" daemon [_thread_blocked, id=10424, stack(0x000000ffba000000,0x000000ffba500000)]
  0x0000023ea7e7e800 JavaThread "Thread-28" [_thread_in_native, id=2996, stack(0x000000ffb8600000,0x000000ffb8700000)]
  0x0000023ea7e84800 JavaThread "Thread-27" [_thread_in_native, id=6076, stack(0x000000ffb8400000,0x000000ffb8500000)]
  0x0000023ea7e81800 JavaThread "Update Runs Swing Worker Thread" [_thread_blocked, id=8900, stack(0x000000ffb9b00000,0x000000ffba000000)]
  0x0000023ea7e7f000 JavaThread "hw_ila_monitor" [_thread_blocked, id=6552, stack(0x000000ffb8c00000,0x000000ffb9100000)]
  0x0000023ef84ad800 JavaThread "Refresh Filesets Swing Worker Thread" [_thread_blocked, id=13908, stack(0x000000ffb5000000,0x000000ffb5500000)]
  0x0000023ef84af000 JavaThread "SyntheticaAnimation 70" daemon [_thread_blocked, id=10600, stack(0x000000ffb8700000,0x000000ffb8c00000)]
  0x0000023ef84ae800 JavaThread "Swing-Shell" daemon [_thread_blocked, id=4108, stack(0x000000ffb7f00000,0x000000ffb8400000)]
  0x0000023ef84aa800 JavaThread "SyntheticaAnimation 25" daemon [_thread_blocked, id=14608, stack(0x000000ffb7a00000,0x000000ffb7f00000)]
  0x0000023ef84ad000 JavaThread "SyntheticaAnimation 50" daemon [_thread_blocked, id=1628, stack(0x000000ffb7500000,0x000000ffb7a00000)]
  0x0000023ef84ab800 JavaThread "Monitor HEventQueue Thread" [_thread_blocked, id=13384, stack(0x000000ffb7000000,0x000000ffb7500000)]
  0x0000023ef84ac000 JavaThread "SyntheticaCleanerThread" daemon [_thread_blocked, id=8720, stack(0x000000ffb6900000,0x000000ffb6e00000)]
  0x0000023ef84a9000 JavaThread "Batik CleanerThread" daemon [_thread_blocked, id=10776, stack(0x000000ffb5a00000,0x000000ffb5f00000)]
  0x0000023e811db800 JavaThread "Process Messages Thread" [_thread_blocked, id=7948, stack(0x000000ffb5f00000,0x000000ffb6400000)]
  0x0000023e8117c800 JavaThread "Thread-1" [_thread_in_native, id=15016, stack(0x000000ffae200000,0x000000ffaf600000)]
=>0x0000023e81166800 JavaThread "AWT-EventQueue-0" [_thread_in_native, id=16656, stack(0x000000ffb5500000,0x000000ffb5a00000)]
  0x0000023efdc8e000 JavaThread "TimerQueue" daemon [_thread_blocked, id=3220, stack(0x000000ffb4b00000,0x000000ffb5000000)]
  0x0000023efd431800 JavaThread "AWT-Windows" daemon [_thread_in_native, id=15748, stack(0x000000ffb4600000,0x000000ffb4b00000)]
  0x0000023efa2bc800 JavaThread "AWT-Shutdown" [_thread_blocked, id=5544, stack(0x000000ffb4100000,0x000000ffb4600000)]
  0x0000023efa2bb800 JavaThread "Java2D Disposer" daemon [_thread_blocked, id=9752, stack(0x000000ffb3c00000,0x000000ffb4100000)]
  0x0000023efa1a7000 JavaThread "Service Thread" daemon [_thread_blocked, id=16524, stack(0x000000ffb3600000,0x000000ffb3b00000)]
  0x0000023ef84ba800 JavaThread "Common-Cleaner" daemon [_thread_blocked, id=6972, stack(0x000000ffb3100000,0x000000ffb3600000)]
  0x0000023ef84aa000 JavaThread "Sweeper thread" daemon [_thread_blocked, id=7408, stack(0x000000ffb2c00000,0x000000ffb3100000)]
  0x0000023efb938000 JavaThread "C1 CompilerThread3" daemon [_thread_blocked, id=11436, stack(0x000000ffb2b00000,0x000000ffb2c00000)]
  0x0000023efb937000 JavaThread "C2 CompilerThread2" daemon [_thread_blocked, id=8168, stack(0x000000ffb2a00000,0x000000ffb2b00000)]
  0x0000023efceea000 JavaThread "C2 CompilerThread1" daemon [_thread_blocked, id=5344, stack(0x000000ffb2900000,0x000000ffb2a00000)]
  0x0000023ef84a8800 JavaThread "C2 CompilerThread0" daemon [_thread_blocked, id=15576, stack(0x000000ffb2800000,0x000000ffb2900000)]
  0x0000023ef84a5000 JavaThread "Attach Listener" daemon [_thread_blocked, id=10304, stack(0x000000ffb2300000,0x000000ffb2800000)]
  0x0000023ef84a4800 JavaThread "Signal Dispatcher" daemon [_thread_blocked, id=12784, stack(0x000000ffb1e00000,0x000000ffb2300000)]
  0x0000023ef8490000 JavaThread "Finalizer" daemon [_thread_blocked, id=11972, stack(0x000000ffb1900000,0x000000ffb1e00000)]
  0x0000023ef9cc8800 JavaThread "Reference Handler" daemon [_thread_blocked, id=3968, stack(0x000000ffb1400000,0x000000ffb1900000)]
  0x0000023efc410800 JavaThread "main" [_thread_blocked, id=8156, stack(0x000000ffae100000,0x000000ffae200000)]

Other Threads:
  0x0000023efb79e800 VMThread "VM Thread" [stack: 0x000000ffb1300000,0x000000ffb1400000] [id=10988]
  0x0000023efa1a7800 WatcherThread [stack: 0x000000ffb3b00000,0x000000ffb3c00000] [id=4992]
  0x0000023ef8b09800 GCTaskThread "GC Thread#0" [stack: 0x000000ffafa00000,0x000000ffafb00000] [id=13644]
  0x0000023efcfc4800 GCTaskThread "GC Thread#1" [stack: 0x000000ffafb00000,0x000000ffafc00000] [id=10564]
  0x0000023efcfc2000 GCTaskThread "GC Thread#2" [stack: 0x000000ffafc00000,0x000000ffafd00000] [id=12264]
  0x0000023efcfc2800 GCTaskThread "GC Thread#3" [stack: 0x000000ffafd00000,0x000000ffafe00000] [id=15452]
  0x0000023efcfbe800 GCTaskThread "GC Thread#4" [stack: 0x000000ffafe00000,0x000000ffaff00000] [id=11456]
  0x0000023efcfc3800 GCTaskThread "GC Thread#5" [stack: 0x000000ffaff00000,0x000000ffb0000000] [id=3836]
  0x0000023efcfc4000 GCTaskThread "GC Thread#6" [stack: 0x000000ffb0000000,0x000000ffb0100000] [id=5212]
  0x0000023efcfc0000 GCTaskThread "GC Thread#7" [stack: 0x000000ffb0100000,0x000000ffb0200000] [id=15744]
  0x0000023efcfc1000 GCTaskThread "GC Thread#8" [stack: 0x000000ffb0200000,0x000000ffb0300000] [id=3372]
  0x0000023efcfc5000 GCTaskThread "GC Thread#9" [stack: 0x000000ffb0300000,0x000000ffb0400000] [id=11824]
  0x0000023efc9f7800 ConcurrentGCThread "G1 Main Marker" [stack: 0x000000ffb0f00000,0x000000ffb1000000] [id=16804]
  0x0000023efcfc1800 ConcurrentGCThread "G1 Marker#0" [stack: 0x000000ffb1000000,0x000000ffb1100000] [id=15224]
  0x0000023efcfbf000 ConcurrentGCThread "G1 Marker#1" [stack: 0x000000ffb1100000,0x000000ffb1200000] [id=12780]
  0x0000023efcfbf800 ConcurrentGCThread "G1 Marker#2" [stack: 0x000000ffb1200000,0x000000ffb1300000] [id=7736]
  0x0000023ef9677800 ConcurrentGCThread "G1 Refine#0" [stack: 0x000000ffb0d00000,0x000000ffb0e00000] [id=3620]
  0x0000023ef9676800 ConcurrentGCThread "G1 Refine#1" [stack: 0x000000ffb0c00000,0x000000ffb0d00000] [id=12416]
  0x0000023efb92a800 ConcurrentGCThread "G1 Refine#2" [stack: 0x000000ffb0b00000,0x000000ffb0c00000] [id=11700]
  0x0000023efb929800 ConcurrentGCThread "G1 Refine#3" [stack: 0x000000ffb0a00000,0x000000ffb0b00000] [id=16728]
  0x0000023ef610a800 ConcurrentGCThread "G1 Refine#4" [stack: 0x000000ffb0900000,0x000000ffb0a00000] [id=14212]
  0x0000023ef6109800 ConcurrentGCThread "G1 Refine#5" [stack: 0x000000ffb0800000,0x000000ffb0900000] [id=16868]
  0x0000023ef6130000 ConcurrentGCThread "G1 Refine#6" [stack: 0x000000ffb0700000,0x000000ffb0800000] [id=11796]
  0x0000023efbd1a800 ConcurrentGCThread "G1 Refine#7" [stack: 0x000000ffb0600000,0x000000ffb0700000] [id=8432]
  0x0000023efbd1a000 ConcurrentGCThread "G1 Refine#8" [stack: 0x000000ffb0500000,0x000000ffb0600000] [id=5340]
  0x0000023efbd19800 ConcurrentGCThread "G1 Refine#9" [stack: 0x000000ffb0400000,0x000000ffb0500000] [id=1920]
  0x0000023efc94d800 ConcurrentGCThread "G1 Young RemSet Sampling" [stack: 0x000000ffb0e00000,0x000000ffb0f00000] [id=568]

Threads with active compile tasks:

VM state:not at safepoint (normal execution)

VM Mutex/Monitor currently owned by a thread: None

Heap address: 0x0000000700000000, size: 3072 MB, Compressed Oops mode: Zero based, Oop shift amount: 3
Narrow klass base: 0x0000000000000000, Narrow klass shift: 3
Compressed class space size: 1073741824 Address: 0x00000007c0000000

Heap:
 garbage-first heap   total 193536K, used 121586K [0x0000000700000000, 0x00000007001005e8, 0x00000007c0000000)
  region size 1024K, 37 young (37888K), 2 survivors (2048K)
 Metaspace       used 82871K, capacity 88809K, committed 89116K, reserved 1124352K
  class space    used 12292K, capacity 13316K, committed 13384K, reserved 1048576K
Heap Regions: E=young(eden), S=young(survivor), O=old, HS=humongous(starts), HC=humongous(continues), CS=collection set, F=free, A=archive, TS=gc time stamp, AC=allocation context, TAMS=top-at-mark-start (previous, next)
|   0|0x0000000700000000, 0x00000007000fdc88, 0x0000000700100000| 99%| O|  |TS  0|AC  0|TAMS 0x00000007000fdc88, 0x00000007000fdc88|
|   1|0x0000000700100000, 0x00000007001fe838, 0x0000000700200000| 99%| O|  |TS  0|AC  0|TAMS 0x00000007001fe838, 0x00000007001fe838|
|   2|0x0000000700200000, 0x0000000700300000, 0x0000000700300000|100%|HS|  |TS  0|AC  0|TAMS 0x0000000700300000, 0x0000000700300000|
|   3|0x0000000700300000, 0x0000000700400000, 0x0000000700400000|100%|HC|  |TS  0|AC  0|TAMS 0x0000000700400000, 0x0000000700400000|
|   4|0x0000000700400000, 0x0000000700500000, 0x0000000700500000|100%|HS|  |TS  0|AC  0|TAMS 0x0000000700500000, 0x0000000700500000|
|   5|0x0000000700500000, 0x00000007005e5f00, 0x0000000700600000| 89%| O|  |TS  0|AC  0|TAMS 0x00000007005e5f00, 0x00000007005e5f00|
|   6|0x0000000700600000, 0x00000007006cc750, 0x0000000700700000| 79%| O|  |TS  0|AC  0|TAMS 0x00000007006cc750, 0x00000007006cc750|
|   7|0x0000000700700000, 0x00000007007f98c0, 0x0000000700800000| 97%| O|  |TS  0|AC  0|TAMS 0x00000007007f98c0, 0x00000007007f98c0|
|   8|0x0000000700800000, 0x00000007008fb630, 0x0000000700900000| 98%| O|  |TS  0|AC  0|TAMS 0x00000007008fb630, 0x00000007008fb630|
|   9|0x0000000700900000, 0x00000007009c8310, 0x0000000700a00000| 78%| O|  |TS  0|AC  0|TAMS 0x00000007009c8310, 0x00000007009c8310|
|  10|0x0000000700a00000, 0x0000000700af6788, 0x0000000700b00000| 96%| O|  |TS  0|AC  0|TAMS 0x0000000700af6788, 0x0000000700af6788|
|  11|0x0000000700b00000, 0x0000000700bfffa0, 0x0000000700c00000| 99%| O|  |TS  0|AC  0|TAMS 0x0000000700bfffa0, 0x0000000700bfffa0|
|  12|0x0000000700c00000, 0x0000000700cffff0, 0x0000000700d00000| 99%| O|  |TS  0|AC  0|TAMS 0x0000000700cffff0, 0x0000000700cffff0|
|  13|0x0000000700d00000, 0x0000000700dffff0, 0x0000000700e00000| 99%| O|  |TS  0|AC  0|TAMS 0x0000000700dffff0, 0x0000000700dffff0|
|  14|0x0000000700e00000, 0x0000000700effb10, 0x0000000700f00000| 99%| O|  |TS  0|AC  0|TAMS 0x0000000700effb10, 0x0000000700effb10|
|  15|0x0000000700f00000, 0x0000000701000000, 0x0000000701000000|100%| O|  |TS  0|AC  0|TAMS 0x0000000701000000, 0x0000000701000000|
|  16|0x0000000701000000, 0x00000007010ffee0, 0x0000000701100000| 99%| O|  |TS  0|AC  0|TAMS 0x00000007010ffee0, 0x00000007010ffee0|
|  17|0x0000000701100000, 0x0000000701200000, 0x0000000701200000|100%| O|  |TS  0|AC  0|TAMS 0x0000000701200000, 0x0000000701200000|
|  18|0x0000000701200000, 0x00000007012fffa8, 0x0000000701300000| 99%| O|  |TS  0|AC  0|TAMS 0x00000007012fffa8, 0x00000007012fffa8|
|  19|0x0000000701300000, 0x00000007013ffff8, 0x0000000701400000| 99%| O|  |TS  0|AC  0|TAMS 0x00000007013ffff8, 0x00000007013ffff8|
|  20|0x0000000701400000, 0x0000000701500000, 0x0000000701500000|100%|HS|  |TS  0|AC  0|TAMS 0x0000000701500000, 0x0000000701500000|
|  21|0x0000000701500000, 0x0000000701600000, 0x0000000701600000|100%| O|  |TS  0|AC  0|TAMS 0x0000000701600000, 0x0000000701600000|
|  22|0x0000000701600000, 0x00000007016fffd0, 0x0000000701700000| 99%| O|  |TS  0|AC  0|TAMS 0x00000007016fffd0, 0x00000007016fffd0|
|  23|0x0000000701700000, 0x00000007017ffd20, 0x0000000701800000| 99%| O|  |TS  0|AC  0|TAMS 0x00000007017ffd20, 0x00000007017ffd20|
|  24|0x0000000701800000, 0x00000007018ffff8, 0x0000000701900000| 99%| O|  |TS  0|AC  0|TAMS 0x00000007018ffff8, 0x00000007018ffff8|
|  25|0x0000000701900000, 0x00000007019ffff8, 0x0000000701a00000| 99%| O|  |TS  0|AC  0|TAMS 0x00000007019ffff8, 0x00000007019ffff8|
|  26|0x0000000701a00000, 0x0000000701afffd8, 0x0000000701b00000| 99%| O|  |TS  0|AC  0|TAMS 0x0000000701afffd8, 0x0000000701afffd8|
|  27|0x0000000701b00000, 0x0000000701bfe9b0, 0x0000000701c00000| 99%| O|  |TS  0|AC  0|TAMS 0x0000000701bfe9b0, 0x0000000701bfe9b0|
|  28|0x0000000701c00000, 0x0000000701d00000, 0x0000000701d00000|100%| O|  |TS  0|AC  0|TAMS 0x0000000701d00000, 0x0000000701d00000|
|  29|0x0000000701d00000, 0x0000000701dffe38, 0x0000000701e00000| 99%| O|  |TS  0|AC  0|TAMS 0x0000000701dffe38, 0x0000000701dffe38|
|  30|0x0000000701e00000, 0x0000000701efff48, 0x0000000701f00000| 99%| O|  |TS  0|AC  0|TAMS 0x0000000701efff48, 0x0000000701efff48|
|  31|0x0000000701f00000, 0x0000000701fffff8, 0x0000000702000000| 99%| O|  |TS  0|AC  0|TAMS 0x0000000701fffff8, 0x0000000701fffff8|
|  32|0x0000000702000000, 0x00000007020ada88, 0x0000000702100000| 67%| O|  |TS  0|AC  0|TAMS 0x00000007020ada88, 0x00000007020ada88|
|  33|0x0000000702100000, 0x00000007021ffff8, 0x0000000702200000| 99%| O|  |TS  0|AC  0|TAMS 0x00000007021ffff8, 0x00000007021ffff8|
|  34|0x0000000702200000, 0x0000000702300000, 0x0000000702300000|100%| O|  |TS  0|AC  0|TAMS 0x0000000702300000, 0x0000000702300000|
|  35|0x0000000702300000, 0x00000007023fffe8, 0x0000000702400000| 99%| O|  |TS  0|AC  0|TAMS 0x00000007023fffe8, 0x00000007023fffe8|
|  36|0x0000000702400000, 0x00000007024fffe8, 0x0000000702500000| 99%| O|  |TS  0|AC  0|TAMS 0x00000007024fffe8, 0x00000007024fffe8|
|  37|0x0000000702500000, 0x00000007025c39a0, 0x0000000702600000| 76%| O|  |TS  0|AC  0|TAMS 0x00000007025c39a0, 0x00000007025c39a0|
|  38|0x0000000702600000, 0x00000007026ffff0, 0x0000000702700000| 99%| O|  |TS  0|AC  0|TAMS 0x00000007026ffff0, 0x00000007026ffff0|
|  39|0x0000000702700000, 0x00000007027fffd8, 0x0000000702800000| 99%| O|  |TS  0|AC  0|TAMS 0x00000007027fffd8, 0x00000007027fffd8|
|  40|0x0000000702800000, 0x00000007028fffe8, 0x0000000702900000| 99%| O|  |TS  0|AC  0|TAMS 0x00000007028fffe8, 0x00000007028fffe8|
|  41|0x0000000702900000, 0x00000007029ffec0, 0x0000000702a00000| 99%| O|  |TS  0|AC  0|TAMS 0x00000007029ffec0, 0x00000007029ffec0|
|  42|0x0000000702a00000, 0x0000000702affff0, 0x0000000702b00000| 99%| O|  |TS  0|AC  0|TAMS 0x0000000702affff0, 0x0000000702affff0|
|  43|0x0000000702b00000, 0x0000000702bfffd8, 0x0000000702c00000| 99%| O|  |TS  0|AC  0|TAMS 0x0000000702bfffd8, 0x0000000702bfffd8|
|  44|0x0000000702c00000, 0x0000000702cfffd0, 0x0000000702d00000| 99%| O|  |TS  0|AC  0|TAMS 0x0000000702cfffd0, 0x0000000702cfffd0|
|  45|0x0000000702d00000, 0x0000000702dfffe8, 0x0000000702e00000| 99%| O|  |TS  0|AC  0|TAMS 0x0000000702dfffe8, 0x0000000702dfffe8|
|  46|0x0000000702e00000, 0x0000000702efffe0, 0x0000000702f00000| 99%| O|  |TS  0|AC  0|TAMS 0x0000000702efffe0, 0x0000000702efffe0|
|  47|0x0000000702f00000, 0x0000000702ffe4e0, 0x0000000703000000| 99%| O|  |TS  0|AC  0|TAMS 0x0000000702ffe4e0, 0x0000000702ffe4e0|
|  48|0x0000000703000000, 0x00000007030ffff8, 0x0000000703100000| 99%| O|  |TS  0|AC  0|TAMS 0x00000007030ffff8, 0x00000007030ffff8|
|  49|0x0000000703100000, 0x00000007031fff38, 0x0000000703200000| 99%| O|  |TS  0|AC  0|TAMS 0x00000007031fff38, 0x00000007031fff38|
|  50|0x0000000703200000, 0x00000007032fffe8, 0x0000000703300000| 99%| O|  |TS  0|AC  0|TAMS 0x00000007032fffe8, 0x00000007032fffe8|
|  51|0x0000000703300000, 0x00000007033fffd8, 0x0000000703400000| 99%| O|  |TS  0|AC  0|TAMS 0x00000007033fffd8, 0x00000007033fffd8|
|  52|0x0000000703400000, 0x00000007034fffd8, 0x0000000703500000| 99%| O|  |TS  0|AC  0|TAMS 0x00000007034fffd8, 0x00000007034fffd8|
|  53|0x0000000703500000, 0x0000000703600000, 0x0000000703600000|100%|HS|  |TS  0|AC  0|TAMS 0x0000000703600000, 0x0000000703600000|
|  54|0x0000000703600000, 0x0000000703700000, 0x0000000703700000|100%|HC|  |TS  0|AC  0|TAMS 0x0000000703700000, 0x0000000703700000|
|  55|0x0000000703700000, 0x0000000703800000, 0x0000000703800000|100%|HC|  |TS  0|AC  0|TAMS 0x0000000703800000, 0x0000000703800000|
|  56|0x0000000703800000, 0x0000000703900000, 0x0000000703900000|100%|HC|  |TS  0|AC  0|TAMS 0x0000000703900000, 0x0000000703900000|
|  57|0x0000000703900000, 0x0000000703a00000, 0x0000000703a00000|100%|HC|  |TS  0|AC  0|TAMS 0x0000000703a00000, 0x0000000703a00000|
|  58|0x0000000703a00000, 0x0000000703b00000, 0x0000000703b00000|100%|HC|  |TS  0|AC  0|TAMS 0x0000000703b00000, 0x0000000703b00000|
|  59|0x0000000703b00000, 0x0000000703c00000, 0x0000000703c00000|100%|HC|  |TS  0|AC  0|TAMS 0x0000000703c00000, 0x0000000703c00000|
|  60|0x0000000703c00000, 0x0000000703d00000, 0x0000000703d00000|100%|HC|  |TS  0|AC  0|TAMS 0x0000000703d00000, 0x0000000703d00000|
|  61|0x0000000703d00000, 0x0000000703dffff8, 0x0000000703e00000| 99%| O|  |TS  0|AC  0|TAMS 0x0000000703dffff8, 0x0000000703dffff8|
|  62|0x0000000703e00000, 0x0000000703f00000, 0x0000000703f00000|100%| O|  |TS  0|AC  0|TAMS 0x0000000703f00000, 0x0000000703f00000|
|  63|0x0000000703f00000, 0x0000000703fffeb8, 0x0000000704000000| 99%| O|  |TS  0|AC  0|TAMS 0x0000000703fffeb8, 0x0000000703fffeb8|
|  64|0x0000000704000000, 0x00000007040fffe0, 0x0000000704100000| 99%| O|  |TS  0|AC  0|TAMS 0x00000007040fffe0, 0x00000007040fffe0|
|  65|0x0000000704100000, 0x00000007041ffeb8, 0x0000000704200000| 99%| O|  |TS  0|AC  0|TAMS 0x00000007041ffeb8, 0x00000007041ffeb8|
|  66|0x0000000704200000, 0x0000000704300000, 0x0000000704300000|100%| O|  |TS  0|AC  0|TAMS 0x0000000704300000, 0x0000000704300000|
|  67|0x0000000704300000, 0x00000007043ffff8, 0x0000000704400000| 99%| O|  |TS  0|AC  0|TAMS 0x00000007043ffff8, 0x00000007043ffff8|
|  68|0x0000000704400000, 0x00000007044ffff8, 0x0000000704500000| 99%| O|  |TS  0|AC  0|TAMS 0x00000007044ffff8, 0x00000007044ffff8|
|  69|0x0000000704500000, 0x00000007045eb510, 0x0000000704600000| 91%| O|  |TS  0|AC  0|TAMS 0x00000007045eb510, 0x00000007045eb510|
|  70|0x0000000704600000, 0x00000007046ffff8, 0x0000000704700000| 99%| O|  |TS  0|AC  0|TAMS 0x00000007046ffff8, 0x00000007046ffff8|
|  71|0x0000000704700000, 0x00000007047ffff8, 0x0000000704800000| 99%| O|  |TS  0|AC  0|TAMS 0x00000007047ffff8, 0x00000007047ffff8|
|  72|0x0000000704800000, 0x00000007048ffff0, 0x0000000704900000| 99%| O|  |TS  0|AC  0|TAMS 0x00000007048ffff0, 0x00000007048ffff0|
|  73|0x0000000704900000, 0x00000007049ffff8, 0x0000000704a00000| 99%| O|  |TS  0|AC  0|TAMS 0x00000007049ffff8, 0x00000007049ffff8|
|  74|0x0000000704a00000, 0x0000000704afdaa8, 0x0000000704b00000| 99%| O|  |TS  0|AC  0|TAMS 0x0000000704afdaa8, 0x0000000704afdaa8|
|  75|0x0000000704b00000, 0x0000000704bfffe8, 0x0000000704c00000| 99%| O|  |TS  0|AC  0|TAMS 0x0000000704bfffe8, 0x0000000704bfffe8|
|  76|0x0000000704c00000, 0x0000000704cffff8, 0x0000000704d00000| 99%| O|  |TS  0|AC  0|TAMS 0x0000000704cffff8, 0x0000000704cffff8|
|  77|0x0000000704d00000, 0x0000000704dffff8, 0x0000000704e00000| 99%| O|  |TS  0|AC  0|TAMS 0x0000000704dffff8, 0x0000000704dffff8|
|  78|0x0000000704e00000, 0x0000000704efffc8, 0x0000000704f00000| 99%| O|  |TS  0|AC  0|TAMS 0x0000000704efffc8, 0x0000000704efffc8|
|  79|0x0000000704f00000, 0x0000000704ffef20, 0x0000000705000000| 99%| O|  |TS  0|AC  0|TAMS 0x0000000704ffef20, 0x0000000704ffef20|
|  80|0x0000000705000000, 0x00000007050ffff0, 0x0000000705100000| 99%| O|  |TS  0|AC  0|TAMS 0x00000007050ffff0, 0x00000007050ffff0|
|  81|0x0000000705100000, 0x00000007051ffe10, 0x0000000705200000| 99%| O|  |TS  0|AC  0|TAMS 0x00000007051ffe10, 0x00000007051ffe10|
|  82|0x0000000705200000, 0x00000007052fffd8, 0x0000000705300000| 99%| O|  |TS  0|AC  0|TAMS 0x00000007052fffd8, 0x00000007052fffd8|
|  83|0x0000000705300000, 0x00000007053a4790, 0x0000000705400000| 64%| O|  |TS  0|AC  0|TAMS 0x00000007053a4790, 0x00000007053a4790|
|  84|0x0000000705400000, 0x0000000705500000, 0x0000000705500000|100%|HS|  |TS  0|AC  0|TAMS 0x0000000705500000, 0x0000000705500000|
|  85|0x0000000705500000, 0x0000000705500000, 0x0000000705600000|  0%| F|  |TS  0|AC  0|TAMS 0x0000000705500000, 0x0000000705500000|
|  86|0x0000000705600000, 0x0000000705600000, 0x0000000705700000|  0%| F|  |TS  0|AC  0|TAMS 0x0000000705600000, 0x0000000705600000|
|  87|0x0000000705700000, 0x0000000705700000, 0x0000000705800000|  0%| F|  |TS  0|AC  0|TAMS 0x0000000705700000, 0x0000000705700000|
|  88|0x0000000705800000, 0x0000000705800000, 0x0000000705900000|  0%| F|  |TS  0|AC  0|TAMS 0x0000000705800000, 0x0000000705800000|
|  89|0x0000000705900000, 0x0000000705900000, 0x0000000705a00000|  0%| F|  |TS  0|AC  0|TAMS 0x0000000705900000, 0x0000000705900000|
|  90|0x0000000705a00000, 0x0000000705a00000, 0x0000000705b00000|  0%| F|  |TS  1|AC  0|TAMS 0x0000000705a00000, 0x0000000705a00000|
|  91|0x0000000705b00000, 0x0000000705b00000, 0x0000000705c00000|  0%| F|  |TS  0|AC  0|TAMS 0x0000000705b00000, 0x0000000705b00000|
|  92|0x0000000705c00000, 0x0000000705c00000, 0x0000000705d00000|  0%| F|  |TS  0|AC  0|TAMS 0x0000000705c00000, 0x0000000705c00000|
|  93|0x0000000705d00000, 0x0000000705d00000, 0x0000000705e00000|  0%| F|  |TS  0|AC  0|TAMS 0x0000000705d00000, 0x0000000705d00000|
|  94|0x0000000705e00000, 0x0000000705e00000, 0x0000000705f00000|  0%| F|  |TS  0|AC  0|TAMS 0x0000000705e00000, 0x0000000705e00000|
|  95|0x0000000705f00000, 0x0000000705f00000, 0x0000000706000000|  0%| F|  |TS  0|AC  0|TAMS 0x0000000705f00000, 0x0000000705f00000|
|  96|0x0000000706000000, 0x0000000706000000, 0x0000000706100000|  0%| F|  |TS  0|AC  0|TAMS 0x0000000706000000, 0x0000000706000000|
|  97|0x0000000706100000, 0x0000000706100000, 0x0000000706200000|  0%| F|  |TS  0|AC  0|TAMS 0x0000000706100000, 0x0000000706100000|
|  98|0x0000000706200000, 0x0000000706200000, 0x0000000706300000|  0%| F|  |TS  0|AC  0|TAMS 0x0000000706200000, 0x0000000706200000|
|  99|0x0000000706300000, 0x0000000706300000, 0x0000000706400000|  0%| F|  |TS  0|AC  0|TAMS 0x0000000706300000, 0x0000000706300000|
| 100|0x0000000706400000, 0x0000000706400000, 0x0000000706500000|  0%| F|  |TS  0|AC  0|TAMS 0x0000000706400000, 0x0000000706400000|
| 101|0x0000000706500000, 0x0000000706500000, 0x0000000706600000|  0%| F|  |TS  0|AC  0|TAMS 0x0000000706500000, 0x0000000706500000|
| 102|0x0000000706600000, 0x0000000706600000, 0x0000000706700000|  0%| F|  |TS  0|AC  0|TAMS 0x0000000706600000, 0x0000000706600000|
| 103|0x0000000706700000, 0x0000000706700000, 0x0000000706800000|  0%| F|  |TS  0|AC  0|TAMS 0x0000000706700000, 0x0000000706700000|
| 104|0x0000000706800000, 0x0000000706800000, 0x0000000706900000|  0%| F|  |TS  0|AC  0|TAMS 0x0000000706800000, 0x0000000706800000|
| 105|0x0000000706900000, 0x0000000706900000, 0x0000000706a00000|  0%| F|  |TS  0|AC  0|TAMS 0x0000000706900000, 0x0000000706900000|
| 106|0x0000000706a00000, 0x0000000706a00000, 0x0000000706b00000|  0%| F|  |TS  0|AC  0|TAMS 0x0000000706a00000, 0x0000000706a00000|
| 107|0x0000000706b00000, 0x0000000706b00000, 0x0000000706c00000|  0%| F|  |TS  0|AC  0|TAMS 0x0000000706b00000, 0x0000000706b00000|
| 108|0x0000000706c00000, 0x0000000706c00000, 0x0000000706d00000|  0%| F|  |TS  0|AC  0|TAMS 0x0000000706c00000, 0x0000000706c00000|
| 109|0x0000000706d00000, 0x0000000706d00000, 0x0000000706e00000|  0%| F|  |TS  0|AC  0|TAMS 0x0000000706d00000, 0x0000000706d00000|
| 110|0x0000000706e00000, 0x0000000706e00000, 0x0000000706f00000|  0%| F|  |TS  0|AC  0|TAMS 0x0000000706e00000, 0x0000000706e00000|
| 111|0x0000000706f00000, 0x0000000706f00000, 0x0000000707000000|  0%| F|  |TS  0|AC  0|TAMS 0x0000000706f00000, 0x0000000706f00000|
| 112|0x0000000707000000, 0x0000000707000000, 0x0000000707100000|  0%| F|  |TS  0|AC  0|TAMS 0x0000000707000000, 0x0000000707000000|
| 113|0x0000000707100000, 0x0000000707100000, 0x0000000707200000|  0%| F|  |TS  0|AC  0|TAMS 0x0000000707100000, 0x0000000707100000|
| 114|0x0000000707200000, 0x0000000707200000, 0x0000000707300000|  0%| F|  |TS  0|AC  0|TAMS 0x0000000707200000, 0x0000000707200000|
| 115|0x0000000707300000, 0x0000000707300000, 0x0000000707400000|  0%| F|  |TS  0|AC  0|TAMS 0x0000000707300000, 0x0000000707300000|
| 116|0x0000000707400000, 0x0000000707400000, 0x0000000707500000|  0%| F|  |TS  0|AC  0|TAMS 0x0000000707400000, 0x0000000707400000|
| 117|0x0000000707500000, 0x0000000707500000, 0x0000000707600000|  0%| F|  |TS  0|AC  0|TAMS 0x0000000707500000, 0x0000000707500000|
| 118|0x0000000707600000, 0x0000000707600000, 0x0000000707700000|  0%| F|  |TS  0|AC  0|TAMS 0x0000000707600000, 0x0000000707600000|
| 119|0x0000000707700000, 0x0000000707700000, 0x0000000707800000|  0%| F|  |TS  0|AC  0|TAMS 0x0000000707700000, 0x0000000707700000|
| 120|0x0000000707800000, 0x0000000707800000, 0x0000000707900000|  0%| F|  |TS  0|AC  0|TAMS 0x0000000707800000, 0x0000000707800000|
| 121|0x0000000707900000, 0x0000000707900000, 0x0000000707a00000|  0%| F|  |TS  0|AC  0|TAMS 0x0000000707900000, 0x0000000707900000|
| 122|0x0000000707a00000, 0x0000000707a00000, 0x0000000707b00000|  0%| F|  |TS  0|AC  0|TAMS 0x0000000707a00000, 0x0000000707a00000|
| 123|0x0000000707b00000, 0x0000000707b00000, 0x0000000707c00000|  0%| F|  |TS  0|AC  0|TAMS 0x0000000707b00000, 0x0000000707b00000|
| 124|0x0000000707c00000, 0x0000000707c00000, 0x0000000707d00000|  0%| F|  |TS  0|AC  0|TAMS 0x0000000707c00000, 0x0000000707c00000|
| 125|0x0000000707d00000, 0x0000000707d00000, 0x0000000707e00000|  0%| F|  |TS  0|AC  0|TAMS 0x0000000707d00000, 0x0000000707d00000|
| 126|0x0000000707e00000, 0x0000000707e00000, 0x0000000707f00000|  0%| F|  |TS  0|AC  0|TAMS 0x0000000707e00000, 0x0000000707e00000|
| 127|0x0000000707f00000, 0x0000000707f612f0, 0x0000000708000000| 37%| S|CS|TS  5|AC  0|TAMS 0x0000000707f00000, 0x0000000707f00000|
| 128|0x0000000708000000, 0x0000000708100000, 0x0000000708100000|100%| S|CS|TS  5|AC  0|TAMS 0x0000000708000000, 0x0000000708000000|
| 129|0x0000000708100000, 0x0000000708100000, 0x0000000708200000|  0%| F|  |TS  5|AC  0|TAMS 0x0000000708100000, 0x0000000708100000|
| 130|0x0000000708200000, 0x0000000708200000, 0x0000000708300000|  0%| F|  |TS  5|AC  0|TAMS 0x0000000708200000, 0x0000000708200000|
| 131|0x0000000708300000, 0x0000000708300000, 0x0000000708400000|  0%| F|  |TS  5|AC  0|TAMS 0x0000000708300000, 0x0000000708300000|
| 132|0x0000000708400000, 0x0000000708400000, 0x0000000708500000|  0%| F|  |TS  5|AC  0|TAMS 0x0000000708400000, 0x0000000708400000|
| 133|0x0000000708500000, 0x0000000708500000, 0x0000000708600000|  0%| F|  |TS  5|AC  0|TAMS 0x0000000708500000, 0x0000000708500000|
| 134|0x0000000708600000, 0x0000000708600000, 0x0000000708700000|  0%| F|  |TS  5|AC  0|TAMS 0x0000000708600000, 0x0000000708600000|
| 135|0x0000000708700000, 0x0000000708700000, 0x0000000708800000|  0%| F|  |TS  5|AC  0|TAMS 0x0000000708700000, 0x0000000708700000|
| 136|0x0000000708800000, 0x0000000708800000, 0x0000000708900000|  0%| F|  |TS  5|AC  0|TAMS 0x0000000708800000, 0x0000000708800000|
| 137|0x0000000708900000, 0x0000000708900000, 0x0000000708a00000|  0%| F|  |TS  5|AC  0|TAMS 0x0000000708900000, 0x0000000708900000|
| 138|0x0000000708a00000, 0x0000000708a00000, 0x0000000708b00000|  0%| F|  |TS  5|AC  0|TAMS 0x0000000708a00000, 0x0000000708a00000|
| 139|0x0000000708b00000, 0x0000000708b00000, 0x0000000708c00000|  0%| F|  |TS  5|AC  0|TAMS 0x0000000708b00000, 0x0000000708b00000|
| 140|0x0000000708c00000, 0x0000000708c00000, 0x0000000708d00000|  0%| F|  |TS  5|AC  0|TAMS 0x0000000708c00000, 0x0000000708c00000|
| 141|0x0000000708d00000, 0x0000000708d00000, 0x0000000708e00000|  0%| F|  |TS  5|AC  0|TAMS 0x0000000708d00000, 0x0000000708d00000|
| 142|0x0000000708e00000, 0x0000000708e00000, 0x0000000708f00000|  0%| F|  |TS  5|AC  0|TAMS 0x0000000708e00000, 0x0000000708e00000|
| 143|0x0000000708f00000, 0x0000000708f00000, 0x0000000709000000|  0%| F|  |TS  5|AC  0|TAMS 0x0000000708f00000, 0x0000000708f00000|
| 144|0x0000000709000000, 0x0000000709000000, 0x0000000709100000|  0%| F|  |TS  5|AC  0|TAMS 0x0000000709000000, 0x0000000709000000|
| 145|0x0000000709100000, 0x0000000709100000, 0x0000000709200000|  0%| F|  |TS  5|AC  0|TAMS 0x0000000709100000, 0x0000000709100000|
| 146|0x0000000709200000, 0x0000000709200000, 0x0000000709300000|  0%| F|  |TS  5|AC  0|TAMS 0x0000000709200000, 0x0000000709200000|
| 147|0x0000000709300000, 0x0000000709300000, 0x0000000709400000|  0%| F|  |TS  5|AC  0|TAMS 0x0000000709300000, 0x0000000709300000|
| 148|0x0000000709400000, 0x0000000709400000, 0x0000000709500000|  0%| F|  |TS  5|AC  0|TAMS 0x0000000709400000, 0x0000000709400000|
| 149|0x0000000709500000, 0x0000000709500000, 0x0000000709600000|  0%| F|  |TS  5|AC  0|TAMS 0x0000000709500000, 0x0000000709500000|
| 150|0x0000000709600000, 0x0000000709600000, 0x0000000709700000|  0%| F|  |TS  5|AC  0|TAMS 0x0000000709600000, 0x0000000709600000|
| 151|0x0000000709700000, 0x0000000709700000, 0x0000000709800000|  0%| F|  |TS  5|AC  0|TAMS 0x0000000709700000, 0x0000000709700000|
| 152|0x0000000709800000, 0x0000000709800000, 0x0000000709900000|  0%| F|  |TS  5|AC  0|TAMS 0x0000000709800000, 0x0000000709800000|
| 153|0x0000000709900000, 0x0000000709900000, 0x0000000709a00000|  0%| F|  |TS  5|AC  0|TAMS 0x0000000709900000, 0x0000000709900000|
| 154|0x0000000709a00000, 0x0000000709ac1d28, 0x0000000709b00000| 75%| E|  |TS  5|AC  0|TAMS 0x0000000709a00000, 0x0000000709a00000|
| 155|0x0000000709b00000, 0x0000000709c00000, 0x0000000709c00000|100%| E|CS|TS  5|AC  0|TAMS 0x0000000709b00000, 0x0000000709b00000|
| 156|0x0000000709c00000, 0x0000000709d00000, 0x0000000709d00000|100%| E|CS|TS  5|AC  0|TAMS 0x0000000709c00000, 0x0000000709c00000|
| 157|0x0000000709d00000, 0x0000000709e00000, 0x0000000709e00000|100%| E|CS|TS  5|AC  0|TAMS 0x0000000709d00000, 0x0000000709d00000|
| 158|0x0000000709e00000, 0x0000000709f00000, 0x0000000709f00000|100%| E|CS|TS  5|AC  0|TAMS 0x0000000709e00000, 0x0000000709e00000|
| 159|0x0000000709f00000, 0x000000070a000000, 0x000000070a000000|100%| E|CS|TS  5|AC  0|TAMS 0x0000000709f00000, 0x0000000709f00000|
| 160|0x000000070a000000, 0x000000070a100000, 0x000000070a100000|100%| E|CS|TS  5|AC  0|TAMS 0x000000070a000000, 0x000000070a000000|
| 161|0x000000070a100000, 0x000000070a200000, 0x000000070a200000|100%| E|CS|TS  5|AC  0|TAMS 0x000000070a100000, 0x000000070a100000|
| 162|0x000000070a200000, 0x000000070a300000, 0x000000070a300000|100%| E|CS|TS  5|AC  0|TAMS 0x000000070a200000, 0x000000070a200000|
| 163|0x000000070a300000, 0x000000070a400000, 0x000000070a400000|100%| E|CS|TS  5|AC  0|TAMS 0x000000070a300000, 0x000000070a300000|
| 164|0x000000070a400000, 0x000000070a500000, 0x000000070a500000|100%| E|CS|TS  5|AC  0|TAMS 0x000000070a400000, 0x000000070a400000|
| 165|0x000000070a500000, 0x000000070a600000, 0x000000070a600000|100%| E|CS|TS  5|AC  0|TAMS 0x000000070a500000, 0x000000070a500000|
| 166|0x000000070a600000, 0x000000070a700000, 0x000000070a700000|100%| E|CS|TS  5|AC  0|TAMS 0x000000070a600000, 0x000000070a600000|
| 167|0x000000070a700000, 0x000000070a800000, 0x000000070a800000|100%| E|CS|TS  5|AC  0|TAMS 0x000000070a700000, 0x000000070a700000|
| 168|0x000000070a800000, 0x000000070a900000, 0x000000070a900000|100%| E|CS|TS  5|AC  0|TAMS 0x000000070a800000, 0x000000070a800000|
| 169|0x000000070a900000, 0x000000070aa00000, 0x000000070aa00000|100%| E|CS|TS  5|AC  0|TAMS 0x000000070a900000, 0x000000070a900000|
| 170|0x000000070aa00000, 0x000000070ab00000, 0x000000070ab00000|100%| E|CS|TS  5|AC  0|TAMS 0x000000070aa00000, 0x000000070aa00000|
| 171|0x000000070ab00000, 0x000000070ac00000, 0x000000070ac00000|100%| E|CS|TS  5|AC  0|TAMS 0x000000070ab00000, 0x000000070ab00000|
| 172|0x000000070ac00000, 0x000000070ad00000, 0x000000070ad00000|100%| E|CS|TS  5|AC  0|TAMS 0x000000070ac00000, 0x000000070ac00000|
| 173|0x000000070ad00000, 0x000000070ae00000, 0x000000070ae00000|100%| E|CS|TS  5|AC  0|TAMS 0x000000070ad00000, 0x000000070ad00000|
| 174|0x000000070ae00000, 0x000000070af00000, 0x000000070af00000|100%| E|CS|TS  5|AC  0|TAMS 0x000000070ae00000, 0x000000070ae00000|
| 175|0x000000070af00000, 0x000000070b000000, 0x000000070b000000|100%| E|CS|TS  5|AC  0|TAMS 0x000000070af00000, 0x000000070af00000|
| 176|0x000000070b000000, 0x000000070b100000, 0x000000070b100000|100%| E|CS|TS  5|AC  0|TAMS 0x000000070b000000, 0x000000070b000000|
| 177|0x000000070b100000, 0x000000070b200000, 0x000000070b200000|100%| E|CS|TS  5|AC  0|TAMS 0x000000070b100000, 0x000000070b100000|
| 178|0x000000070b200000, 0x000000070b300000, 0x000000070b300000|100%| E|CS|TS  5|AC  0|TAMS 0x000000070b200000, 0x000000070b200000|
| 179|0x000000070b300000, 0x000000070b400000, 0x000000070b400000|100%| E|CS|TS  5|AC  0|TAMS 0x000000070b300000, 0x000000070b300000|
| 180|0x000000070b400000, 0x000000070b500000, 0x000000070b500000|100%| E|CS|TS  5|AC  0|TAMS 0x000000070b400000, 0x000000070b400000|
| 181|0x000000070b500000, 0x000000070b600000, 0x000000070b600000|100%| E|CS|TS  5|AC  0|TAMS 0x000000070b500000, 0x000000070b500000|
| 182|0x000000070b600000, 0x000000070b700000, 0x000000070b700000|100%| E|CS|TS  5|AC  0|TAMS 0x000000070b600000, 0x000000070b600000|
| 183|0x000000070b700000, 0x000000070b800000, 0x000000070b800000|100%| E|CS|TS  5|AC  0|TAMS 0x000000070b700000, 0x000000070b700000|
| 184|0x000000070b800000, 0x000000070b900000, 0x000000070b900000|100%| E|CS|TS  5|AC  0|TAMS 0x000000070b800000, 0x000000070b800000|
| 185|0x000000070b900000, 0x000000070ba00000, 0x000000070ba00000|100%| E|CS|TS  5|AC  0|TAMS 0x000000070b900000, 0x000000070b900000|
| 186|0x000000070ba00000, 0x000000070bb00000, 0x000000070bb00000|100%| E|CS|TS  5|AC  0|TAMS 0x000000070ba00000, 0x000000070ba00000|
| 187|0x000000070bb00000, 0x000000070bc00000, 0x000000070bc00000|100%| E|CS|TS  5|AC  0|TAMS 0x000000070bb00000, 0x000000070bb00000|
| 188|0x000000070bc00000, 0x000000070bd00000, 0x000000070bd00000|100%| E|CS|TS  5|AC  0|TAMS 0x000000070bc00000, 0x000000070bc00000|

Card table byte_map: [0x0000023e994f0000,0x0000023e99af0000] byte_map_base: 0x0000023e95cf0000

Marking Bits (Prev, Next): (CMBitMap*) 0x0000023efc95e0e0, (CMBitMap*) 0x0000023efc95e118
 Prev Bits: [0x0000023e9a0f0000, 0x0000023e9d0f0000)
 Next Bits: [0x0000023e9d0f0000, 0x0000023ea00f0000)

Polling page: 0x0000023e82100000

CodeHeap 'non-profiled nmethods': size=120000Kb used=14840Kb max_used=14840Kb free=105159Kb
 bounds [0x0000023e90730000, 0x0000023e915b0000, 0x0000023e97c60000]
CodeHeap 'profiled nmethods': size=120000Kb used=37797Kb max_used=37797Kb free=82203Kb
 bounds [0x0000023e89200000, 0x0000023e8b740000, 0x0000023e90730000]
CodeHeap 'non-nmethods': size=5760Kb used=1761Kb max_used=1821Kb free=3998Kb
 bounds [0x0000023e88c60000, 0x0000023e88ed0000, 0x0000023e89200000]
 total_blobs=23746 nmethods=14402 adapters=1082
 compilation: enabled

Compilation events (10 events):
Event: 111.206 Thread 0x0000023efb938000 16686       3       java.lang.StringConcatHelper::mixCoder (16 bytes)
Event: 111.206 Thread 0x0000023efb938000 nmethod 16686 0x0000023e8a404390 code [0x0000023e8a404540, 0x0000023e8a404798]
Event: 111.206 Thread 0x0000023efb938000 16687       3       java.lang.StringConcatHelper::mixLen (7 bytes)
Event: 111.207 Thread 0x0000023efb938000 nmethod 16687 0x0000023e8a441310 code [0x0000023e8a4414e0, 0x0000023e8a441770]
Event: 111.207 Thread 0x0000023efb938000 16688       3       java.lang.StringConcatHelper::prepend (30 bytes)
Event: 111.207 Thread 0x0000023efb938000 nmethod 16688 0x0000023e8a450e10 code [0x0000023e8a450fc0, 0x0000023e8a451198]
Event: 111.482 Thread 0x0000023efb938000 16689       3       ui.views.waveform.executive.protobuf.WVPrefs$WVColoredObject$1::parsePartialFrom (7 bytes)
Event: 111.483 Thread 0x0000023efb938000 nmethod 16689 0x0000023e8a45d590 code [0x0000023e8a45d760, 0x0000023e8a45da30]
Event: 111.483 Thread 0x0000023efb938000 16690       3       ui.views.waveform.executive.protobuf.WVPrefs$WVColoredObject$1::parsePartialFrom (11 bytes)
Event: 111.483 Thread 0x0000023efb938000 nmethod 16690 0x0000023e8a461c90 code [0x0000023e8a461e60, 0x0000023e8a4620b0]

GC Heap History (10 events):
Event: 92.037 GC heap before
{Heap before GC invocations=45 (full 2):
 garbage-first heap   total 193536K, used 147308K [0x0000000700000000, 0x00000007001005e8, 0x00000007c0000000)
  region size 1024K, 60 young (61440K), 1 survivors (1024K)
 Metaspace       used 81326K, capacity 86577K, committed 86684K, reserved 1122304K
  class space    used 12093K, capacity 12996K, committed 13000K, reserved 1048576K
}
Event: 92.039 GC heap after
{Heap after GC invocations=46 (full 2):
 garbage-first heap   total 193536K, used 86921K [0x0000000700000000, 0x00000007001005e8, 0x00000007c0000000)
  region size 1024K, 1 young (1024K), 1 survivors (1024K)
 Metaspace       used 81326K, capacity 86577K, committed 86684K, reserved 1122304K
  class space    used 12093K, capacity 12996K, committed 13000K, reserved 1048576K
}
Event: 93.967 GC heap before
{Heap before GC invocations=46 (full 2):
 garbage-first heap   total 193536K, used 147337K [0x0000000700000000, 0x00000007001005e8, 0x00000007c0000000)
  region size 1024K, 60 young (61440K), 1 survivors (1024K)
 Metaspace       used 81726K, capacity 87333K, committed 87580K, reserved 1124352K
  class space    used 12169K, capacity 13126K, committed 13128K, reserved 1048576K
}
Event: 93.969 GC heap after
{Heap after GC invocations=47 (full 2):
 garbage-first heap   total 193536K, used 87119K [0x0000000700000000, 0x00000007001005e8, 0x00000007c0000000)
  region size 1024K, 1 young (1024K), 1 survivors (1024K)
 Metaspace       used 81726K, capacity 87333K, committed 87580K, reserved 1124352K
  class space    used 12169K, capacity 13126K, committed 13128K, reserved 1048576K
}
Event: 98.383 GC heap before
{Heap before GC invocations=48 (full 2):
 garbage-first heap   total 193536K, used 147535K [0x0000000700000000, 0x00000007001005e8, 0x00000007c0000000)
  region size 1024K, 60 young (61440K), 1 survivors (1024K)
 Metaspace       used 82047K, capacity 87909K, committed 88092K, reserved 1124352K
  class space    used 12235K, capacity 13264K, committed 13384K, reserved 1048576K
}
Event: 98.385 GC heap after
{Heap after GC invocations=49 (full 2):
 garbage-first heap   total 193536K, used 86576K [0x0000000700000000, 0x00000007001005e8, 0x00000007c0000000)
  region size 1024K, 2 young (2048K), 2 survivors (2048K)
 Metaspace       used 82047K, capacity 87909K, committed 88092K, reserved 1124352K
  class space    used 12235K, capacity 13264K, committed 13384K, reserved 1048576K
}
Event: 102.253 GC heap before
{Heap before GC invocations=49 (full 2):
 garbage-first heap   total 193536K, used 145968K [0x0000000700000000, 0x00000007001005e8, 0x00000007c0000000)
  region size 1024K, 60 young (61440K), 2 survivors (2048K)
 Metaspace       used 82244K, capacity 88177K, committed 88348K, reserved 1124352K
  class space    used 12244K, capacity 13280K, committed 13384K, reserved 1048576K
}
Event: 102.255 GC heap after
{Heap after GC invocations=50 (full 2):
 garbage-first heap   total 193536K, used 86538K [0x0000000700000000, 0x00000007001005e8, 0x00000007c0000000)
  region size 1024K, 2 young (2048K), 2 survivors (2048K)
 Metaspace       used 82244K, capacity 88177K, committed 88348K, reserved 1124352K
  class space    used 12244K, capacity 13280K, committed 13384K, reserved 1048576K
}
Event: 109.390 GC heap before
{Heap before GC invocations=50 (full 2):
 garbage-first heap   total 193536K, used 145930K [0x0000000700000000, 0x00000007001005e8, 0x00000007c0000000)
  region size 1024K, 60 young (61440K), 2 survivors (2048K)
 Metaspace       used 82602K, capacity 88539K, committed 88860K, reserved 1124352K
  class space    used 12270K, capacity 13315K, committed 13384K, reserved 1048576K
}
Event: 109.392 GC heap after
{Heap after GC invocations=51 (full 2):
 garbage-first heap   total 193536K, used 86770K [0x0000000700000000, 0x00000007001005e8, 0x00000007c0000000)
  region size 1024K, 2 young (2048K), 2 survivors (2048K)
 Metaspace       used 82602K, capacity 88539K, committed 88860K, reserved 1124352K
  class space    used 12270K, capacity 13315K, committed 13384K, reserved 1048576K
}

Deoptimization events (10 events):
Event: 108.543 Thread 0x0000023e81166800 Uncommon trap: reason=class_check action=maybe_recompile pc=0x0000023e911d4804 method=java.awt.Container.dispatchEventImpl(Ljava/awt/AWTEvent;)V @ 19 c2
Event: 108.543 Thread 0x0000023e81166800 Uncommon trap: reason=class_check action=maybe_recompile pc=0x0000023e912d62ac method=java.awt.AWTEvent.dispatched()V @ 11 c2
Event: 108.718 Thread 0x0000023e81166800 Uncommon trap: reason=bimorphic_or_optimized_type_check action=maybe_recompile pc=0x0000023e90e3caac method=java.lang.Throwable.<init>()V @ 24 c2
Event: 108.878 Thread 0x0000023e81166800 Uncommon trap: reason=bimorphic_or_optimized_type_check action=maybe_recompile pc=0x0000023e90e3caac method=java.lang.Throwable.<init>()V @ 24 c2
Event: 109.691 Thread 0x0000023e81166800 Uncommon trap: reason=class_check action=maybe_recompile pc=0x0000023e90cb45f4 method=sun.java2d.loops.Blit$GeneralMaskBlit.Blit(Lsun/java2d/SurfaceData;Lsun/java2d/SurfaceData;Ljava/awt/Composite;Lsun/java2d/pipe/Region;IIIIII)V @ 24 c2
Event: 109.693 Thread 0x0000023e81166800 Uncommon trap: reason=class_check action=maybe_recompile pc=0x0000023e90cb45f4 method=sun.java2d.loops.Blit$GeneralMaskBlit.Blit(Lsun/java2d/SurfaceData;Lsun/java2d/SurfaceData;Ljava/awt/Composite;Lsun/java2d/pipe/Region;IIIIII)V @ 24 c2
Event: 109.694 Thread 0x0000023e81166800 Uncommon trap: reason=class_check action=maybe_recompile pc=0x0000023e90cb45f4 method=sun.java2d.loops.Blit$GeneralMaskBlit.Blit(Lsun/java2d/SurfaceData;Lsun/java2d/SurfaceData;Ljava/awt/Composite;Lsun/java2d/pipe/Region;IIIIII)V @ 24 c2
Event: 109.696 Thread 0x0000023e81166800 Uncommon trap: reason=class_check action=maybe_recompile pc=0x0000023e90cb45f4 method=sun.java2d.loops.Blit$GeneralMaskBlit.Blit(Lsun/java2d/SurfaceData;Lsun/java2d/SurfaceData;Ljava/awt/Composite;Lsun/java2d/pipe/Region;IIIIII)V @ 24 c2
Event: 110.397 Thread 0x0000023e81166800 Uncommon trap: reason=bimorphic_or_optimized_type_check action=maybe_recompile pc=0x0000023e90efeb7c method=java.awt.Component.addNotify()V @ 200 c2
Event: 110.415 Thread 0x0000023e81166800 Uncommon trap: reason=unstable_if action=reinterpret pc=0x0000023e9142d2a4 method=javax.swing.AbstractButton.setEnabled(Z)V @ 13 c2

Classes redefined (0 events):
No events

Internal exceptions (10 events):
Event: 98.397 Thread 0x0000023e81166800 Exception <a 'java/lang/NoSuchMethodError'{0x000000070b62e830}: java.lang.invoke.DelegatingMethodHandle$Holder.reinvoke_L(Ljava/lang/Object;IIILjava/lang/Object;Ljava/lang/Object;I)Ljava/lang/Object;> (0x000000070b62e830) thrown at [t:/workspace/hotspot/s
Event: 101.368 Thread 0x0000023e81166800 Exception <a 'java/io/FileNotFoundException'{0x0000000709fcb618}> (0x0000000709fcb618) thrown at [t:/workspace/hotspot/src/share/vm/prims/jni.cpp, line 604]
Event: 101.401 Thread 0x0000023e81166800 Exception <a 'java/io/FileNotFoundException'{0x0000000709e0cff0}> (0x0000000709e0cff0) thrown at [t:/workspace/hotspot/src/share/vm/prims/jni.cpp, line 604]
Event: 106.369 Thread 0x0000023e81166800 Exception <a 'java/io/FileNotFoundException'{0x000000070ac85ce8}> (0x000000070ac85ce8) thrown at [t:/workspace/hotspot/src/share/vm/prims/jni.cpp, line 604]
Event: 106.402 Thread 0x0000023e81166800 Exception <a 'java/io/FileNotFoundException'{0x000000070acb5bf0}> (0x000000070acb5bf0) thrown at [t:/workspace/hotspot/src/share/vm/prims/jni.cpp, line 604]
Event: 109.663 Thread 0x0000023ea7e86800 Exception <a 'java/io/IOException'{0x000000070a385ad8}: CreateProcess error=2, Sistem belirtilen dosyayÄ± bulamÄ±yor> (0x000000070a385ad8) thrown at [t:/workspace/hotspot/src/share/vm/prims/jni.cpp, line 625]
Event: 109.667 Thread 0x0000023ea7e86800 Exception <a 'java/io/IOException'{0x000000070a386770}: CreateProcess error=2, Sistem belirtilen dosyayÄ± bulamÄ±yor> (0x000000070a386770) thrown at [t:/workspace/hotspot/src/share/vm/prims/jni.cpp, line 625]
Event: 109.670 Thread 0x0000023ea7e86800 Exception <a 'java/io/IOException'{0x000000070a3873c8}: CreateProcess error=2, Sistem belirtilen dosyayÄ± bulamÄ±yor> (0x000000070a3873c8) thrown at [t:/workspace/hotspot/src/share/vm/prims/jni.cpp, line 625]
Event: 111.370 Thread 0x0000023e81166800 Exception <a 'java/io/FileNotFoundException'{0x0000000709a5d720}> (0x0000000709a5d720) thrown at [t:/workspace/hotspot/src/share/vm/prims/jni.cpp, line 604]
Event: 111.404 Thread 0x0000023e81166800 Exception <a 'java/io/FileNotFoundException'{0x0000000709a62b28}> (0x0000000709a62b28) thrown at [t:/workspace/hotspot/src/share/vm/prims/jni.cpp, line 604]

Events (10 events):
Event: 110.397 Thread 0x0000023e81166800 DEOPT UNPACKING pc=0x0000023e88cadf29 sp=0x000000ffb59fac58 mode 2
Event: 110.414 loading class com/jidesoft/grid/TableUtils$ColumnSelectionRow
Event: 110.414 loading class com/jidesoft/grid/TableUtils$ColumnSelectionRow done
Event: 110.415 Thread 0x0000023e81166800 Uncommon trap: trap_request=0xffffff5d fr.pc=0x0000023e9142d2a4 relative=0x00000000000000e4
Event: 110.415 Thread 0x0000023e81166800 DEOPT PACKING pc=0x0000023e9142d2a4 sp=0x000000ffb59f6b40
Event: 110.415 Thread 0x0000023e81166800 DEOPT UNPACKING pc=0x0000023e88cadf29 sp=0x000000ffb59f6a68 mode 2
Event: 110.423 Executing VM operation: BulkRevokeBias
Event: 110.423 Executing VM operation: BulkRevokeBias done
Event: 111.132 Thread 0x0000023ea7e80000 Thread added: 0x0000023ea7e80000
Event: 111.135 Thread 0x0000023ea7e80000 Thread exited: 0x0000023ea7e80000


Dynamic libraries:
0x00007ff7409a0000 - 0x00007ff7409d0000 	C:\Xilinx\Vivado\2020.1\bin\unwrapped\win64.o\vivado.exe
0x00007ffec57b0000 - 0x00007ffec59a8000 	C:\WINDOWS\SYSTEM32\ntdll.dll
0x00007ffec39c0000 - 0x00007ffec3a7d000 	C:\WINDOWS\System32\KERNEL32.DLL
0x00007ffec2ec0000 - 0x00007ffec31b6000 	C:\WINDOWS\System32\KERNELBASE.dll
0x00007ffec3300000 - 0x00007ffec3400000 	C:\WINDOWS\System32\ucrtbase.dll
0x00007ffeb6700000 - 0x00007ffeb678d000 	C:\WINDOWS\SYSTEM32\MSVCP140.dll
0x00007ffebe250000 - 0x00007ffebe264000 	C:\Xilinx\Vivado\2020.1\lib\win64.o\libboost_signals.dll
0x00007ffebe280000 - 0x00007ffebe29a000 	C:\WINDOWS\SYSTEM32\VCRUNTIME140.dll
0x00007ffe79850000 - 0x00007ffe7a916000 	C:\Xilinx\Vivado\2020.1\lib\win64.o\librdi_common.dll
0x00007ffebe230000 - 0x00007ffebe24a000 	C:\Xilinx\Vivado\2020.1\lib\win64.o\librdi_commonmain.dll
0x00007ffec5280000 - 0x00007ffec541e000 	C:\WINDOWS\System32\USER32.dll
0x00007ffebff00000 - 0x00007ffebff0c000 	C:\WINDOWS\SYSTEM32\VCRUNTIME140_1.dll
0x00007ffec2e90000 - 0x00007ffec2eb2000 	C:\WINDOWS\System32\win32u.dll
0x00007ffec3810000 - 0x00007ffec383c000 	C:\WINDOWS\System32\GDI32.dll
0x00007ffec3560000 - 0x00007ffec367a000 	C:\WINDOWS\System32\gdi32full.dll
0x00007ffe7abd0000 - 0x00007ffe7af3e000 	C:\Xilinx\Vivado\2020.1\lib\win64.o\libCOIN-all.dll
0x00007ffec36b0000 - 0x00007ffec374d000 	C:\WINDOWS\System32\msvcp_win.dll
0x00007ffebcc30000 - 0x00007ffebcc44000 	C:\Xilinx\Vivado\2020.1\lib\win64.o\libboost_date_time.dll
0x00007ffec5530000 - 0x00007ffec55df000 	C:\WINDOWS\System32\ADVAPI32.dll
0x00007ffebc780000 - 0x00007ffebc7a6000 	C:\Xilinx\Vivado\2020.1\lib\win64.o\libboost_filesystem.dll
0x00007ffec4fc0000 - 0x00007ffec505e000 	C:\WINDOWS\System32\msvcrt.dll
0x00007ffec5420000 - 0x00007ffec54bc000 	C:\WINDOWS\System32\sechost.dll
0x00007ffec4580000 - 0x00007ffec46a6000 	C:\WINDOWS\System32\RPCRT4.dll
0x00007ffe9de90000 - 0x00007ffe9df0f000 	C:\Xilinx\Vivado\2020.1\lib\win64.o\libboost_program_options.dll
0x00007ffec3a80000 - 0x00007ffec41c5000 	C:\WINDOWS\System32\SHELL32.dll
0x00007ffe9dd70000 - 0x00007ffe9de84000 	C:\Xilinx\Vivado\2020.1\lib\win64.o\libboost_regex.dll
0x00007ffebe200000 - 0x00007ffebe20b000 	C:\Xilinx\Vivado\2020.1\lib\win64.o\libboost_system.dll
0x00007ffec54c0000 - 0x00007ffec552b000 	C:\WINDOWS\System32\WS2_32.dll
0x00007ffec3680000 - 0x00007ffec36a7000 	C:\WINDOWS\System32\bcrypt.dll
0x00007ffebe1e0000 - 0x00007ffebe1ea000 	C:\Xilinx\Vivado\2020.1\lib\win64.o\librdi_commonversion.dll
0x00007ffebc750000 - 0x00007ffebc771000 	C:\Xilinx\Vivado\2020.1\lib\win64.o\libboost_thread.dll
0x00007ffe7aa20000 - 0x00007ffe7abc1000 	C:\Xilinx\Vivado\2020.1\lib\win64.o\librdi_commonxillic.dll
0x00007ffebcc20000 - 0x00007ffebcc2f000 	C:\Xilinx\Vivado\2020.1\lib\win64.o\libboost_xilinx.dll
0x000000006ddb0000 - 0x000000006dedb000 	C:\Xilinx\Vivado\2020.1\lib\win64.o\tcl85t.dll
0x00007ffe9dce0000 - 0x00007ffe9dd62000 	C:\Xilinx\Vivado\2020.1\lib\win64.o\libhdlpsolve.dll
0x00007ffe9db80000 - 0x00007ffe9dc25000 	C:\Xilinx\Vivado\2020.1\lib\win64.o\libhdxml.dll
0x00007ffebc3a0000 - 0x00007ffebc3ce000 	C:\Xilinx\Vivado\2020.1\lib\win64.o\libisl_sysinfo.dll
0x00007ffe9e8c0000 - 0x00007ffe9e925000 	C:\Xilinx\Vivado\2020.1\lib\win64.o\liblmx6.0.dll
0x00007ffe78b90000 - 0x00007ffe79845a00 	C:\Xilinx\Vivado\2020.1\lib\win64.o\libisl_iostreams.dll
0x00007ffebbac0000 - 0x00007ffebbada000 	C:\Xilinx\Vivado\2020.1\lib\win64.o\pthreadVC2.dll
0x00007ffebb9f0000 - 0x00007ffebba0c000 	C:\Xilinx\Vivado\2020.1\lib\win64.o\librdiconfig.dll
0x00007ffea75f0000 - 0x00007ffea7611000 	C:\Xilinx\Vivado\2020.1\lib\win64.o\librdizlib.dll
0x0000000012000000 - 0x0000000012270000 	C:\Xilinx\Vivado\2020.1\lib\win64.o\xerces-c_3_1.dll
0x00007ffea9e90000 - 0x00007ffea9ea9000 	C:\WINDOWS\SYSTEM32\NETAPI32.dll
0x00007ffeac7a0000 - 0x00007ffeacc76000 	C:\WINDOWS\SYSTEM32\WININET.dll
0x00007ffeb7e30000 - 0x00007ffeb7f3a000 	C:\WINDOWS\SYSTEM32\WINHTTP.dll
0x00007ffeb2090000 - 0x00007ffeb227d000 	C:\WINDOWS\SYSTEM32\urlmon.dll
0x00007ffebc740000 - 0x00007ffebc749000 	C:\WINDOWS\SYSTEM32\WSOCK32.dll
0x00007ffea0b10000 - 0x00007ffea0b3e000 	C:\WINDOWS\SYSTEM32\VCOMP140.DLL
0x00007ffe77cf0000 - 0x00007ffe78b81000 	C:\Xilinx\Vivado\2020.1\lib\win64.o\gurobi65.dll
0x00007ffebc390000 - 0x00007ffebc39d000 	C:\Xilinx\Vivado\2020.1\lib\win64.o\libboost_chrono.dll
0x00007ffe77a10000 - 0x00007ffe77ceb000 	C:\Xilinx\Vivado\2020.1\lib\win64.o\libXil_lmgr11.dll
0x00007ffec46b0000 - 0x00007ffec478a000 	C:\WINDOWS\System32\COMDLG32.dll
0x00007ffec41d0000 - 0x00007ffec4524000 	C:\WINDOWS\System32\combase.dll
0x00007ffea9530000 - 0x00007ffea954b000 	C:\Xilinx\Vivado\2020.1\lib\win64.o\libboost_iostreams.dll
0x00007ffe9db50000 - 0x00007ffe9db75000 	C:\Xilinx\Vivado\2020.1\lib\win64.o\libisl_iosutils.dll
0x00007ffec4e00000 - 0x00007ffec4ead000 	C:\WINDOWS\System32\shcore.dll
0x00007ffec55e0000 - 0x00007ffec5635000 	C:\WINDOWS\System32\SHLWAPI.dll
0x00007ffec4d30000 - 0x00007ffec4dfd000 	C:\WINDOWS\System32\OLEAUT32.dll
0x00007ffeb2030000 - 0x00007ffeb2058000 	C:\WINDOWS\SYSTEM32\srvcli.dll
0x00007ffeb2910000 - 0x00007ffeb2bcc000 	C:\WINDOWS\SYSTEM32\iertutil.dll
0x00007ffec2310000 - 0x00007ffec231c000 	C:\WINDOWS\SYSTEM32\netutils.dll
0x00007ffec5640000 - 0x00007ffec576b000 	C:\WINDOWS\System32\ole32.dll
0x00007ffec37a0000 - 0x00007ffec3807000 	C:\WINDOWS\System32\WINTRUST.dll
0x00007ffec3400000 - 0x00007ffec355d000 	C:\WINDOWS\System32\CRYPT32.dll
0x00007ffea7230000 - 0x00007ffea72e0000 	C:\WINDOWS\WinSxS\amd64_microsoft.windows.common-controls_6595b64144ccf1df_5.82.19041.3636_none_7931fb75243f97c8\COMCTL32.dll
0x00007ffebb180000 - 0x00007ffebb19d000 	C:\WINDOWS\SYSTEM32\dhcpcsvc.DLL
0x00007ffec2630000 - 0x00007ffec269a000 	C:\WINDOWS\SYSTEM32\MSWSOCK.DLL
0x00007ffec4550000 - 0x00007ffec4580000 	C:\WINDOWS\System32\IMM32.DLL
0x00007ffec2a60000 - 0x00007ffec2a72000 	C:\WINDOWS\SYSTEM32\MSASN1.dll
0x00007ffec16e0000 - 0x00007ffec16f2000 	C:\WINDOWS\SYSTEM32\kernel.appcore.dll
0x00007ffe76a70000 - 0x00007ffe76f6c000 	C:\Xilinx\Vivado\2020.1\lib\win64.o\librdi_commontasks.dll
0x00007ffebc020000 - 0x00007ffebc02a000 	C:\WINDOWS\SYSTEM32\VERSION.dll
0x00007ffe77720000 - 0x00007ffe77a04000 	C:\Xilinx\Vivado\2020.1\lib\win64.o\librdi_sio.dll
0x000000006d380000 - 0x000000006dda5000 	C:\Xilinx\Vivado\2020.1\tps\win64\jre9.0.4\bin\server\jvm.dll
0x00007ffec50c0000 - 0x00007ffec50c8000 	C:\WINDOWS\System32\PSAPI.DLL
0x00007ffec22d0000 - 0x00007ffec230b000 	C:\WINDOWS\SYSTEM32\IPHLPAPI.DLL
0x00007ffead460000 - 0x00007ffead487000 	C:\WINDOWS\SYSTEM32\WINMM.dll
0x00007ffe7c1f0000 - 0x00007ffe7c2df000 	C:\Xilinx\Vivado\2020.1\tps\win64\jre9.0.4\bin\MSVCR120.dll
0x00007ffec0f30000 - 0x00007ffec16cb000 	C:\WINDOWS\SYSTEM32\windows.storage.dll
0x00007ffec28d0000 - 0x00007ffec28fd000 	C:\WINDOWS\SYSTEM32\Wldp.dll
0x00007ffe73bb0000 - 0x00007ffe76245000 	C:\Xilinx\Vivado\2020.1\lib\win64.o\librdi_tcltasks.dll
0x00007ffe736e0000 - 0x00007ffe73ba6000 	C:\Xilinx\Vivado\2020.1\lib\win64.o\librdi_bitstream.dll
0x00007ffe92780000 - 0x00007ffe927fb000 	C:\Xilinx\Vivado\2020.1\lib\win64.o\librdi_boarddep.dll
0x00007ffe768b0000 - 0x00007ffe76a63000 	C:\Xilinx\Vivado\2020.1\lib\win64.o\librdi_board.dll
0x00007ffe77620000 - 0x00007ffe77716000 	C:\Xilinx\Vivado\2020.1\lib\win64.o\librdi_chipscope.dll
0x00007ffe766e0000 - 0x00007ffe768a1000 	C:\Xilinx\Vivado\2020.1\lib\win64.o\librdi_chipscopeimpl.dll
0x00007ffe73580000 - 0x00007ffe736db000 	C:\Xilinx\Vivado\2020.1\lib\win64.o\librdi_containers.dll
0x00007ffe6cb00000 - 0x00007ffe6d1d9000 	C:\Xilinx\Vivado\2020.1\lib\win64.o\librdi_coregenipxact.dll
0x00007ffe6fdd0000 - 0x00007ffe719fa000 	C:\Xilinx\Vivado\2020.1\lib\win64.o\librdi_constraints.dll
0x00007ffe52c70000 - 0x00007ffe56f9e000 	C:\Xilinx\Vivado\2020.1\lib\win64.o\librdi_designutils.dll
0x00007ffe73230000 - 0x00007ffe7357b000 	C:\Xilinx\Vivado\2020.1\lib\win64.o\librdi_dlyest.dll
0x00007ffe7a950000 - 0x00007ffe7aa14000 	C:\Xilinx\Vivado\2020.1\lib\win64.o\librdi_dsp.dll
0x00007ffe6c4e0000 - 0x00007ffe6cafe000 	C:\Xilinx\Vivado\2020.1\lib\win64.o\librdi_drc.dll
0x00007ffe6dc60000 - 0x00007ffe6fdcd000 	C:\Xilinx\Vivado\2020.1\lib\win64.o\librdi_coregen.dll
0x00007ffe6d940000 - 0x00007ffe6dc5c000 	C:\Xilinx\Vivado\2020.1\lib\win64.o\librdi_guitools.dll
0x00007ffe6be50000 - 0x00007ffe6c4d6000 	C:\Xilinx\Vivado\2020.1\lib\win64.o\librdi_filemgmt.dll
0x00007ffe7b170000 - 0x00007ffe7b1e7000 	C:\Xilinx\Vivado\2020.1\lib\win64.o\librdi_hdf.dll
0x00007ffe6d6e0000 - 0x00007ffe6d935000 	C:\Xilinx\Vivado\2020.1\lib\win64.o\librdi_hip_devdesign.dll
0x00007ffe72ee0000 - 0x00007ffe73028000 	C:\Xilinx\Vivado\2020.1\lib\win64.o\librdi_hip_perf_analysis.dll
0x00007ffe731b0000 - 0x00007ffe73224000 	C:\Xilinx\Vivado\2020.1\lib\win64.o\librdi_memoryarray.dll
0x00007ffe6b810000 - 0x00007ffe6be4e000 	C:\Xilinx\Vivado\2020.1\lib\win64.o\librdi_memdata.dll
0x00007ffe3ada0000 - 0x00007ffe52c70000 	C:\Xilinx\Vivado\2020.1\lib\win64.o\librdi_device.dll
0x00007ffe39450000 - 0x00007ffe3ad9a000 	C:\Xilinx\Vivado\2020.1\lib\win64.o\librdi_implflow.dll
0x00007ffe98f60000 - 0x00007ffe98fae000 	C:\Xilinx\Vivado\2020.1\lib\win64.o\librdi_pfi.dll
0x00007ffe6ae70000 - 0x00007ffe6b573000 	C:\Xilinx\Vivado\2020.1\lib\win64.o\librdi_netlist.dll
0x00007ffe36270000 - 0x00007ffe365c1000 	C:\Xilinx\Vivado\2020.1\lib\win64.o\librdi_platform.dll
0x00007ffe35a30000 - 0x00007ffe36264000 	C:\Xilinx\Vivado\2020.1\lib\win64.o\librdi_power.dll
0x00007ffe31f50000 - 0x00007ffe3268c000 	C:\Xilinx\Vivado\2020.1\lib\win64.o\librdi_psta.dll
0x00007ffe32690000 - 0x00007ffe32c85000 	C:\Xilinx\Vivado\2020.1\lib\win64.o\librdi_project.dll
0x00007ffe31240000 - 0x00007ffe316da000 	C:\Xilinx\Vivado\2020.1\lib\win64.o\librdi_runs.dll
0x00007ffe316e0000 - 0x00007ffe31e4f000 	C:\Xilinx\Vivado\2020.1\lib\win64.o\librdi_rsb.dll
0x00007ffe6b700000 - 0x00007ffe6b808000 	C:\Xilinx\Vivado\2020.1\lib\win64.o\librdi_runsbase.dll
0x00007ffe32c90000 - 0x00007ffe35801000 	C:\Xilinx\Vivado\2020.1\lib\win64.o\librdi_place.dll
0x00007ffe6abf0000 - 0x00007ffe6ae65000 	C:\Xilinx\Vivado\2020.1\lib\win64.o\librdi_simdata.dll
0x00007ffe30330000 - 0x00007ffe3123a000 	C:\Xilinx\Vivado\2020.1\lib\win64.o\librdi_timing.dll
0x00007ffe6b600000 - 0x00007ffe6b6ff000 	C:\Xilinx\Vivado\2020.1\lib\win64.o\librdi_xhub.dll
0x00007ffe6ab40000 - 0x00007ffe6abe8000 	C:\Xilinx\Vivado\2020.1\lib\win64.o\librdi_xhubtasks.dll
0x00007ffe35850000 - 0x00007ffe35a23000 	C:\Xilinx\Vivado\2020.1\lib\win64.o\librdi_advchipscopeimpl.dll
0x00007ffe365d0000 - 0x00007ffe39447000 	C:\Xilinx\Vivado\2020.1\lib\win64.o\librdi_mig.dll
0x00007ffe96a60000 - 0x00007ffe96aac000 	C:\Xilinx\Vivado\2020.1\lib\win64.o\libboost_serialization.dll
0x00007ffe30240000 - 0x00007ffe30328000 	C:\Xilinx\Vivado\2020.1\lib\win64.o\librdi_ipconfig_readwrite.dll
0x00007ffe8f7c0000 - 0x00007ffe8f82c000 	C:\Xilinx\Vivado\2020.1\lib\win64.o\librdi_noc_frameworks.dll
0x00007ffe30040000 - 0x00007ffe30233000 	C:\Xilinx\Vivado\2020.1\lib\win64.o\librdi_hip_config.dll
0x00007ffe2faf0000 - 0x00007ffe3003e000 	C:\Xilinx\Vivado\2020.1\lib\win64.o\librdi_xdm.dll
0x00007ffe31eb0000 - 0x00007ffe31f4e000 	C:\Xilinx\Vivado\2020.1\lib\win64.o\libise.dll
0x00007ffe2efa0000 - 0x00007ffe2fae7000 	C:\Xilinx\Vivado\2020.1\lib\win64.o\libverific.dll
0x00007ffe8fc00000 - 0x00007ffe8fc4b000 	C:\Xilinx\Vivado\2020.1\lib\win64.o\librdi_wavedata_SimpleApi.dll

VM Arguments:
jvm_args: -Dsun.java2d.pmoffscreen=false -Dsun.java2d.xrender=false -Dsun.java2d.d3d=false -Dsun.awt.nopixfmt=true -Dsun.java2d.dpiaware=true -Dsun.java2d.uiScale.enabled=false -Xverify:none -Dswing.aatext=true -XX:-UsePerfData -Djdk.map.althashing.threshold=512 -XX:StringTableSize=4072 --add-opens=java.base/java.nio=ALL-UNNAMED --add-opens=java.desktop/sun.swing=ALL-UNNAMED --add-opens=java.desktop/javax.swing=ALL-UNNAMED --add-opens=java.desktop/javax.swing.tree=ALL-UNNAMED --add-opens=java.desktop/javax.swing.plaf.basic=ALL-UNNAMED --add-opens=java.desktop/javax.swing.plaf.synth=ALL-UNNAMED --add-opens=java.desktop/com.sun.awt=ALL-UNNAMED -XX:NewSize=60m -XX:MaxNewSize=60m -Xms128m -Xmx3072m -Xss5m 
java_command: <unknown>
java_class_path (initial): C:/Xilinx/Vivado/2020.1\lib\classes\alloy.jar;C:/Xilinx/Vivado/2020.1\lib\classes\ArchiveSummary.jar;C:/Xilinx/Vivado/2020.1\lib\classes\autoesl-models.jar;C:/Xilinx/Vivado/2020.1\lib\classes\autopilot.scelaborator.jar;C:/Xilinx/Vivado/2020.1\lib\classes\autopilot.sourceprocessor.jar;C:/Xilinx/Vivado/2020.1\lib\classes\autopilot.tbprocessor.jar;C:/Xilinx/Vivado/2020.1\lib\classes\batik-anim.jar;C:/Xilinx/Vivado/2020.1\lib\classes\batik-awt-util.jar;C:/Xilinx/Vivado/2020.1\lib\classes\batik-bridge.jar;C:/Xilinx/Vivado/2020.1\lib\classes\batik-codec.jar;C:/Xilinx/Vivado/2020.1\lib\classes\batik-css.jar;C:/Xilinx/Vivado/2020.1\lib\classes\batik-dom.jar;C:/Xilinx/Vivado/2020.1\lib\classes\batik-ext.jar;C:/Xilinx/Vivado/2020.1\lib\classes\batik-gui-util.jar;C:/Xilinx/Vivado/2020.1\lib\classes\batik-gvt.jar;C:/Xilinx/Vivado/2020.1\lib\classes\batik-parser.jar;C:/Xilinx/Vivado/2020.1\lib\classes\batik-script.jar;C:/Xilinx/Vivado/2020.1\lib\classes\batik-svg-dom.jar;C:/Xilinx/Vivado/2020.1\lib\classes\batik-swing.jar;C:/Xilinx/Vivado/2020.1\lib\classes\batik-transcoder.jar;C:/Xilinx/Vivado/2020.1\lib\classes\batik-util.jar;C:/Xilinx/Vivado/2020.1\lib\classes\batik-xml.jar;C:/Xilinx/Vivado/2020.1\lib\classes\com.google.gson_2.8.2.v20180104-1110.jar;C:/Xilinx/Vivado/2020.1\lib\classes\com.google.guava_27.1.0.v20190517-1946.jar;C:/Xilinx/Vivado/2020.1\lib\classes\com.ibm.icu_4.4.2.v20110208.jar;C:/Xilinx/Vivado/2020.1\lib\classes\com.sigasi.hdt.connection_4.8.0.202004151336.jar;C:/Xilinx/Vivado/2020.1\lib\classes\com.sigasi.hdt.epl_4.8.0.202004151336.jar;C:/Xilinx/Vivado/2020.1\lib\classes\com.sigasi.hdt.project_4.8.0.202004151336.jar;C:/Xilinx/Vivado/2020.1\lib\classes\com.sigasi.hdt.readonlyfilesystem_4.8.0.202004151336.jar;C:/Xilinx/Vivado/2020.1\lib\classes\com.sigasi.lcm_4.8.0.202004151336.jar;C:/Xilinx/Vivado/2020.1\lib\classes\com.sigasi.sdk.client_4.8.0.202004151336.jar;C:/Xilinx/Vivado/2020.1\lib\classes\com.xilinx.hls.services.jar;C:/Xili
Launcher Type: generic

Logging:
Log output configuration:
#0: stdout all=warning uptime,level,tags
#1: stderr all=off uptime,level,tags

Environment Variables:
PATH=C:/Xilinx/Vivado/2020.1/bin;C:/Xilinx/Vivado/2020.1/lib/win64.o;C:/Xilinx/Vivado/2020.1/tps/win64/jre9.0.4/bin/server;C:/Xilinx/Vivado/2020.1/tps/win64/jre9.0.4/bin;C:/Xilinx/Vivado/2020.1/ids_lite/ISE/bin/nt64;C:/Xilinx/Vivado/2020.1/ids_lite/ISE/lib/nt64;C:\Program Files (x86)\Common Files\Oracle\Java\javapath;C:\WINDOWS\system32;C:\WINDOWS;C:\WINDOWS\System32\Wbem;C:\WINDOWS\System32\WindowsPowerShell\v1.0\;C:\WINDOWS\System32\OpenSSH\;C:\Program Files\PuTTY\;C:\Program Files\Git\cmd;C:\Users\berfi\AppData\Local\Microsoft\WindowsApps;;C:\Users\berfi\AppData\Local\Programs\Microsoft VS Code\bin;C:\Program Files\JetBrains\PyCharm Community Edition 2023.2.3\bin;C:\Program Files (x86)\SSH Communications Security\SSH Secure Shell;C:/Xilinx/Vivado/2020.1\tps\mingw\6.2.0\win64.o\nt\bin;C:/Xilinx/Vivado/2020.1\tps\mingw\6.2.0\win64.o\nt\libexec\gcc\x86_64-w64-mingw32\6.2.0;C:/Xilinx/Vivado/2020.1\tps\win64\python-2.7.16;C:/Xilinx/Vivado/2020.1\tps\win64\python-2.7.16\bin;C:/Xilinx/Vivado/2020.1\tps\win64\python-2.7.16\lib;C:/Xilinx/Vivado/2020.1\tps\win64\python-2.7.16\Lib\lib-tk;C:/Xilinx/Vivado/2020.1\tps\win64\python-2.7.16\lib\site-packages
USERNAME=berfi
OS=Windows_NT
PROCESSOR_IDENTIFIER=Intel64 Family 6 Model 158 Stepping 10, GenuineIntel



---------------  S Y S T E M  ---------------

OS: Windows 10 , 64 bit Build 19041 (10.0.19041.3636)

CPU:total 12 (initial active 12) (6 cores per cpu, 2 threads per core) family 6 model 158 stepping 10, cmov, cx8, fxsr, mmx, sse, sse2, sse3, ssse3, sse4.1, sse4.2, popcnt, avx, avx2, aes, clmul, erms, 3dnowpref, lzcnt, ht, tsc, tscinvbit, bmi1, bmi2, adx, fma

Memory: 4k page, physical 16624304k(8598252k free), swap 45984432k(34930704k free)

vm_info: Java HotSpot(TM) 64-Bit Server VM (9.0.4+11) for windows-amd64 JRE (9.0.4+11), built on Dec 20 2017 02:18:54 by "mach5one" with MS VC++ 12.0 (VS2013)

END.
