#
# A fatal error has been detected by the Java Runtime Environment:
#
#  EXCEPTION_ACCESS_VIOLATION (0xc0000005) at pc=0x00007ffe2ebd0028, pid=3468, tid=3916
#
# JRE version: Java(TM) SE Runtime Environment (9.0+11) (build 9.0.4+11)
# Java VM: Java HotSpot(TM) 64-Bit Server VM (9.0.4+11, mixed mode, tiered, compressed oops, g1 gc, windows-amd64)
# Problematic frame:
# C  0x00007ffe2ebd0028
#
# No core dump will be written. Minidumps are not enabled by default on client versions of Windows
#
# If you would like to submit a bug report, please visit:
#   http://bugreport.java.com/bugreport/crash.jsp
# The crash happened outside the Java Virtual Machine in native code.
# See problematic frame for where to report the bug.
#

---------------  S U M M A R Y ------------

Command Line: -Dsun.java2d.pmoffscreen=false -Dsun.java2d.xrender=false -Dsun.java2d.d3d=false -Dsun.awt.nopixfmt=true -Dsun.java2d.dpiaware=true -Dsun.java2d.uiScale.enabled=false -Xverify:none -Dswing.aatext=true -XX:-UsePerfData -Djdk.map.althashing.threshold=512 -XX:StringTableSize=4072 --add-opens=java.base/java.nio=ALL-UNNAMED --add-opens=java.desktop/sun.swing=ALL-UNNAMED --add-opens=java.desktop/javax.swing=ALL-UNNAMED --add-opens=java.desktop/javax.swing.tree=ALL-UNNAMED --add-opens=java.desktop/javax.swing.plaf.basic=ALL-UNNAMED --add-opens=java.desktop/javax.swing.plaf.synth=ALL-UNNAMED --add-opens=java.desktop/com.sun.awt=ALL-UNNAMED -XX:NewSize=60m -XX:MaxNewSize=60m -Xms128m -Xmx3072m -Xss5m 

Host: Intel(R) Core(TM) i7-9750H CPU @ 2.60GHz, 12 cores, 15G,  Windows 10 , 64 bit Build 19041 (10.0.19041.3636)
Time: Thu Dec 28 03:46:30 2023 Türkiye Standart Saati elapsed time: 1250 seconds (0d 0h 20m 50s)

---------------  T H R E A D  ---------------

Current thread (0x00000214af002800):  JavaThread "AWT-EventQueue-0" [_thread_in_native, id=3916, stack(0x000000748e900000,0x000000748ee00000)]

Stack: [0x000000748e900000,0x000000748ee00000],  sp=0x000000748edf4948,  free space=5074k
Native frames: (J=compiled Java code, j=interpreted, Vv=VM code, C=native code)
C  0x00007ffe2ebd0028

Java frames: (J=compiled Java code, j=interpreted, Vv=VM code)
j  ui.views.waveform.waveformi.WVExecutive_getNameDataSize(J)J+0
j  ui.views.waveform.executive.a.jBy()Lui/views/waveform/executive/protobuf/WVNameValue$WVNameTreeMessage;+4
J 23958 c1 ui.views.waveform.f.a.GU(Z)Ljavax/swing/tree/TreeModel; (151 bytes) @ 0x0000021492b865dc [0x0000021492b864c0+0x000000000000011c]
J 23957 c1 ui.views.waveform.f.a.GF(Z)V (55 bytes) @ 0x0000021492b7677c [0x0000021492b76700+0x000000000000007c]
J 26713 c1 ui.views.waveform.f.m.GF(Z)V (36 bytes) @ 0x000002149268132c [0x0000021492681080+0x00000000000002ac]
J 23916 c1 ui.views.waveform.w.aE(ZZ)V (48 bytes) @ 0x0000021492be3664 [0x0000021492be2de0+0x0000000000000884]
J 22219 c1 ui.views.waveform.c.b.j(Lui/frmwork/b/i;)V (581 bytes) @ 0x0000021493ea9144 [0x0000021493e9fb00+0x0000000000009644]
J 22218 c1 ui.views.waveform.w.a(Lui/frmwork/b/i;)V (17 bytes) @ 0x0000021493e9e694 [0x0000021493e9e5c0+0x00000000000000d4]
J 21653 c2 ui.frmwork.G.i(JZ)V (471 bytes) @ 0x000002149990fc40 [0x000002149990ee40+0x0000000000000e00]
J 23448 c2 ui.frmwork.G.fireTclEvent(J)I (113 bytes) @ 0x00000214991f1c68 [0x00000214991f10c0+0x0000000000000ba8]
v  ~StubRoutines::call_stub
j  ui.views.waveform.waveformi.WVExecutive_processModelEvent(JJ)V+0
j  ui.views.waveform.executive.a.fu(J)V+5
j  ui.views.waveform.c.b.ft(J)V+8
J 22219 c1 ui.views.waveform.c.b.j(Lui/frmwork/b/i;)V (581 bytes) @ 0x0000021493ea9e3c [0x0000021493e9fb00+0x000000000000a33c]
J 22218 c1 ui.views.waveform.w.a(Lui/frmwork/b/i;)V (17 bytes) @ 0x0000021493e9e694 [0x0000021493e9e5c0+0x00000000000000d4]
J 21653 c2 ui.frmwork.G.i(JZ)V (471 bytes) @ 0x000002149990fc40 [0x000002149990ee40+0x0000000000000e00]
J 23448 c2 ui.frmwork.G.fireTclEvent(J)I (113 bytes) @ 0x00000214991f1c68 [0x00000214991f10c0+0x0000000000000ba8]
v  ~StubRoutines::call_stub
j  ui.views.waveform.waveformi.WVExecutive_processModelEvent(JJ)V+0
j  ui.views.waveform.executive.a.fu(J)V+5
j  ui.views.waveform.c.b.ft(J)V+8
j  ui.views.waveform.c.e.actionPerformed(Ljava/awt/event/ActionEvent;)V+8
J 21075 c2 javax.swing.Timer.fireActionPerformed(Ljava/awt/event/ActionEvent;)V java.desktop@9.0.4 (46 bytes) @ 0x00000214991707d8 [0x00000214991706c0+0x0000000000000118]
J 21071 c2 javax.swing.Timer$DoPostEvent.run()V java.desktop@9.0.4 (82 bytes) @ 0x0000021499133888 [0x00000214991336c0+0x00000000000001c8]
J 14544 c2 java.awt.event.InvocationEvent.dispatch()V java.desktop@9.0.4 (69 bytes) @ 0x0000021499080418 [0x00000214990803c0+0x0000000000000058]
J 14132 c2 java.awt.EventQueue$3.run()Ljava/lang/Object; java.desktop@9.0.4 (5 bytes) @ 0x0000021498f98038 [0x0000021498f97f60+0x00000000000000d8]
v  ~StubRoutines::call_stub
J 3773  java.security.AccessController.doPrivileged(Ljava/security/PrivilegedAction;Ljava/security/AccessControlContext;)Ljava/lang/Object; java.base@9.0.4 (0 bytes) @ 0x000002149864c7c6 [0x000002149864c760+0x0000000000000066]
J 12785 c2 java.awt.EventQueue.dispatchEvent(Ljava/awt/AWTEvent;)V java.desktop@9.0.4 (80 bytes) @ 0x0000021498d2d154 [0x0000021498d2ce40+0x0000000000000314]
J 12787 c2 ui.frmwork.b.d.dispatchEvent(Ljava/awt/AWTEvent;)V (34 bytes) @ 0x0000021498d2e43c [0x0000021498d2e360+0x00000000000000dc]
J 18018 c2 java.awt.EventDispatchThread.pumpOneEventForFilters(I)V java.desktop@9.0.4 (218 bytes) @ 0x0000021499475ec4 [0x0000021499475aa0+0x0000000000000424]
J 25314 c2 java.awt.EventDispatchThread.pumpEventsForFilter(ILjava/awt/Conditional;Ljava/awt/EventFilter;)V java.desktop@9.0.4 (47 bytes) @ 0x0000021499c1e570 [0x0000021499c1e360+0x0000000000000210]
j  java.awt.EventDispatchThread.pumpEventsForFilter(Ljava/awt/Conditional;Ljava/awt/EventFilter;)V+4 java.desktop@9.0.4
j  java.awt.WaitDispatchSupport$2.run()V+59 java.desktop@9.0.4
j  java.awt.WaitDispatchSupport$4.run()Ljava/lang/Void;+4 java.desktop@9.0.4
j  java.awt.WaitDispatchSupport$4.run()Ljava/lang/Object;+1 java.desktop@9.0.4
v  ~StubRoutines::call_stub
J 1017  java.security.AccessController.doPrivileged(Ljava/security/PrivilegedAction;)Ljava/lang/Object; java.base@9.0.4 (0 bytes) @ 0x0000021498497732 [0x00000214984976e0+0x0000000000000052]
j  java.awt.WaitDispatchSupport.enter()Z+260 java.desktop@9.0.4
j  java.awt.Dialog.show()V+225 java.desktop@9.0.4
J 8700 c1 java.awt.Component.setVisible(Z)V java.desktop@9.0.4 (6 bytes) @ 0x0000021491381a4c [0x0000021491381860+0x00000000000001ec]
j  java.awt.Window.setVisible(Z)V+2 java.desktop@9.0.4
j  java.awt.Dialog.setVisible(Z)V+2 java.desktop@9.0.4
j  ui.b.c.g.setVisible(Z)V+2
j  ui.b.c.bz.showDialog()V+64
j  ui.b.c.bI.actionPerformed(Ljava/awt/event/ActionEvent;)V+8
j  ui.b.c.bz.eWx()V+390
j  ui.views.c.t.b.a.run()V+60
j  ui.frmwork.a.gJb()Z+66
j  ui.frmwork.Y.gKQ()V+42
j  ui.bn.actionPerformed(Ljava/awt/event/ActionEvent;)V+25
j  javax.swing.AbstractButton.fireActionPerformed(Ljava/awt/event/ActionEvent;)V+84 java.desktop@9.0.4
j  ui.utils.swing.b.E.fireActionPerformed(Ljava/awt/event/ActionEvent;)V+7
j  javax.swing.AbstractButton$Handler.actionPerformed(Ljava/awt/event/ActionEvent;)V+5 java.desktop@9.0.4
j  javax.swing.DefaultButtonModel.fireActionPerformed(Ljava/awt/event/ActionEvent;)V+34 java.desktop@9.0.4
j  javax.swing.DefaultButtonModel.setPressed(Z)V+117 java.desktop@9.0.4
j  javax.swing.plaf.basic.BasicButtonListener.mouseReleased(Ljava/awt/event/MouseEvent;)V+35 java.desktop@9.0.4
j  com.jidesoft.plaf.basic.BasicJideButtonListener.mouseReleased(Ljava/awt/event/MouseEvent;)V+61
J 20790 c1 java.awt.AWTEventMulticaster.mouseReleased(Ljava/awt/event/MouseEvent;)V java.desktop@9.0.4 (27 bytes) @ 0x0000021493b27f0c [0x0000021493b27d00+0x000000000000020c]
J 20790 c1 java.awt.AWTEventMulticaster.mouseReleased(Ljava/awt/event/MouseEvent;)V java.desktop@9.0.4 (27 bytes) @ 0x0000021493b27f0c [0x0000021493b27d00+0x000000000000020c]
J 20790 c1 java.awt.AWTEventMulticaster.mouseReleased(Ljava/awt/event/MouseEvent;)V java.desktop@9.0.4 (27 bytes) @ 0x0000021493b27f0c [0x0000021493b27d00+0x000000000000020c]
J 20790 c1 java.awt.AWTEventMulticaster.mouseReleased(Ljava/awt/event/MouseEvent;)V java.desktop@9.0.4 (27 bytes) @ 0x0000021493b27f0c [0x0000021493b27d00+0x000000000000020c]
J 16294 c1 java.awt.Component.processMouseEvent(Ljava/awt/event/MouseEvent;)V java.desktop@9.0.4 (100 bytes) @ 0x00000214933fefb4 [0x00000214933fec20+0x0000000000000394]
J 16301 c1 javax.swing.JComponent.processMouseEvent(Ljava/awt/event/MouseEvent;)V java.desktop@9.0.4 (27 bytes) @ 0x00000214934027ec [0x00000214934025e0+0x000000000000020c]
J 25136 c2 java.awt.Container.processEvent(Ljava/awt/AWTEvent;)V java.desktop@9.0.4 (22 bytes) @ 0x0000021499bde1e0 [0x0000021499bde080+0x0000000000000160]
J 25760 c2 java.awt.Component.dispatchEventImpl(Ljava/awt/AWTEvent;)V java.desktop@9.0.4 (739 bytes) @ 0x0000021499ca0074 [0x0000021499c9f4e0+0x0000000000000b94]
J 25306 c2 java.awt.Container.dispatchEventImpl(Ljava/awt/AWTEvent;)V java.desktop@9.0.4 (129 bytes) @ 0x0000021499c179ac [0x0000021499c17800+0x00000000000001ac]
J 18020 c2 java.awt.LightweightDispatcher.retargetMouseEvent(Ljava/awt/Component;ILjava/awt/event/MouseEvent;)V java.desktop@9.0.4 (350 bytes) @ 0x0000021499477f70 [0x0000021499477b60+0x0000000000000410]
J 25306 c2 java.awt.Container.dispatchEventImpl(Ljava/awt/AWTEvent;)V java.desktop@9.0.4 (129 bytes) @ 0x0000021499c17ffc [0x0000021499c17800+0x00000000000007fc]
J 19850 c2 java.awt.Window.dispatchEventImpl(Ljava/awt/AWTEvent;)V java.desktop@9.0.4 (23 bytes) @ 0x00000214996ede8c [0x00000214996ede40+0x000000000000004c]
J 14132 c2 java.awt.EventQueue$3.run()Ljava/lang/Object; java.desktop@9.0.4 (5 bytes) @ 0x0000021498f980c4 [0x0000021498f97f60+0x0000000000000164]
v  ~StubRoutines::call_stub
J 3773  java.security.AccessController.doPrivileged(Ljava/security/PrivilegedAction;Ljava/security/AccessControlContext;)Ljava/lang/Object; java.base@9.0.4 (0 bytes) @ 0x000002149864c7c6 [0x000002149864c760+0x0000000000000066]
J 17741 c2 java.awt.EventQueue$4.run()Ljava/lang/Object; java.desktop@9.0.4 (5 bytes) @ 0x0000021498c44040 [0x0000021498c43de0+0x0000000000000260]
v  ~StubRoutines::call_stub
J 3773  java.security.AccessController.doPrivileged(Ljava/security/PrivilegedAction;Ljava/security/AccessControlContext;)Ljava/lang/Object; java.base@9.0.4 (0 bytes) @ 0x000002149864c7c6 [0x000002149864c760+0x0000000000000066]
J 12785 c2 java.awt.EventQueue.dispatchEvent(Ljava/awt/AWTEvent;)V java.desktop@9.0.4 (80 bytes) @ 0x0000021498d2d388 [0x0000021498d2ce40+0x0000000000000548]
J 12787 c2 ui.frmwork.b.d.dispatchEvent(Ljava/awt/AWTEvent;)V (34 bytes) @ 0x0000021498d2e43c [0x0000021498d2e360+0x00000000000000dc]
J 18018 c2 java.awt.EventDispatchThread.pumpOneEventForFilters(I)V java.desktop@9.0.4 (218 bytes) @ 0x0000021499475ec4 [0x0000021499475aa0+0x0000000000000424]
J 25121% c2 java.awt.EventDispatchThread.pumpEventsForFilter(ILjava/awt/Conditional;Ljava/awt/EventFilter;)V java.desktop@9.0.4 (47 bytes) @ 0x0000021499bd2978 [0x0000021499bd2860+0x0000000000000118]
j  java.awt.EventDispatchThread.pumpEventsForHierarchy(ILjava/awt/Conditional;Ljava/awt/Component;)V+11 java.desktop@9.0.4
j  java.awt.EventDispatchThread.pumpEvents(ILjava/awt/Conditional;)V+4 java.desktop@9.0.4
j  java.awt.EventDispatchThread.pumpEvents(Ljava/awt/Conditional;)V+3 java.desktop@9.0.4
j  java.awt.EventDispatchThread.run()V+9 java.desktop@9.0.4
v  ~StubRoutines::call_stub

siginfo: EXCEPTION_ACCESS_VIOLATION (0xc0000005), data execution prevention violation at address 0x00007ffe2ebd0028


Register to memory mapping:

RIP=0x00007ffe2ebd0028 is an unknown value
RAX=0x00000214d4bd3450 is an unknown value
RBX=0x00000214d4bd3450 is an unknown value
RCX=0x00000214d4bd3450 is an unknown value
RDX=0x00007ffe2eb73620 is an unknown value
RSP=0x000000748edf4948 is pointing into the stack for thread: 0x00000214af002800
RBP=0x000000748edf49c9 is pointing into the stack for thread: 0x00000214af002800
RSI=0x00007ffe2eb6d5f8 is an unknown value
RDI=0x000000748edf4a78 is pointing into the stack for thread: 0x00000214af002800
R8 =0x0000000000000006 is an unknown value
R9 =0x0000000000000000 is an unknown value
R10=0x00007ffe2e760000 is an unknown value
R11=0x000000748edf4920 is pointing into the stack for thread: 0x00000214af002800
R12=0x0000000000000000 is an unknown value
R13=0x000000748edf4b90 is pointing into the stack for thread: 0x00000214af002800
R14=0x00000214cf145690 is an unknown value
R15=0x0000000000000000 is an unknown value


Registers:
RAX=0x00000214d4bd3450, RBX=0x00000214d4bd3450, RCX=0x00000214d4bd3450, RDX=0x00007ffe2eb73620
RSP=0x000000748edf4948, RBP=0x000000748edf49c9, RSI=0x00007ffe2eb6d5f8, RDI=0x000000748edf4a78
R8 =0x0000000000000006, R9 =0x0000000000000000, R10=0x00007ffe2e760000, R11=0x000000748edf4920
R12=0x0000000000000000, R13=0x000000748edf4b90, R14=0x00000214cf145690, R15=0x0000000000000000
RIP=0x00007ffe2ebd0028, EFLAGS=0x0000000000010206

Top of Stack: (sp=0x000000748edf4948)
0x000000748edf4948:   00007ffe2e9d039e 000000748edf4da0
0x000000748edf4958:   00000214cf1456a8 00007ffe2eb6d5f8
0x000000748edf4968:   000000748edf4a78 0000000000000000
0x000000748edf4978:   00007ffec330fde6 0000000000000000
0x000000748edf4988:   fffffffffffffffe 0000000000000000
0x000000748edf4998:   0000000000000000 0000000000000000
0x000000748edf49a8:   000000000000000f 0000000000000000
0x000000748edf49b8:   00007ffe79fede5e 0000000000000000
0x000000748edf49c8:   000000000000000f 616c6163532d7677
0x000000748edf49d8:   00007ffe798f0072 0000000000000009
0x000000748edf49e8:   000000000000000f 00009a1d5769ac3b
0x000000748edf49f8:   0000000000000000 00000214c900abf0
0x000000748edf4a08:   0000000000000000 0000000000000000
0x000000748edf4a18:   000000748edf4da0 0000000000000000
0x000000748edf4a28:   00007ffe2e9cf980 000000748edf4da0
0x000000748edf4a38:   00007ffe7a09d489 000000748edf4da0 

Instructions: (pc=0x00007ffe2ebd0028)
0x00007ffe2ebd0008:   00 00 00 00 ff ff ff ff 00 00 00 00 40 00 00 00
0x00007ffe2ebd0018:   c8 ff 46 00 00 00 00 00 00 00 00 00 00 00 00 00
0x00007ffe2ebd0028:   01 00 00 00 00 00 00 00 00 00 00 00 90 9b 5a 00
0x00007ffe2ebd0038:   50 00 47 00 28 00 47 00 00 00 00 00 00 00 00 00 



---------------  P R O C E S S  ---------------

Java Threads: ( => current thread )
  0x00000214ca30e800 JavaThread "Relaunch Simulation Thread" [_thread_blocked, id=4092, stack(0x0000007494600000,0x0000007494b00000)]
  0x00000214ca308800 JavaThread "Image Fetcher 0" daemon [_thread_blocked, id=13380, stack(0x0000007491e00000,0x0000007492300000)]
  0x00000214ca304800 JavaThread "Thread-1225" [_thread_in_native, id=14228, stack(0x0000007490300000,0x0000007490400000)]
  0x00000214ca30d000 JavaThread "Thread-1216" [_thread_in_native, id=1676, stack(0x0000007487500000,0x0000007487600000)]
  0x00000214ca30b800 JavaThread "Thread-1215" [_thread_in_native, id=10440, stack(0x0000007487400000,0x0000007487500000)]
  0x00000214bf72b000 JavaThread "Image Animator 3" daemon [_thread_blocked, id=16916, stack(0x000000748f800000,0x000000748fd00000)]
  0x00000214bf72c800 JavaThread "Monitor File Timestamp Swing Worker Thread" [_thread_blocked, id=8648, stack(0x0000007494100000,0x0000007494600000)]
  0x00000214bf72e800 JavaThread "Timer-1" [_thread_blocked, id=15064, stack(0x0000007493c00000,0x0000007494100000)]
  0x00000214bf72f800 JavaThread "SyntheticaAnimation 50" daemon [_thread_blocked, id=14236, stack(0x0000007492800000,0x0000007492d00000)]
  0x00000214bf72e000 JavaThread "Thread-30" [_thread_in_native, id=14952, stack(0x000000748f800000,0x000000748f900000)]
  0x00000214bf728000 JavaThread "Thread-28" [_thread_in_native, id=11964, stack(0x000000748fa00000,0x000000748fb00000)]
  0x00000214bf726800 JavaThread "Update Runs Swing Worker Thread" [_thread_blocked, id=9288, stack(0x0000007493200000,0x0000007493700000)]
  0x00000214bf725800 JavaThread "hw_ila_monitor" [_thread_blocked, id=17160, stack(0x0000007492300000,0x0000007492800000)]
  0x00000214bd949000 JavaThread "Refresh Filesets Swing Worker Thread" [_thread_blocked, id=6484, stack(0x000000748e400000,0x000000748e900000)]
  0x00000214bd945800 JavaThread "SyntheticaAnimation 70" daemon [_thread_blocked, id=8012, stack(0x0000007491900000,0x0000007491e00000)]
  0x00000214bd948800 JavaThread "Swing-Shell" daemon [_thread_blocked, id=3432, stack(0x0000007491400000,0x0000007491900000)]
  0x00000214bd944800 JavaThread "SyntheticaAnimation 25" daemon [_thread_blocked, id=14156, stack(0x0000007490f00000,0x0000007491400000)]
  0x00000214bd944000 JavaThread "SyntheticaAnimation 50" daemon [_thread_blocked, id=14152, stack(0x0000007490a00000,0x0000007490f00000)]
  0x00000214bd943000 JavaThread "Monitor HEventQueue Thread" [_thread_blocked, id=14148, stack(0x0000007490500000,0x0000007490a00000)]
  0x00000214bd947000 JavaThread "SyntheticaCleanerThread" daemon [_thread_blocked, id=11712, stack(0x000000748fd00000,0x0000007490200000)]
  0x00000214bd942800 JavaThread "Batik CleanerThread" daemon [_thread_blocked, id=15776, stack(0x000000748ee00000,0x000000748f300000)]
  0x00000214aee21000 JavaThread "Process Messages Thread" [_thread_blocked, id=5236, stack(0x000000748f300000,0x000000748f800000)]
  0x00000214befa4800 JavaThread "Thread-1" [_thread_in_native, id=15592, stack(0x0000007487700000,0x0000007488b00000)]
=>0x00000214af002800 JavaThread "AWT-EventQueue-0" [_thread_in_native, id=3916, stack(0x000000748e900000,0x000000748ee00000)]
  0x00000214be96b000 JavaThread "TimerQueue" daemon [_thread_blocked, id=10380, stack(0x000000748df00000,0x000000748e400000)]
  0x00000214a2f9a000 JavaThread "AWT-Windows" daemon [_thread_in_native, id=12228, stack(0x000000748da00000,0x000000748df00000)]
  0x00000214a2f99000 JavaThread "AWT-Shutdown" [_thread_blocked, id=3528, stack(0x000000748d500000,0x000000748da00000)]
  0x00000214be402000 JavaThread "Java2D Disposer" daemon [_thread_blocked, id=8504, stack(0x000000748d000000,0x000000748d500000)]
  0x00000214bdb74800 JavaThread "Service Thread" daemon [_thread_blocked, id=12436, stack(0x000000748ca00000,0x000000748cf00000)]
  0x00000214bd95c000 JavaThread "Common-Cleaner" daemon [_thread_blocked, id=10964, stack(0x000000748c500000,0x000000748ca00000)]
  0x00000214bd947800 JavaThread "Sweeper thread" daemon [_thread_blocked, id=1432, stack(0x000000748c000000,0x000000748c500000)]
  0x00000214a4b8f000 JavaThread "C1 CompilerThread3" daemon [_thread_blocked, id=15716, stack(0x000000748bf00000,0x000000748c000000)]
  0x00000214a4b8e000 JavaThread "C2 CompilerThread2" daemon [_thread_blocked, id=17136, stack(0x000000748be00000,0x000000748bf00000)]
  0x00000214a4b89800 JavaThread "C2 CompilerThread1" daemon [_thread_blocked, id=10568, stack(0x000000748bd00000,0x000000748be00000)]
  0x00000214a4b84800 JavaThread "C2 CompilerThread0" daemon [_thread_blocked, id=16608, stack(0x000000748bc00000,0x000000748bd00000)]
  0x00000214a4b78800 JavaThread "Attach Listener" daemon [_thread_blocked, id=11232, stack(0x000000748b700000,0x000000748bc00000)]
  0x00000214a4b78000 JavaThread "Signal Dispatcher" daemon [_thread_blocked, id=11756, stack(0x000000748b200000,0x000000748b700000)]
  0x00000214bd9eb000 JavaThread "Finalizer" daemon [_thread_blocked, id=11136, stack(0x000000748ad00000,0x000000748b200000)]
  0x00000214a429d800 JavaThread "Reference Handler" daemon [_thread_blocked, id=8396, stack(0x000000748a800000,0x000000748ad00000)]
  0x00000214a4f44800 JavaThread "main" [_thread_blocked, id=13388, stack(0x0000007487600000,0x0000007487700000)]

Other Threads:
  0x00000214a325e800 VMThread "VM Thread" [stack: 0x000000748a700000,0x000000748a800000] [id=16504]
  0x00000214a2013800 WatcherThread [stack: 0x000000748cf00000,0x000000748d000000] [id=11828]
  0x00000214a4c51000 GCTaskThread "GC Thread#0" [stack: 0x0000007488e00000,0x0000007488f00000] [id=11948]
  0x00000214a4c50800 GCTaskThread "GC Thread#1" [stack: 0x0000007488f00000,0x0000007489000000] [id=3816]
  0x00000214a4c51800 GCTaskThread "GC Thread#2" [stack: 0x0000007489000000,0x0000007489100000] [id=11492]
  0x00000214a4c52000 GCTaskThread "GC Thread#3" [stack: 0x0000007489100000,0x0000007489200000] [id=11356]
  0x00000214a4c53000 GCTaskThread "GC Thread#4" [stack: 0x0000007489200000,0x0000007489300000] [id=11988]
  0x00000214a4c53800 GCTaskThread "GC Thread#5" [stack: 0x0000007489300000,0x0000007489400000] [id=16560]
  0x00000214a433a800 GCTaskThread "GC Thread#6" [stack: 0x0000007489400000,0x0000007489500000] [id=15924]
  0x00000214a4336800 GCTaskThread "GC Thread#7" [stack: 0x0000007489500000,0x0000007489600000] [id=10260]
  0x00000214a4339800 GCTaskThread "GC Thread#8" [stack: 0x0000007489600000,0x0000007489700000] [id=15836]
  0x00000214a433b800 GCTaskThread "GC Thread#9" [stack: 0x0000007489700000,0x0000007489800000] [id=3688]
  0x0000021487281800 ConcurrentGCThread "G1 Main Marker" [stack: 0x000000748a300000,0x000000748a400000] [id=7548]
  0x00000214a433c800 ConcurrentGCThread "G1 Marker#0" [stack: 0x000000748a400000,0x000000748a500000] [id=3868]
  0x00000214a433c000 ConcurrentGCThread "G1 Marker#1" [stack: 0x000000748a500000,0x000000748a600000] [id=10200]
  0x00000214a433d000 ConcurrentGCThread "G1 Marker#2" [stack: 0x000000748a600000,0x000000748a700000] [id=6896]
  0x00000214be0cd000 ConcurrentGCThread "G1 Refine#0" [stack: 0x000000748a100000,0x000000748a200000] [id=15688]
  0x00000214a201c800 ConcurrentGCThread "G1 Refine#1" [stack: 0x000000748a000000,0x000000748a100000] [id=15536]
  0x00000214a201c000 ConcurrentGCThread "G1 Refine#2" [stack: 0x0000007489f00000,0x000000748a000000] [id=15724]
  0x00000214a4f41000 ConcurrentGCThread "G1 Refine#3" [stack: 0x0000007489e00000,0x0000007489f00000] [id=2596]
  0x00000214a4347800 ConcurrentGCThread "G1 Refine#4" [stack: 0x0000007489d00000,0x0000007489e00000] [id=15636]
  0x00000214a4346800 ConcurrentGCThread "G1 Refine#5" [stack: 0x0000007489c00000,0x0000007489d00000] [id=6768]
  0x00000214a4c65000 ConcurrentGCThread "G1 Refine#6" [stack: 0x0000007489b00000,0x0000007489c00000] [id=14656]
  0x00000214bdcd7000 ConcurrentGCThread "G1 Refine#7" [stack: 0x0000007489a00000,0x0000007489b00000] [id=16520]
  0x00000214bdcd6800 ConcurrentGCThread "G1 Refine#8" [stack: 0x0000007489900000,0x0000007489a00000] [id=2692]
  0x00000214a2121000 ConcurrentGCThread "G1 Refine#9" [stack: 0x0000007489800000,0x0000007489900000] [id=3020]
  0x00000214a4d7a000 ConcurrentGCThread "G1 Young RemSet Sampling" [stack: 0x000000748a200000,0x000000748a300000] [id=10088]

Threads with active compile tasks:

VM state:not at safepoint (normal execution)

VM Mutex/Monitor currently owned by a thread: None

Heap address: 0x0000000700000000, size: 3072 MB, Compressed Oops mode: Zero based, Oop shift amount: 3
Narrow klass base: 0x0000000000000000, Narrow klass shift: 3
Compressed class space size: 1073741824 Address: 0x00000007c0000000

Heap:
 garbage-first heap   total 202752K, used 164180K [0x0000000700000000, 0x0000000700100630, 0x00000007c0000000)
  region size 1024K, 47 young (48128K), 1 survivors (1024K)
 Metaspace       used 97952K, capacity 105855K, committed 105936K, reserved 1140736K
  class space    used 14194K, capacity 15555K, committed 15612K, reserved 1048576K
Heap Regions: E=young(eden), S=young(survivor), O=old, HS=humongous(starts), HC=humongous(continues), CS=collection set, F=free, A=archive, TS=gc time stamp, AC=allocation context, TAMS=top-at-mark-start (previous, next)
|   0|0x0000000700000000, 0x0000000700100000, 0x0000000700100000|100%| O|  |TS  0|AC  0|TAMS 0x0000000700000000, 0x0000000700000000|
|   1|0x0000000700100000, 0x00000007001f8410, 0x0000000700200000| 96%| O|  |TS  0|AC  0|TAMS 0x0000000700100000, 0x0000000700100000|
|   2|0x0000000700200000, 0x0000000700300000, 0x0000000700300000|100%|HS|  |TS  0|AC  0|TAMS 0x0000000700200000, 0x0000000700200000|
|   3|0x0000000700300000, 0x0000000700400000, 0x0000000700400000|100%|HC|  |TS  0|AC  0|TAMS 0x0000000700300000, 0x0000000700300000|
|   4|0x0000000700400000, 0x0000000700500000, 0x0000000700500000|100%|HS|  |TS  0|AC  0|TAMS 0x0000000700400000, 0x0000000700400000|
|   5|0x0000000700500000, 0x00000007005e9570, 0x0000000700600000| 91%| O|  |TS  0|AC  0|TAMS 0x0000000700500000, 0x0000000700500000|
|   6|0x0000000700600000, 0x00000007006d9ba0, 0x0000000700700000| 85%| O|  |TS  0|AC  0|TAMS 0x0000000700600000, 0x0000000700600000|
|   7|0x0000000700700000, 0x00000007007fffd0, 0x0000000700800000| 99%| O|  |TS  0|AC  0|TAMS 0x0000000700700000, 0x0000000700700000|
|   8|0x0000000700800000, 0x00000007008ff330, 0x0000000700900000| 99%| O|  |TS  0|AC  0|TAMS 0x0000000700800000, 0x0000000700800000|
|   9|0x0000000700900000, 0x0000000700a00000, 0x0000000700a00000|100%| O|  |TS  0|AC  0|TAMS 0x0000000700900000, 0x0000000700900000|
|  10|0x0000000700a00000, 0x0000000700afffe0, 0x0000000700b00000| 99%| O|  |TS  0|AC  0|TAMS 0x0000000700a00000, 0x0000000700a00000|
|  11|0x0000000700b00000, 0x0000000700c00000, 0x0000000700c00000|100%| O|  |TS  0|AC  0|TAMS 0x0000000700b00000, 0x0000000700b00000|
|  12|0x0000000700c00000, 0x0000000700d00000, 0x0000000700d00000|100%| O|  |TS  0|AC  0|TAMS 0x0000000700c00000, 0x0000000700c00000|
|  13|0x0000000700d00000, 0x0000000700df7118, 0x0000000700e00000| 96%| O|  |TS  0|AC  0|TAMS 0x0000000700d00000, 0x0000000700d00000|
|  14|0x0000000700e00000, 0x0000000700effff8, 0x0000000700f00000| 99%| O|  |TS  0|AC  0|TAMS 0x0000000700e00000, 0x0000000700e00000|
|  15|0x0000000700f00000, 0x0000000700ffff68, 0x0000000701000000| 99%| O|  |TS  0|AC  0|TAMS 0x0000000700f00000, 0x0000000700f00000|
|  16|0x0000000701000000, 0x0000000701100000, 0x0000000701100000|100%|HS|  |TS  0|AC  0|TAMS 0x0000000701000000, 0x0000000701000000|
|  17|0x0000000701100000, 0x00000007011ffff8, 0x0000000701200000| 99%| O|  |TS  0|AC  0|TAMS 0x0000000701100000, 0x0000000701100000|
|  18|0x0000000701200000, 0x00000007012ffff0, 0x0000000701300000| 99%| O|  |TS  0|AC  0|TAMS 0x0000000701200000, 0x0000000701200000|
|  19|0x0000000701300000, 0x00000007013ffff0, 0x0000000701400000| 99%| O|  |TS  0|AC  0|TAMS 0x0000000701300000, 0x0000000701300000|
|  20|0x0000000701400000, 0x00000007014ffff8, 0x0000000701500000| 99%| O|  |TS  0|AC  0|TAMS 0x0000000701400000, 0x0000000701400000|
|  21|0x0000000701500000, 0x00000007015fffe8, 0x0000000701600000| 99%| O|  |TS  0|AC  0|TAMS 0x0000000701500000, 0x0000000701500000|
|  22|0x0000000701600000, 0x0000000701700000, 0x0000000701700000|100%| O|  |TS  0|AC  0|TAMS 0x0000000701600000, 0x0000000701600000|
|  23|0x0000000701700000, 0x0000000701800000, 0x0000000701800000|100%| O|  |TS  0|AC  0|TAMS 0x0000000701700000, 0x0000000701700000|
|  24|0x0000000701800000, 0x0000000701900000, 0x0000000701900000|100%| O|  |TS  0|AC  0|TAMS 0x0000000701800000, 0x0000000701800000|
|  25|0x0000000701900000, 0x00000007019fffa8, 0x0000000701a00000| 99%| O|  |TS  0|AC  0|TAMS 0x0000000701900000, 0x0000000701900000|
|  26|0x0000000701a00000, 0x0000000701afed58, 0x0000000701b00000| 99%| O|  |TS  0|AC  0|TAMS 0x0000000701a00000, 0x0000000701a00000|
|  27|0x0000000701b00000, 0x0000000701bffff8, 0x0000000701c00000| 99%| O|  |TS  0|AC  0|TAMS 0x0000000701b00000, 0x0000000701b00000|
|  28|0x0000000701c00000, 0x0000000701cfffd8, 0x0000000701d00000| 99%| O|  |TS  0|AC  0|TAMS 0x0000000701c00000, 0x0000000701c00000|
|  29|0x0000000701d00000, 0x0000000701dffff0, 0x0000000701e00000| 99%| O|  |TS  0|AC  0|TAMS 0x0000000701d00000, 0x0000000701d00000|
|  30|0x0000000701e00000, 0x0000000701effff0, 0x0000000701f00000| 99%| O|  |TS  0|AC  0|TAMS 0x0000000701e00000, 0x0000000701e00000|
|  31|0x0000000701f00000, 0x0000000701fffff0, 0x0000000702000000| 99%| O|  |TS  0|AC  0|TAMS 0x0000000701f00000, 0x0000000701f00000|
|  32|0x0000000702000000, 0x00000007020fffd0, 0x0000000702100000| 99%| O|  |TS  0|AC  0|TAMS 0x0000000702000000, 0x0000000702000000|
|  33|0x0000000702100000, 0x0000000702200000, 0x0000000702200000|100%| O|  |TS  0|AC  0|TAMS 0x0000000702100000, 0x0000000702100000|
|  34|0x0000000702200000, 0x00000007022ffff8, 0x0000000702300000| 99%| O|  |TS  0|AC  0|TAMS 0x0000000702200000, 0x0000000702200000|
|  35|0x0000000702300000, 0x00000007023ffee8, 0x0000000702400000| 99%| O|  |TS  0|AC  0|TAMS 0x0000000702300000, 0x0000000702300000|
|  36|0x0000000702400000, 0x00000007024fef88, 0x0000000702500000| 99%| O|  |TS  0|AC  0|TAMS 0x0000000702400000, 0x0000000702400000|
|  37|0x0000000702500000, 0x00000007025fffb0, 0x0000000702600000| 99%| O|  |TS  0|AC  0|TAMS 0x0000000702500000, 0x0000000702500000|
|  38|0x0000000702600000, 0x00000007026ffff0, 0x0000000702700000| 99%| O|  |TS  0|AC  0|TAMS 0x0000000702600000, 0x0000000702600000|
|  39|0x0000000702700000, 0x00000007027fffe8, 0x0000000702800000| 99%| O|  |TS  0|AC  0|TAMS 0x0000000702700000, 0x0000000702700000|
|  40|0x0000000702800000, 0x00000007028e3810, 0x0000000702900000| 88%| O|  |TS  0|AC  0|TAMS 0x0000000702800000, 0x0000000702800000|
|  41|0x0000000702900000, 0x00000007029fffb0, 0x0000000702a00000| 99%| O|  |TS  0|AC  0|TAMS 0x0000000702900000, 0x0000000702900000|
|  42|0x0000000702a00000, 0x0000000702affff8, 0x0000000702b00000| 99%| O|  |TS  0|AC  0|TAMS 0x0000000702a00000, 0x0000000702a00000|
|  43|0x0000000702b00000, 0x0000000702bffff8, 0x0000000702c00000| 99%| O|  |TS  0|AC  0|TAMS 0x0000000702b00000, 0x0000000702b00000|
|  44|0x0000000702c00000, 0x0000000702d00000, 0x0000000702d00000|100%| O|  |TS  0|AC  0|TAMS 0x0000000702c00000, 0x0000000702c00000|
|  45|0x0000000702d00000, 0x0000000702e00000, 0x0000000702e00000|100%| O|  |TS  0|AC  0|TAMS 0x0000000702d00000, 0x0000000702d00000|
|  46|0x0000000702e00000, 0x0000000702ef03c0, 0x0000000702f00000| 93%| O|  |TS  0|AC  0|TAMS 0x0000000702e00000, 0x0000000702e00000|
|  47|0x0000000702f00000, 0x0000000702ffff38, 0x0000000703000000| 99%| O|  |TS  0|AC  0|TAMS 0x0000000702f00000, 0x0000000702f00000|
|  48|0x0000000703000000, 0x00000007030fffe8, 0x0000000703100000| 99%| O|  |TS  0|AC  0|TAMS 0x0000000703000000, 0x0000000703000000|
|  49|0x0000000703100000, 0x00000007031fe050, 0x0000000703200000| 99%| O|  |TS  0|AC  0|TAMS 0x0000000703100000, 0x0000000703100000|
|  50|0x0000000703200000, 0x0000000703300000, 0x0000000703300000|100%| O|  |TS  0|AC  0|TAMS 0x0000000703200000, 0x0000000703200000|
|  51|0x0000000703300000, 0x00000007033ffea0, 0x0000000703400000| 99%| O|  |TS  0|AC  0|TAMS 0x0000000703300000, 0x0000000703300000|
|  52|0x0000000703400000, 0x00000007034ffff8, 0x0000000703500000| 99%| O|  |TS  0|AC  0|TAMS 0x0000000703400000, 0x0000000703400000|
|  53|0x0000000703500000, 0x0000000703600000, 0x0000000703600000|100%| O|  |TS  0|AC  0|TAMS 0x0000000703500000, 0x0000000703500000|
|  54|0x0000000703600000, 0x0000000703700000, 0x0000000703700000|100%| O|  |TS  0|AC  0|TAMS 0x0000000703600000, 0x0000000703600000|
|  55|0x0000000703700000, 0x00000007037ffff8, 0x0000000703800000| 99%| O|  |TS  0|AC  0|TAMS 0x0000000703700000, 0x0000000703700000|
|  56|0x0000000703800000, 0x00000007038ffff8, 0x0000000703900000| 99%| O|  |TS  0|AC  0|TAMS 0x0000000703800000, 0x0000000703800000|
|  57|0x0000000703900000, 0x00000007039ffff8, 0x0000000703a00000| 99%| O|  |TS  0|AC  0|TAMS 0x0000000703900000, 0x0000000703900000|
|  58|0x0000000703a00000, 0x0000000703b00000, 0x0000000703b00000|100%| O|  |TS  0|AC  0|TAMS 0x0000000703a00000, 0x0000000703a00000|
|  59|0x0000000703b00000, 0x0000000703c00000, 0x0000000703c00000|100%| O|  |TS  0|AC  0|TAMS 0x0000000703b00000, 0x0000000703b00000|
|  60|0x0000000703c00000, 0x0000000703cfffe0, 0x0000000703d00000| 99%| O|  |TS  0|AC  0|TAMS 0x0000000703c00000, 0x0000000703c00000|
|  61|0x0000000703d00000, 0x0000000703dff9c8, 0x0000000703e00000| 99%| O|  |TS  0|AC  0|TAMS 0x0000000703d00000, 0x0000000703d00000|
|  62|0x0000000703e00000, 0x0000000703effff8, 0x0000000703f00000| 99%| O|  |TS  0|AC  0|TAMS 0x0000000703e00000, 0x0000000703e00000|
|  63|0x0000000703f00000, 0x0000000704000000, 0x0000000704000000|100%| O|  |TS  0|AC  0|TAMS 0x0000000703f00000, 0x0000000703f00000|
|  64|0x0000000704000000, 0x00000007040fffa8, 0x0000000704100000| 99%| O|  |TS  0|AC  0|TAMS 0x0000000704000000, 0x0000000704000000|
|  65|0x0000000704100000, 0x00000007041ffff0, 0x0000000704200000| 99%| O|  |TS  0|AC  0|TAMS 0x0000000704100000, 0x0000000704100000|
|  66|0x0000000704200000, 0x0000000704300000, 0x0000000704300000|100%| O|  |TS  0|AC  0|TAMS 0x0000000704200000, 0x0000000704200000|
|  67|0x0000000704300000, 0x00000007043ffff0, 0x0000000704400000| 99%| O|  |TS  0|AC  0|TAMS 0x0000000704300000, 0x0000000704300000|
|  68|0x0000000704400000, 0x00000007044ffff8, 0x0000000704500000| 99%| O|  |TS  0|AC  0|TAMS 0x0000000704400000, 0x0000000704400000|
|  69|0x0000000704500000, 0x00000007045ffff0, 0x0000000704600000| 99%| O|  |TS  0|AC  0|TAMS 0x0000000704500000, 0x0000000704500000|
|  70|0x0000000704600000, 0x00000007046ffff0, 0x0000000704700000| 99%| O|  |TS  0|AC  0|TAMS 0x0000000704600000, 0x0000000704600000|
|  71|0x0000000704700000, 0x0000000704800000, 0x0000000704800000|100%| O|  |TS  0|AC  0|TAMS 0x0000000704700000, 0x0000000704700000|
|  72|0x0000000704800000, 0x00000007048fffb0, 0x0000000704900000| 99%| O|  |TS  0|AC  0|TAMS 0x0000000704800000, 0x0000000704800000|
|  73|0x0000000704900000, 0x00000007049ffff0, 0x0000000704a00000| 99%| O|  |TS  0|AC  0|TAMS 0x0000000704900000, 0x0000000704900000|
|  74|0x0000000704a00000, 0x0000000704afb228, 0x0000000704b00000| 98%| O|  |TS  0|AC  0|TAMS 0x0000000704a00000, 0x0000000704a00000|
|  75|0x0000000704b00000, 0x0000000704bffff8, 0x0000000704c00000| 99%| O|  |TS  0|AC  0|TAMS 0x0000000704b00000, 0x0000000704b00000|
|  76|0x0000000704c00000, 0x0000000704cfffe8, 0x0000000704d00000| 99%| O|  |TS  0|AC  0|TAMS 0x0000000704c00000, 0x0000000704c00000|
|  77|0x0000000704d00000, 0x0000000704dfe780, 0x0000000704e00000| 99%| O|  |TS  0|AC  0|TAMS 0x0000000704d00000, 0x0000000704d00000|
|  78|0x0000000704e00000, 0x0000000704effef8, 0x0000000704f00000| 99%| O|  |TS  0|AC  0|TAMS 0x0000000704e00000, 0x0000000704e00000|
|  79|0x0000000704f00000, 0x0000000704fffe18, 0x0000000705000000| 99%| O|  |TS  0|AC  0|TAMS 0x0000000704f00000, 0x0000000704f00000|
|  80|0x0000000705000000, 0x00000007050fffe0, 0x0000000705100000| 99%| O|  |TS  0|AC  0|TAMS 0x0000000705000000, 0x0000000705000000|
|  81|0x0000000705100000, 0x00000007051fff20, 0x0000000705200000| 99%| O|  |TS  0|AC  0|TAMS 0x0000000705100000, 0x0000000705100000|
|  82|0x0000000705200000, 0x00000007052ffff8, 0x0000000705300000| 99%| O|  |TS  0|AC  0|TAMS 0x0000000705200000, 0x0000000705200000|
|  83|0x0000000705300000, 0x0000000705400000, 0x0000000705400000|100%| O|  |TS  0|AC  0|TAMS 0x0000000705300000, 0x0000000705300000|
|  84|0x0000000705400000, 0x00000007054fffd0, 0x0000000705500000| 99%| O|  |TS  0|AC  0|TAMS 0x0000000705400000, 0x0000000705400000|
|  85|0x0000000705500000, 0x00000007055cbe88, 0x0000000705600000| 79%| O|  |TS  0|AC  0|TAMS 0x0000000705500000, 0x0000000705500000|
|  86|0x0000000705600000, 0x00000007056ffe48, 0x0000000705700000| 99%| O|  |TS  0|AC  0|TAMS 0x0000000705600000, 0x0000000705600000|
|  87|0x0000000705700000, 0x0000000705800000, 0x0000000705800000|100%| O|  |TS  0|AC  0|TAMS 0x0000000705700000, 0x0000000705700000|
|  88|0x0000000705800000, 0x00000007058ffe20, 0x0000000705900000| 99%| O|  |TS  0|AC  0|TAMS 0x0000000705800000, 0x0000000705800000|
|  89|0x0000000705900000, 0x00000007059ffff0, 0x0000000705a00000| 99%| O|  |TS  0|AC  0|TAMS 0x0000000705900000, 0x0000000705900000|
|  90|0x0000000705a00000, 0x0000000705b00000, 0x0000000705b00000|100%| O|  |TS  0|AC  0|TAMS 0x0000000705a00000, 0x0000000705a00000|
|  91|0x0000000705b00000, 0x0000000705c00000, 0x0000000705c00000|100%| O|  |TS  0|AC  0|TAMS 0x0000000705b00000, 0x0000000705b00000|
|  92|0x0000000705c00000, 0x0000000705cffff0, 0x0000000705d00000| 99%| O|  |TS  0|AC  0|TAMS 0x0000000705c00000, 0x0000000705c00000|
|  93|0x0000000705d00000, 0x0000000705dfffc8, 0x0000000705e00000| 99%| O|  |TS  0|AC  0|TAMS 0x0000000705d00000, 0x0000000705d00000|
|  94|0x0000000705e00000, 0x0000000705effff0, 0x0000000705f00000| 99%| O|  |TS  0|AC  0|TAMS 0x0000000705e00000, 0x0000000705e00000|
|  95|0x0000000705f00000, 0x0000000705ffffd8, 0x0000000706000000| 99%| O|  |TS  0|AC  0|TAMS 0x0000000705f00000, 0x0000000705f00000|
|  96|0x0000000706000000, 0x00000007060fff18, 0x0000000706100000| 99%| O|  |TS  0|AC  0|TAMS 0x0000000706000000, 0x0000000706000000|
|  97|0x0000000706100000, 0x0000000706200000, 0x0000000706200000|100%|HS|  |TS  0|AC  0|TAMS 0x0000000706100000, 0x0000000706100000|
|  98|0x0000000706200000, 0x0000000706300000, 0x0000000706300000|100%|HC|  |TS  0|AC  0|TAMS 0x0000000706200000, 0x0000000706200000|
|  99|0x0000000706300000, 0x0000000706400000, 0x0000000706400000|100%|HC|  |TS  0|AC  0|TAMS 0x0000000706300000, 0x0000000706300000|
| 100|0x0000000706400000, 0x0000000706500000, 0x0000000706500000|100%|HC|  |TS  0|AC  0|TAMS 0x0000000706400000, 0x0000000706400000|
| 101|0x0000000706500000, 0x0000000706600000, 0x0000000706600000|100%|HC|  |TS  0|AC  0|TAMS 0x0000000706500000, 0x0000000706500000|
| 102|0x0000000706600000, 0x0000000706700000, 0x0000000706700000|100%|HC|  |TS  0|AC  0|TAMS 0x0000000706600000, 0x0000000706600000|
| 103|0x0000000706700000, 0x0000000706800000, 0x0000000706800000|100%|HC|  |TS  0|AC  0|TAMS 0x0000000706700000, 0x0000000706700000|
| 104|0x0000000706800000, 0x0000000706900000, 0x0000000706900000|100%|HC|  |TS  0|AC  0|TAMS 0x0000000706800000, 0x0000000706800000|
| 105|0x0000000706900000, 0x00000007069fffd8, 0x0000000706a00000| 99%| O|  |TS  0|AC  0|TAMS 0x0000000706900000, 0x0000000706900000|
| 106|0x0000000706a00000, 0x0000000706b00000, 0x0000000706b00000|100%| O|  |TS  0|AC  0|TAMS 0x0000000706a00000, 0x0000000706a00000|
| 107|0x0000000706b00000, 0x0000000706bffff8, 0x0000000706c00000| 99%| O|  |TS  0|AC  0|TAMS 0x0000000706b00000, 0x0000000706b00000|
| 108|0x0000000706c00000, 0x0000000706cffe28, 0x0000000706d00000| 99%| O|  |TS  0|AC  0|TAMS 0x0000000706c00000, 0x0000000706c00000|
| 109|0x0000000706d00000, 0x0000000706e00000, 0x0000000706e00000|100%| O|  |TS  0|AC  0|TAMS 0x0000000706d00000, 0x0000000706d00000|
| 110|0x0000000706e00000, 0x0000000706f00000, 0x0000000706f00000|100%| O|  |TS  0|AC  0|TAMS 0x0000000706e00000, 0x0000000706e00000|
| 111|0x0000000706f00000, 0x0000000706fffff0, 0x0000000707000000| 99%| O|  |TS  0|AC  0|TAMS 0x0000000706f00000, 0x0000000706f00000|
| 112|0x0000000707000000, 0x0000000707100000, 0x0000000707100000|100%| O|  |TS  0|AC  0|TAMS 0x0000000707000000, 0x0000000707000000|
| 113|0x0000000707100000, 0x00000007071ffff8, 0x0000000707200000| 99%| O|  |TS  0|AC  0|TAMS 0x0000000707100000, 0x0000000707100000|
| 114|0x0000000707200000, 0x000000070725e170, 0x0000000707300000| 36%| O|  |TS  0|AC  0|TAMS 0x0000000707200000, 0x0000000707200000|
| 115|0x0000000707300000, 0x0000000707400000, 0x0000000707400000|100%|HS|  |TS  0|AC  0|TAMS 0x0000000707300000, 0x0000000707300000|
| 116|0x0000000707400000, 0x0000000707400000, 0x0000000707500000|  0%| F|  |TS  0|AC  0|TAMS 0x0000000707400000, 0x0000000707400000|
| 117|0x0000000707500000, 0x0000000707500000, 0x0000000707600000|  0%| F|  |TS  0|AC  0|TAMS 0x0000000707500000, 0x0000000707500000|
| 118|0x0000000707600000, 0x0000000707600000, 0x0000000707700000|  0%| F|  |TS  0|AC  0|TAMS 0x0000000707600000, 0x0000000707600000|
| 119|0x0000000707700000, 0x0000000707700000, 0x0000000707800000|  0%| F|  |TS  0|AC  0|TAMS 0x0000000707700000, 0x0000000707700000|
| 120|0x0000000707800000, 0x0000000707800000, 0x0000000707900000|  0%| F|  |TS  0|AC  0|TAMS 0x0000000707800000, 0x0000000707800000|
| 121|0x0000000707900000, 0x0000000707900000, 0x0000000707a00000|  0%| F|  |TS  0|AC  0|TAMS 0x0000000707900000, 0x0000000707900000|
| 122|0x0000000707a00000, 0x0000000707a00000, 0x0000000707b00000|  0%| F|  |TS  0|AC  0|TAMS 0x0000000707a00000, 0x0000000707a00000|
| 123|0x0000000707b00000, 0x0000000707b00000, 0x0000000707c00000|  0%| F|  |TS  0|AC  0|TAMS 0x0000000707b00000, 0x0000000707b00000|
| 124|0x0000000707c00000, 0x0000000707c00000, 0x0000000707d00000|  0%| F|  |TS  0|AC  0|TAMS 0x0000000707c00000, 0x0000000707c00000|
| 125|0x0000000707d00000, 0x0000000707d00000, 0x0000000707e00000|  0%| F|  |TS  0|AC  0|TAMS 0x0000000707d00000, 0x0000000707d00000|
| 126|0x0000000707e00000, 0x0000000707e00000, 0x0000000707f00000|  0%| F|  |TS  0|AC  0|TAMS 0x0000000707e00000, 0x0000000707e00000|
| 127|0x0000000707f00000, 0x0000000707f00000, 0x0000000708000000|  0%| F|  |TS  0|AC  0|TAMS 0x0000000707f00000, 0x0000000707f00000|
| 128|0x0000000708000000, 0x0000000708000000, 0x0000000708100000|  0%| F|  |TS  0|AC  0|TAMS 0x0000000708000000, 0x0000000708000000|
| 129|0x0000000708100000, 0x0000000708100000, 0x0000000708200000|  0%| F|  |TS  0|AC  0|TAMS 0x0000000708100000, 0x0000000708100000|
| 130|0x0000000708200000, 0x0000000708200000, 0x0000000708300000|  0%| F|  |TS  0|AC  0|TAMS 0x0000000708200000, 0x0000000708200000|
| 131|0x0000000708300000, 0x0000000708300000, 0x0000000708400000|  0%| F|  |TS  0|AC  0|TAMS 0x0000000708300000, 0x0000000708300000|
| 132|0x0000000708400000, 0x0000000708400000, 0x0000000708500000|  0%| F|  |TS  0|AC  0|TAMS 0x0000000708400000, 0x0000000708400000|
| 133|0x0000000708500000, 0x0000000708500000, 0x0000000708600000|  0%| F|  |TS  0|AC  0|TAMS 0x0000000708500000, 0x0000000708500000|
| 134|0x0000000708600000, 0x0000000708600000, 0x0000000708700000|  0%| F|  |TS  0|AC  0|TAMS 0x0000000708600000, 0x0000000708600000|
| 135|0x0000000708700000, 0x0000000708700000, 0x0000000708800000|  0%| F|  |TS  0|AC  0|TAMS 0x0000000708700000, 0x0000000708700000|
| 136|0x0000000708800000, 0x0000000708800000, 0x0000000708900000|  0%| F|  |TS  0|AC  0|TAMS 0x0000000708800000, 0x0000000708800000|
| 137|0x0000000708900000, 0x00000007089b2008, 0x0000000708a00000| 69%| S|CS|TS  9|AC  0|TAMS 0x0000000708900000, 0x0000000708900000|
| 138|0x0000000708a00000, 0x0000000708a00000, 0x0000000708b00000|  0%| F|  |TS  9|AC  0|TAMS 0x0000000708a00000, 0x0000000708a00000|
| 139|0x0000000708b00000, 0x0000000708b00000, 0x0000000708c00000|  0%| F|  |TS  9|AC  0|TAMS 0x0000000708b00000, 0x0000000708b00000|
| 140|0x0000000708c00000, 0x0000000708c00000, 0x0000000708d00000|  0%| F|  |TS  9|AC  0|TAMS 0x0000000708c00000, 0x0000000708c00000|
| 141|0x0000000708d00000, 0x0000000708d00000, 0x0000000708e00000|  0%| F|  |TS  9|AC  0|TAMS 0x0000000708d00000, 0x0000000708d00000|
| 142|0x0000000708e00000, 0x0000000708e00000, 0x0000000708f00000|  0%| F|  |TS  9|AC  0|TAMS 0x0000000708e00000, 0x0000000708e00000|
| 143|0x0000000708f00000, 0x0000000708f00000, 0x0000000709000000|  0%| F|  |TS  9|AC  0|TAMS 0x0000000708f00000, 0x0000000708f00000|
| 144|0x0000000709000000, 0x0000000709000000, 0x0000000709100000|  0%| F|  |TS  9|AC  0|TAMS 0x0000000709000000, 0x0000000709000000|
| 145|0x0000000709100000, 0x0000000709100000, 0x0000000709200000|  0%| F|  |TS  9|AC  0|TAMS 0x0000000709100000, 0x0000000709100000|
| 146|0x0000000709200000, 0x0000000709200000, 0x0000000709300000|  0%| F|  |TS  9|AC  0|TAMS 0x0000000709200000, 0x0000000709200000|
| 147|0x0000000709300000, 0x0000000709300000, 0x0000000709400000|  0%| F|  |TS  9|AC  0|TAMS 0x0000000709300000, 0x0000000709300000|
| 148|0x0000000709400000, 0x0000000709400000, 0x0000000709500000|  0%| F|  |TS  9|AC  0|TAMS 0x0000000709400000, 0x0000000709400000|
| 149|0x0000000709500000, 0x0000000709500000, 0x0000000709600000|  0%| F|  |TS  9|AC  0|TAMS 0x0000000709500000, 0x0000000709500000|
| 150|0x0000000709600000, 0x0000000709600000, 0x0000000709700000|  0%| F|  |TS  9|AC  0|TAMS 0x0000000709600000, 0x0000000709600000|
| 151|0x0000000709700000, 0x0000000709700000, 0x0000000709800000|  0%| F|  |TS  9|AC  0|TAMS 0x0000000709700000, 0x0000000709700000|
| 152|0x0000000709800000, 0x00000007098dbbc0, 0x0000000709900000| 85%| E|  |TS  9|AC  0|TAMS 0x0000000709800000, 0x0000000709800000|
| 153|0x0000000709900000, 0x0000000709a00000, 0x0000000709a00000|100%| E|CS|TS  9|AC  0|TAMS 0x0000000709900000, 0x0000000709900000|
| 154|0x0000000709a00000, 0x0000000709b00000, 0x0000000709b00000|100%| E|CS|TS  9|AC  0|TAMS 0x0000000709a00000, 0x0000000709a00000|
| 155|0x0000000709b00000, 0x0000000709c00000, 0x0000000709c00000|100%| E|CS|TS  9|AC  0|TAMS 0x0000000709b00000, 0x0000000709b00000|
| 156|0x0000000709c00000, 0x0000000709d00000, 0x0000000709d00000|100%| E|CS|TS  9|AC  0|TAMS 0x0000000709c00000, 0x0000000709c00000|
| 157|0x0000000709d00000, 0x0000000709e00000, 0x0000000709e00000|100%| E|CS|TS  9|AC  0|TAMS 0x0000000709d00000, 0x0000000709d00000|
| 158|0x0000000709e00000, 0x0000000709f00000, 0x0000000709f00000|100%| E|CS|TS  9|AC  0|TAMS 0x0000000709e00000, 0x0000000709e00000|
| 159|0x0000000709f00000, 0x000000070a000000, 0x000000070a000000|100%| E|CS|TS  9|AC  0|TAMS 0x0000000709f00000, 0x0000000709f00000|
| 160|0x000000070a000000, 0x000000070a100000, 0x000000070a100000|100%| E|CS|TS  9|AC  0|TAMS 0x000000070a000000, 0x000000070a000000|
| 161|0x000000070a100000, 0x000000070a200000, 0x000000070a200000|100%| E|CS|TS  9|AC  0|TAMS 0x000000070a100000, 0x000000070a100000|
| 162|0x000000070a200000, 0x000000070a300000, 0x000000070a300000|100%| E|CS|TS  9|AC  0|TAMS 0x000000070a200000, 0x000000070a200000|
| 163|0x000000070a300000, 0x000000070a400000, 0x000000070a400000|100%| E|CS|TS  9|AC  0|TAMS 0x000000070a300000, 0x000000070a300000|
| 164|0x000000070a400000, 0x000000070a500000, 0x000000070a500000|100%| E|CS|TS  9|AC  0|TAMS 0x000000070a400000, 0x000000070a400000|
| 165|0x000000070a500000, 0x000000070a600000, 0x000000070a600000|100%| E|CS|TS  9|AC  0|TAMS 0x000000070a500000, 0x000000070a500000|
| 166|0x000000070a600000, 0x000000070a700000, 0x000000070a700000|100%| E|CS|TS  9|AC  0|TAMS 0x000000070a600000, 0x000000070a600000|
| 167|0x000000070a700000, 0x000000070a800000, 0x000000070a800000|100%| E|CS|TS  9|AC  0|TAMS 0x000000070a700000, 0x000000070a700000|
| 168|0x000000070a800000, 0x000000070a900000, 0x000000070a900000|100%| E|CS|TS  9|AC  0|TAMS 0x000000070a800000, 0x000000070a800000|
| 169|0x000000070a900000, 0x000000070aa00000, 0x000000070aa00000|100%| E|CS|TS  9|AC  0|TAMS 0x000000070a900000, 0x000000070a900000|
| 170|0x000000070aa00000, 0x000000070ab00000, 0x000000070ab00000|100%| E|CS|TS  9|AC  0|TAMS 0x000000070aa00000, 0x000000070aa00000|
| 171|0x000000070ab00000, 0x000000070ac00000, 0x000000070ac00000|100%| E|CS|TS  9|AC  0|TAMS 0x000000070ab00000, 0x000000070ab00000|
| 172|0x000000070ac00000, 0x000000070ad00000, 0x000000070ad00000|100%| E|CS|TS  9|AC  0|TAMS 0x000000070ac00000, 0x000000070ac00000|
| 173|0x000000070ad00000, 0x000000070ae00000, 0x000000070ae00000|100%| E|CS|TS  9|AC  0|TAMS 0x000000070ad00000, 0x000000070ad00000|
| 174|0x000000070ae00000, 0x000000070af00000, 0x000000070af00000|100%| E|CS|TS  9|AC  0|TAMS 0x000000070ae00000, 0x000000070ae00000|
| 175|0x000000070af00000, 0x000000070b000000, 0x000000070b000000|100%| E|CS|TS  9|AC  0|TAMS 0x000000070af00000, 0x000000070af00000|
| 176|0x000000070b000000, 0x000000070b100000, 0x000000070b100000|100%| E|CS|TS  9|AC  0|TAMS 0x000000070b000000, 0x000000070b000000|
| 177|0x000000070b100000, 0x000000070b200000, 0x000000070b200000|100%| E|CS|TS  9|AC  0|TAMS 0x000000070b100000, 0x000000070b100000|
| 178|0x000000070b200000, 0x000000070b300000, 0x000000070b300000|100%| E|CS|TS  9|AC  0|TAMS 0x000000070b200000, 0x000000070b200000|
| 179|0x000000070b300000, 0x000000070b400000, 0x000000070b400000|100%| E|CS|TS  9|AC  0|TAMS 0x000000070b300000, 0x000000070b300000|
| 180|0x000000070b400000, 0x000000070b500000, 0x000000070b500000|100%| E|CS|TS  9|AC  0|TAMS 0x000000070b400000, 0x000000070b400000|
| 181|0x000000070b500000, 0x000000070b600000, 0x000000070b600000|100%| E|CS|TS  9|AC  0|TAMS 0x000000070b500000, 0x000000070b500000|
| 182|0x000000070b600000, 0x000000070b700000, 0x000000070b700000|100%| E|CS|TS  9|AC  0|TAMS 0x000000070b600000, 0x000000070b600000|
| 183|0x000000070b700000, 0x000000070b800000, 0x000000070b800000|100%| E|CS|TS  9|AC  0|TAMS 0x000000070b700000, 0x000000070b700000|
| 184|0x000000070b800000, 0x000000070b900000, 0x000000070b900000|100%| E|CS|TS  9|AC  0|TAMS 0x000000070b800000, 0x000000070b800000|
| 185|0x000000070b900000, 0x000000070ba00000, 0x000000070ba00000|100%| E|CS|TS  9|AC  0|TAMS 0x000000070b900000, 0x000000070b900000|
| 186|0x000000070ba00000, 0x000000070bb00000, 0x000000070bb00000|100%| E|CS|TS  9|AC  0|TAMS 0x000000070ba00000, 0x000000070ba00000|
| 187|0x000000070bb00000, 0x000000070bc00000, 0x000000070bc00000|100%| E|CS|TS  9|AC  0|TAMS 0x000000070bb00000, 0x000000070bb00000|
| 188|0x000000070bc00000, 0x000000070bd00000, 0x000000070bd00000|100%| E|CS|TS  9|AC  0|TAMS 0x000000070bc00000, 0x000000070bc00000|
| 189|0x000000070bd00000, 0x000000070be00000, 0x000000070be00000|100%| E|CS|TS  9|AC  0|TAMS 0x000000070bd00000, 0x000000070bd00000|
| 190|0x000000070be00000, 0x000000070bf00000, 0x000000070bf00000|100%| E|CS|TS  9|AC  0|TAMS 0x000000070be00000, 0x000000070be00000|
| 191|0x000000070bf00000, 0x000000070c000000, 0x000000070c000000|100%| E|CS|TS  9|AC  0|TAMS 0x000000070bf00000, 0x000000070bf00000|
| 192|0x000000070c000000, 0x000000070c100000, 0x000000070c100000|100%| E|CS|TS  9|AC  0|TAMS 0x000000070c000000, 0x000000070c000000|
| 193|0x000000070c100000, 0x000000070c200000, 0x000000070c200000|100%| E|CS|TS  9|AC  0|TAMS 0x000000070c100000, 0x000000070c100000|
| 194|0x000000070c200000, 0x000000070c300000, 0x000000070c300000|100%| E|CS|TS  9|AC  0|TAMS 0x000000070c200000, 0x000000070c200000|
| 195|0x000000070c300000, 0x000000070c400000, 0x000000070c400000|100%| E|CS|TS  9|AC  0|TAMS 0x000000070c300000, 0x000000070c300000|
| 196|0x000000070c400000, 0x000000070c500000, 0x000000070c500000|100%| E|CS|TS  9|AC  0|TAMS 0x000000070c400000, 0x000000070c400000|
| 197|0x000000070c500000, 0x000000070c600000, 0x000000070c600000|100%| E|CS|TS  9|AC  0|TAMS 0x000000070c500000, 0x000000070c500000|

Card table byte_map: [0x00000214a0560000,0x00000214a0b60000] byte_map_base: 0x000002149cd60000

Marking Bits (Prev, Next): (CMBitMap*) 0x0000021487280cb0, (CMBitMap*) 0x0000021487280ce8
 Prev Bits: [0x00000214a4f50000, 0x00000214a7f50000)
 Next Bits: [0x00000214a7f50000, 0x00000214aaf50000)

Polling page: 0x0000021482620000

CodeHeap 'non-profiled nmethods': size=120000Kb used=26656Kb max_used=26656Kb free=93343Kb
 bounds [0x0000021498430000, 0x0000021499e40000, 0x000002149f960000]
CodeHeap 'profiled nmethods': size=120000Kb used=50790Kb max_used=52608Kb free=69209Kb
 bounds [0x0000021490f00000, 0x00000214942e0000, 0x0000021498430000]
CodeHeap 'non-nmethods': size=5760Kb used=1885Kb max_used=1931Kb free=3874Kb
 bounds [0x0000021490960000, 0x0000021490bd0000, 0x0000021490f00000]
 total_blobs=39080 nmethods=20633 adapters=1267
 compilation: enabled

Compilation events (10 events):
Event: 1250.380 Thread 0x00000214a4b8f000 26792       3       ui.views.waveform.executive.protobuf.WVPrefs$WVPrefsMessage$Builder::mergeFrom (7 bytes)
Event: 1250.380 Thread 0x00000214a4b8f000 nmethod 26792 0x00000214924c8410 code [0x00000214924c85c0, 0x00000214924c87d0]
Event: 1250.380 Thread 0x00000214a4b8f000 26793   !   3       ui.views.waveform.executive.protobuf.WVPrefs$WVPrefsMessage$Builder::mergeFrom (63 bytes)
Event: 1250.381 Thread 0x00000214a4b8f000 nmethod 26793 0x0000021492b92d90 code [0x0000021492b92fc0, 0x0000021492b936f0]
Event: 1250.381 Thread 0x00000214a4b8f000 26794       3       ui.views.waveform.executive.protobuf.WVPrefs$WVPrefsMessage$1::parsePartialFrom (7 bytes)
Event: 1250.382 Thread 0x00000214a4b8f000 nmethod 26794 0x00000214926f1910 code [0x00000214926f1ae0, 0x00000214926f1db0]
Event: 1250.407 Thread 0x00000214a4b8f000 26795       3       ui.views.waveform.executive.a::jBG (70 bytes)
Event: 1250.408 Thread 0x00000214a4b8f000 nmethod 26795 0x0000021492e05710 code [0x0000021492e059a0, 0x0000021492e06890]
Event: 1250.455 Thread 0x00000214a4b8f000 26797       3       ui.views.waveform.executive.a::jBy (70 bytes)
Event: 1250.455 Thread 0x00000214a4b8f000 nmethod 26797 0x0000021492e14f90 code [0x0000021492e15220, 0x0000021492e16110]

GC Heap History (10 events):
Event: 1238.701 GC heap before
{Heap before GC invocations=627 (full 49):
 garbage-first heap   total 202752K, used 178828K [0x0000000700000000, 0x0000000700100630, 0x00000007c0000000)
  region size 1024K, 60 young (61440K), 0 survivors (0K)
 Metaspace       used 97916K, capacity 105847K, committed 105936K, reserved 1140736K
  class space    used 14194K, capacity 15555K, committed 15612K, reserved 1048576K
}
Event: 1238.703 GC heap after
{Heap after GC invocations=628 (full 49):
 garbage-first heap   total 202752K, used 117816K [0x0000000700000000, 0x0000000700100630, 0x00000007c0000000)
  region size 1024K, 1 young (1024K), 1 survivors (1024K)
 Metaspace       used 97916K, capacity 105847K, committed 105936K, reserved 1140736K
  class space    used 14194K, capacity 15555K, committed 15612K, reserved 1048576K
}
Event: 1239.586 GC heap before
{Heap before GC invocations=628 (full 49):
 garbage-first heap   total 202752K, used 178232K [0x0000000700000000, 0x0000000700100630, 0x00000007c0000000)
  region size 1024K, 60 young (61440K), 1 survivors (1024K)
 Metaspace       used 97916K, capacity 105847K, committed 105936K, reserved 1140736K
  class space    used 14194K, capacity 15555K, committed 15612K, reserved 1048576K
}
Event: 1239.587 GC heap after
{Heap after GC invocations=629 (full 49):
 garbage-first heap   total 202752K, used 117772K [0x0000000700000000, 0x0000000700100630, 0x00000007c0000000)
  region size 1024K, 1 young (1024K), 1 survivors (1024K)
 Metaspace       used 97916K, capacity 105847K, committed 105936K, reserved 1140736K
  class space    used 14194K, capacity 15555K, committed 15612K, reserved 1048576K
}
Event: 1239.847 GC heap before
{Heap before GC invocations=629 (full 49):
 garbage-first heap   total 202752K, used 178188K [0x0000000700000000, 0x0000000700100630, 0x00000007c0000000)
  region size 1024K, 60 young (61440K), 1 survivors (1024K)
 Metaspace       used 97917K, capacity 105847K, committed 105936K, reserved 1140736K
  class space    used 14194K, capacity 15555K, committed 15612K, reserved 1048576K
}
Event: 1239.850 GC heap after
{Heap after GC invocations=630 (full 49):
 garbage-first heap   total 202752K, used 117669K [0x0000000700000000, 0x0000000700100630, 0x00000007c0000000)
  region size 1024K, 1 young (1024K), 1 survivors (1024K)
 Metaspace       used 97917K, capacity 105847K, committed 105936K, reserved 1140736K
  class space    used 14194K, capacity 15555K, committed 15612K, reserved 1048576K
}
Event: 1243.726 GC heap before
{Heap before GC invocations=630 (full 49):
 garbage-first heap   total 202752K, used 178085K [0x0000000700000000, 0x0000000700100630, 0x00000007c0000000)
  region size 1024K, 60 young (61440K), 1 survivors (1024K)
 Metaspace       used 97926K, capacity 105855K, committed 105936K, reserved 1140736K
  class space    used 14194K, capacity 15555K, committed 15612K, reserved 1048576K
}
Event: 1243.728 GC heap after
{Heap after GC invocations=631 (full 49):
 garbage-first heap   total 202752K, used 117938K [0x0000000700000000, 0x0000000700100630, 0x00000007c0000000)
  region size 1024K, 1 young (1024K), 1 survivors (1024K)
 Metaspace       used 97926K, capacity 105855K, committed 105936K, reserved 1140736K
  class space    used 14194K, capacity 15555K, committed 15612K, reserved 1048576K
}
Event: 1248.256 GC heap before
{Heap before GC invocations=631 (full 49):
 garbage-first heap   total 202752K, used 178354K [0x0000000700000000, 0x0000000700100630, 0x00000007c0000000)
  region size 1024K, 60 young (61440K), 1 survivors (1024K)
 Metaspace       used 97941K, capacity 105855K, committed 105936K, reserved 1140736K
  class space    used 14194K, capacity 15555K, committed 15612K, reserved 1048576K
}
Event: 1248.258 GC heap after
{Heap after GC invocations=632 (full 49):
 garbage-first heap   total 202752K, used 118100K [0x0000000700000000, 0x0000000700100630, 0x00000007c0000000)
  region size 1024K, 1 young (1024K), 1 survivors (1024K)
 Metaspace       used 97941K, capacity 105855K, committed 105936K, reserved 1140736K
  class space    used 14194K, capacity 15555K, committed 15612K, reserved 1048576K
}

Deoptimization events (10 events):
Event: 1124.745 Thread 0x00000214af002800 Uncommon trap: reason=class_check action=maybe_recompile pc=0x000002149989fae8 method=sun.java2d.pipe.PixelToParallelogramConverter.drawGeneralLine(Lsun/java2d/SunGraphics2D;DDDD)Z @ 268 c2
Event: 1124.767 Thread 0x00000214af002800 Uncommon trap: reason=class_check action=maybe_recompile pc=0x000002149989fae8 method=sun.java2d.pipe.PixelToParallelogramConverter.drawGeneralLine(Lsun/java2d/SunGraphics2D;DDDD)Z @ 268 c2
Event: 1124.788 Thread 0x00000214af002800 Uncommon trap: reason=class_check action=maybe_recompile pc=0x000002149989fae8 method=sun.java2d.pipe.PixelToParallelogramConverter.drawGeneralLine(Lsun/java2d/SunGraphics2D;DDDD)Z @ 268 c2
Event: 1124.854 Thread 0x00000214af002800 Uncommon trap: reason=class_check action=maybe_recompile pc=0x000002149989fae8 method=sun.java2d.pipe.PixelToParallelogramConverter.drawGeneralLine(Lsun/java2d/SunGraphics2D;DDDD)Z @ 268 c2
Event: 1141.832 Thread 0x00000214af002800 Uncommon trap: reason=unstable_if action=reinterpret pc=0x0000021498afe470 method=com.jidesoft.docking.DockingUtils.g(Ljava/awt/Component;)Ljava/awt/Component; @ 22 c2
Event: 1141.832 Thread 0x00000214af002800 Uncommon trap: reason=unstable_if action=reinterpret pc=0x00000214993a2c6c method=com.jidesoft.docking.DefaultDockingManager.handleEvent(Ljava/awt/AWTEvent;)Z @ 34 c2
Event: 1154.573 Thread 0x00000214af002800 Uncommon trap: reason=bimorphic_or_optimized_type_check action=maybe_recompile pc=0x0000021499b60e1c method=java.awt.Component.processEvent(Ljava/awt/AWTEvent;)V @ 121 c2
Event: 1154.573 Thread 0x00000214af002800 Uncommon trap: reason=unstable_if action=reinterpret pc=0x0000021498be1e64 method=javax.swing.SwingUtilities.getRootPane(Ljava/awt/Component;)Ljavax/swing/JRootPane; @ 4 c2
Event: 1166.516 Thread 0x00000214af002800 Uncommon trap: reason=bimorphic_or_optimized_type_check action=maybe_recompile pc=0x0000021499c52170 method=de.javasoft.plaf.synthetica.StyleFactory.getStyle(Ljavax/swing/JComponent;Ljavax/swing/plaf/synth/Region;Ljavax/swing/plaf/synth/SynthStyle;Z)Ljava
Event: 1180.196 Thread 0x00000214af002800 Uncommon trap: reason=class_check action=maybe_recompile pc=0x0000021499dfaad4 method=java.awt.LightweightDispatcher.retargetMouseEnterExit(Ljava/awt/Component;Ljava/awt/event/MouseEvent;Ljava/awt/Component;Z)Ljava/awt/Component; @ 46 c2

Classes redefined (0 events):
No events

Internal exceptions (10 events):
Event: 1226.123 Thread 0x00000214af002800 Exception <a 'java/io/FileNotFoundException'{0x000000070b8aeb50}> (0x000000070b8aeb50) thrown at [t:/workspace/hotspot/src/share/vm/prims/jni.cpp, line 604]
Event: 1226.123 Thread 0x00000214af002800 Exception <a 'java/io/FileNotFoundException'{0x000000070b8af438}> (0x000000070b8af438) thrown at [t:/workspace/hotspot/src/share/vm/prims/jni.cpp, line 604]
Event: 1231.125 Thread 0x00000214af002800 Exception <a 'java/io/FileNotFoundException'{0x000000070b5d9fc0}> (0x000000070b5d9fc0) thrown at [t:/workspace/hotspot/src/share/vm/prims/jni.cpp, line 604]
Event: 1231.125 Thread 0x00000214af002800 Exception <a 'java/io/FileNotFoundException'{0x000000070b5da8a8}> (0x000000070b5da8a8) thrown at [t:/workspace/hotspot/src/share/vm/prims/jni.cpp, line 604]
Event: 1236.255 Thread 0x00000214af002800 Exception <a 'java/io/FileNotFoundException'{0x000000070c3a6bf0}> (0x000000070c3a6bf0) thrown at [t:/workspace/hotspot/src/share/vm/prims/jni.cpp, line 604]
Event: 1236.255 Thread 0x00000214af002800 Exception <a 'java/io/FileNotFoundException'{0x000000070c3a74d8}> (0x000000070c3a74d8) thrown at [t:/workspace/hotspot/src/share/vm/prims/jni.cpp, line 604]
Event: 1241.125 Thread 0x00000214af002800 Exception <a 'java/io/FileNotFoundException'{0x00000007094c7770}> (0x00000007094c7770) thrown at [t:/workspace/hotspot/src/share/vm/prims/jni.cpp, line 604]
Event: 1241.125 Thread 0x00000214af002800 Exception <a 'java/io/FileNotFoundException'{0x00000007094c8058}> (0x00000007094c8058) thrown at [t:/workspace/hotspot/src/share/vm/prims/jni.cpp, line 604]
Event: 1246.126 Thread 0x00000214af002800 Exception <a 'java/io/FileNotFoundException'{0x000000070b7b3020}> (0x000000070b7b3020) thrown at [t:/workspace/hotspot/src/share/vm/prims/jni.cpp, line 604]
Event: 1246.127 Thread 0x00000214af002800 Exception <a 'java/io/FileNotFoundException'{0x000000070b7b3908}> (0x000000070b7b3908) thrown at [t:/workspace/hotspot/src/share/vm/prims/jni.cpp, line 604]

Events (10 events):
Event: 1248.377 Thread 0x00000214ca30a800 Thread exited: 0x00000214ca30a800
Event: 1248.377 Executing VM operation: RevokeBias
Event: 1248.377 Executing VM operation: RevokeBias done
Event: 1248.861 Thread 0x00000214ca30e800 Thread added: 0x00000214ca30e800
Event: 1248.863 Thread 0x00000214ca30e800 Thread exited: 0x00000214ca30e800
Event: 1249.384 Thread 0x00000214ca30e800 Thread added: 0x00000214ca30e800
Event: 1249.387 Executing VM operation: RevokeBias
Event: 1249.387 Executing VM operation: RevokeBias done
Event: 1249.863 Thread 0x00000214ca30f000 Thread added: 0x00000214ca30f000
Event: 1249.865 Thread 0x00000214ca30f000 Thread exited: 0x00000214ca30f000


Dynamic libraries:
0x00007ff7409a0000 - 0x00007ff7409d0000 	C:\Xilinx\Vivado\2020.1\bin\unwrapped\win64.o\vivado.exe
0x00007ffec57b0000 - 0x00007ffec59a8000 	C:\WINDOWS\SYSTEM32\ntdll.dll
0x00007ffec39c0000 - 0x00007ffec3a7d000 	C:\WINDOWS\System32\KERNEL32.DLL
0x00007ffec2ec0000 - 0x00007ffec31b6000 	C:\WINDOWS\System32\KERNELBASE.dll
0x00007ffec3300000 - 0x00007ffec3400000 	C:\WINDOWS\System32\ucrtbase.dll
0x00007ffe9de60000 - 0x00007ffe9deed000 	C:\WINDOWS\SYSTEM32\MSVCP140.dll
0x00007ffebcc30000 - 0x00007ffebcc44000 	C:\Xilinx\Vivado\2020.1\lib\win64.o\libboost_signals.dll
0x00007ffebc790000 - 0x00007ffebc7aa000 	C:\Xilinx\Vivado\2020.1\lib\win64.o\librdi_commonmain.dll
0x00007ffe79850000 - 0x00007ffe7a916000 	C:\Xilinx\Vivado\2020.1\lib\win64.o\librdi_common.dll
0x00007ffebe260000 - 0x00007ffebe27a000 	C:\WINDOWS\SYSTEM32\VCRUNTIME140.dll
0x00007ffec5280000 - 0x00007ffec541e000 	C:\WINDOWS\System32\USER32.dll
0x00007ffebe250000 - 0x00007ffebe25c000 	C:\WINDOWS\SYSTEM32\VCRUNTIME140_1.dll
0x00007ffec2e90000 - 0x00007ffec2eb2000 	C:\WINDOWS\System32\win32u.dll
0x00007ffec3810000 - 0x00007ffec383c000 	C:\WINDOWS\System32\GDI32.dll
0x00007ffec3560000 - 0x00007ffec367a000 	C:\WINDOWS\System32\gdi32full.dll
0x00007ffec36b0000 - 0x00007ffec374d000 	C:\WINDOWS\System32\msvcp_win.dll
0x00007ffebe230000 - 0x00007ffebe23a000 	C:\Xilinx\Vivado\2020.1\lib\win64.o\librdi_commonversion.dll
0x00007ffebc760000 - 0x00007ffebc786000 	C:\Xilinx\Vivado\2020.1\lib\win64.o\libboost_filesystem.dll
0x00007ffec5530000 - 0x00007ffec55df000 	C:\WINDOWS\System32\ADVAPI32.dll
0x00007ffec4fc0000 - 0x00007ffec505e000 	C:\WINDOWS\System32\msvcrt.dll
0x00007ffec5420000 - 0x00007ffec54bc000 	C:\WINDOWS\System32\sechost.dll
0x00007ffe7ad90000 - 0x00007ffe7af31000 	C:\Xilinx\Vivado\2020.1\lib\win64.o\librdi_commonxillic.dll
0x00007ffec4580000 - 0x00007ffec46a6000 	C:\WINDOWS\System32\RPCRT4.dll
0x000000006ddb0000 - 0x000000006dedb000 	C:\Xilinx\Vivado\2020.1\lib\win64.o\tcl85t.dll
0x00007ffec54c0000 - 0x00007ffec552b000 	C:\WINDOWS\System32\WS2_32.dll
0x00007ffec3a80000 - 0x00007ffec41c5000 	C:\WINDOWS\System32\SHELL32.dll
0x00007ffec3680000 - 0x00007ffec36a7000 	C:\WINDOWS\System32\bcrypt.dll
0x00007ffe7aa20000 - 0x00007ffe7ad8e000 	C:\Xilinx\Vivado\2020.1\lib\win64.o\libCOIN-all.dll
0x00007ffebc740000 - 0x00007ffebc754000 	C:\Xilinx\Vivado\2020.1\lib\win64.o\libboost_date_time.dll
0x00007ffe9dde0000 - 0x00007ffe9de5f000 	C:\Xilinx\Vivado\2020.1\lib\win64.o\libboost_program_options.dll
0x00007ffebc3a0000 - 0x00007ffebc3c1000 	C:\Xilinx\Vivado\2020.1\lib\win64.o\libboost_thread.dll
0x00007ffebe200000 - 0x00007ffebe20b000 	C:\Xilinx\Vivado\2020.1\lib\win64.o\libboost_system.dll
0x00007ffe7c1c0000 - 0x00007ffe7c2d4000 	C:\Xilinx\Vivado\2020.1\lib\win64.o\libboost_regex.dll
0x00007ffe9dd50000 - 0x00007ffe9ddd2000 	C:\Xilinx\Vivado\2020.1\lib\win64.o\libhdlpsolve.dll
0x00007ffebe1e0000 - 0x00007ffebe1ef000 	C:\Xilinx\Vivado\2020.1\lib\win64.o\libboost_xilinx.dll
0x00007ffe9db60000 - 0x00007ffe9dc05000 	C:\Xilinx\Vivado\2020.1\lib\win64.o\libhdxml.dll
0x00007ffea75f0000 - 0x00007ffea761e000 	C:\Xilinx\Vivado\2020.1\lib\win64.o\libisl_sysinfo.dll
0x00007ffe9e8c0000 - 0x00007ffe9e925000 	C:\Xilinx\Vivado\2020.1\lib\win64.o\liblmx6.0.dll
0x00007ffebbac0000 - 0x00007ffebbada000 	C:\Xilinx\Vivado\2020.1\lib\win64.o\pthreadVC2.dll
0x00007ffebb9f0000 - 0x00007ffebba0c000 	C:\Xilinx\Vivado\2020.1\lib\win64.o\librdiconfig.dll
0x00007ffe9dd20000 - 0x00007ffe9dd41000 	C:\Xilinx\Vivado\2020.1\lib\win64.o\librdizlib.dll
0x0000000012000000 - 0x0000000012270000 	C:\Xilinx\Vivado\2020.1\lib\win64.o\xerces-c_3_1.dll
0x00007ffe78b90000 - 0x00007ffe79845a00 	C:\Xilinx\Vivado\2020.1\lib\win64.o\libisl_iostreams.dll
0x00007ffe788b0000 - 0x00007ffe78b8b000 	C:\Xilinx\Vivado\2020.1\lib\win64.o\libXil_lmgr11.dll
0x00007ffec46b0000 - 0x00007ffec478a000 	C:\WINDOWS\System32\COMDLG32.dll
0x00007ffec41d0000 - 0x00007ffec4524000 	C:\WINDOWS\System32\combase.dll
0x00007ffea9e90000 - 0x00007ffea9ea9000 	C:\WINDOWS\SYSTEM32\NETAPI32.dll
0x00007ffeac7a0000 - 0x00007ffeacc76000 	C:\WINDOWS\SYSTEM32\WININET.dll
0x00007ffec4e00000 - 0x00007ffec4ead000 	C:\WINDOWS\System32\shcore.dll
0x00007ffeb7e30000 - 0x00007ffeb7f3a000 	C:\WINDOWS\SYSTEM32\WINHTTP.dll
0x00007ffec55e0000 - 0x00007ffec5635000 	C:\WINDOWS\System32\SHLWAPI.dll
0x00007ffeb2090000 - 0x00007ffeb227d000 	C:\WINDOWS\SYSTEM32\urlmon.dll
0x00007ffec4d30000 - 0x00007ffec4dfd000 	C:\WINDOWS\System32\OLEAUT32.dll
0x00007ffec5640000 - 0x00007ffec576b000 	C:\WINDOWS\System32\ole32.dll
0x00007ffebcc20000 - 0x00007ffebcc29000 	C:\WINDOWS\SYSTEM32\WSOCK32.dll
0x00007ffe9dcf0000 - 0x00007ffe9dd1e000 	C:\WINDOWS\SYSTEM32\VCOMP140.DLL
0x00007ffec37a0000 - 0x00007ffec3807000 	C:\WINDOWS\System32\WINTRUST.dll
0x00007ffec3400000 - 0x00007ffec355d000 	C:\WINDOWS\System32\CRYPT32.dll
0x00007ffe77a10000 - 0x00007ffe788a1000 	C:\Xilinx\Vivado\2020.1\lib\win64.o\gurobi65.dll
0x00007ffebc390000 - 0x00007ffebc39d000 	C:\Xilinx\Vivado\2020.1\lib\win64.o\libboost_chrono.dll
0x00007ffeb6700000 - 0x00007ffeb671b000 	C:\Xilinx\Vivado\2020.1\lib\win64.o\libboost_iostreams.dll
0x00007ffe9cf00000 - 0x00007ffe9cf25000 	C:\Xilinx\Vivado\2020.1\lib\win64.o\libisl_iosutils.dll
0x00007ffea7230000 - 0x00007ffea72e0000 	C:\WINDOWS\WinSxS\amd64_microsoft.windows.common-controls_6595b64144ccf1df_5.82.19041.3636_none_7931fb75243f97c8\COMCTL32.dll
0x00007ffeb2910000 - 0x00007ffeb2bcc000 	C:\WINDOWS\SYSTEM32\iertutil.dll
0x00007ffeb2030000 - 0x00007ffeb2058000 	C:\WINDOWS\SYSTEM32\srvcli.dll
0x00007ffec2310000 - 0x00007ffec231c000 	C:\WINDOWS\SYSTEM32\netutils.dll
0x00007ffebb180000 - 0x00007ffebb19d000 	C:\WINDOWS\SYSTEM32\dhcpcsvc.DLL
0x00007ffec2630000 - 0x00007ffec269a000 	C:\WINDOWS\SYSTEM32\MSWSOCK.DLL
0x00007ffec4550000 - 0x00007ffec4580000 	C:\WINDOWS\System32\IMM32.DLL
0x00007ffec2a60000 - 0x00007ffec2a72000 	C:\WINDOWS\SYSTEM32\MSASN1.dll
0x00007ffec16e0000 - 0x00007ffec16f2000 	C:\WINDOWS\SYSTEM32\kernel.appcore.dll
0x00007ffe76a70000 - 0x00007ffe76f6c000 	C:\Xilinx\Vivado\2020.1\lib\win64.o\librdi_commontasks.dll
0x00007ffebc020000 - 0x00007ffebc02a000 	C:\WINDOWS\SYSTEM32\VERSION.dll
0x00007ffe77720000 - 0x00007ffe77a04000 	C:\Xilinx\Vivado\2020.1\lib\win64.o\librdi_sio.dll
0x00007ffec22d0000 - 0x00007ffec230b000 	C:\WINDOWS\SYSTEM32\IPHLPAPI.DLL
0x000000006d380000 - 0x000000006dda5000 	C:\Xilinx\Vivado\2020.1\tps\win64\jre9.0.4\bin\server\jvm.dll
0x00007ffec50c0000 - 0x00007ffec50c8000 	C:\WINDOWS\System32\PSAPI.DLL
0x00007ffead460000 - 0x00007ffead487000 	C:\WINDOWS\SYSTEM32\WINMM.dll
0x00007ffe77630000 - 0x00007ffe7771f000 	C:\Xilinx\Vivado\2020.1\tps\win64\jre9.0.4\bin\MSVCR120.dll
0x00007ffec0f30000 - 0x00007ffec16cb000 	C:\WINDOWS\SYSTEM32\windows.storage.dll
0x00007ffec28d0000 - 0x00007ffec28fd000 	C:\WINDOWS\SYSTEM32\Wldp.dll
0x00007ffe73bb0000 - 0x00007ffe76245000 	C:\Xilinx\Vivado\2020.1\lib\win64.o\librdi_tcltasks.dll
0x00007ffe768b0000 - 0x00007ffe76a63000 	C:\Xilinx\Vivado\2020.1\lib\win64.o\librdi_board.dll
0x00007ffe736e0000 - 0x00007ffe73ba6000 	C:\Xilinx\Vivado\2020.1\lib\win64.o\librdi_bitstream.dll
0x00007ffe92780000 - 0x00007ffe927fb000 	C:\Xilinx\Vivado\2020.1\lib\win64.o\librdi_boarddep.dll
0x00007ffe767b0000 - 0x00007ffe768a6000 	C:\Xilinx\Vivado\2020.1\lib\win64.o\librdi_chipscope.dll
0x00007ffe73510000 - 0x00007ffe736d1000 	C:\Xilinx\Vivado\2020.1\lib\win64.o\librdi_chipscopeimpl.dll
0x00007ffe733b0000 - 0x00007ffe7350b000 	C:\Xilinx\Vivado\2020.1\lib\win64.o\librdi_containers.dll
0x00007ffe6d6d0000 - 0x00007ffe719fe000 	C:\Xilinx\Vivado\2020.1\lib\win64.o\librdi_designutils.dll
0x00007ffe6b5b0000 - 0x00007ffe6d1da000 	C:\Xilinx\Vivado\2020.1\lib\win64.o\librdi_constraints.dll
0x00007ffe6b230000 - 0x00007ffe6b57b000 	C:\Xilinx\Vivado\2020.1\lib\win64.o\librdi_dlyest.dll
0x00007ffe6ac10000 - 0x00007ffe6b22e000 	C:\Xilinx\Vivado\2020.1\lib\win64.o\librdi_drc.dll
0x00007ffe7a950000 - 0x00007ffe7aa14000 	C:\Xilinx\Vivado\2020.1\lib\win64.o\librdi_dsp.dll
0x00007ffe56910000 - 0x00007ffe56f96000 	C:\Xilinx\Vivado\2020.1\lib\win64.o\librdi_filemgmt.dll
0x00007ffe565f0000 - 0x00007ffe5690c000 	C:\Xilinx\Vivado\2020.1\lib\win64.o\librdi_guitools.dll
0x00007ffe3c5b0000 - 0x00007ffe3e71d000 	C:\Xilinx\Vivado\2020.1\lib\win64.o\librdi_coregen.dll
0x00007ffe3e720000 - 0x00007ffe565f0000 	C:\Xilinx\Vivado\2020.1\lib\win64.o\librdi_device.dll
0x00007ffe3bed0000 - 0x00007ffe3c5a9000 	C:\Xilinx\Vivado\2020.1\lib\win64.o\librdi_coregenipxact.dll
0x00007ffe7b170000 - 0x00007ffe7b1e7000 	C:\Xilinx\Vivado\2020.1\lib\win64.o\librdi_hdf.dll
0x00007ffe3bc70000 - 0x00007ffe3bec5000 	C:\Xilinx\Vivado\2020.1\lib\win64.o\librdi_hip_devdesign.dll
0x00007ffe73260000 - 0x00007ffe733a8000 	C:\Xilinx\Vivado\2020.1\lib\win64.o\librdi_hip_perf_analysis.dll
0x00007ffe3b630000 - 0x00007ffe3bc6e000 	C:\Xilinx\Vivado\2020.1\lib\win64.o\librdi_memdata.dll
0x00007ffe775b0000 - 0x00007ffe77624000 	C:\Xilinx\Vivado\2020.1\lib\win64.o\librdi_memoryarray.dll
0x00007ffe39ce0000 - 0x00007ffe3b62a000 	C:\Xilinx\Vivado\2020.1\lib\win64.o\librdi_implflow.dll
0x00007ffe36e60000 - 0x00007ffe39cd7000 	C:\Xilinx\Vivado\2020.1\lib\win64.o\librdi_mig.dll
0x00007ffe98f60000 - 0x00007ffe98fae000 	C:\Xilinx\Vivado\2020.1\lib\win64.o\librdi_pfi.dll
0x00007ffe36750000 - 0x00007ffe36e53000 	C:\Xilinx\Vivado\2020.1\lib\win64.o\librdi_netlist.dll
0x00007ffe35f10000 - 0x00007ffe36744000 	C:\Xilinx\Vivado\2020.1\lib\win64.o\librdi_power.dll
0x00007ffe35bb0000 - 0x00007ffe35f01000 	C:\Xilinx\Vivado\2020.1\lib\win64.o\librdi_platform.dll
0x00007ffe35210000 - 0x00007ffe35805000 	C:\Xilinx\Vivado\2020.1\lib\win64.o\librdi_project.dll
0x00007ffe34aa0000 - 0x00007ffe3520f000 	C:\Xilinx\Vivado\2020.1\lib\win64.o\librdi_rsb.dll
0x00007ffe34360000 - 0x00007ffe34a9c000 	C:\Xilinx\Vivado\2020.1\lib\win64.o\librdi_psta.dll
0x00007ffe2f2d0000 - 0x00007ffe31e41000 	C:\Xilinx\Vivado\2020.1\lib\win64.o\librdi_place.dll
0x00007ffe35930000 - 0x00007ffe35ba5000 	C:\Xilinx\Vivado\2020.1\lib\win64.o\librdi_simdata.dll
0x00007ffe766a0000 - 0x00007ffe767a8000 	C:\Xilinx\Vivado\2020.1\lib\win64.o\librdi_runsbase.dll
0x00007ffe33ec0000 - 0x00007ffe3435a000 	C:\Xilinx\Vivado\2020.1\lib\win64.o\librdi_runs.dll
0x00007ffe731b0000 - 0x00007ffe73258000 	C:\Xilinx\Vivado\2020.1\lib\win64.o\librdi_xhubtasks.dll
0x00007ffe72f30000 - 0x00007ffe7302f000 	C:\Xilinx\Vivado\2020.1\lib\win64.o\librdi_xhub.dll
0x00007ffe33ce0000 - 0x00007ffe33eb3000 	C:\Xilinx\Vivado\2020.1\lib\win64.o\librdi_advchipscopeimpl.dll
0x00007ffe96a60000 - 0x00007ffe96aac000 	C:\Xilinx\Vivado\2020.1\lib\win64.o\libboost_serialization.dll
0x00007ffe32dd0000 - 0x00007ffe33cda000 	C:\Xilinx\Vivado\2020.1\lib\win64.o\librdi_timing.dll
0x00007ffe35840000 - 0x00007ffe35928000 	C:\Xilinx\Vivado\2020.1\lib\win64.o\librdi_ipconfig_readwrite.dll
0x00007ffe32280000 - 0x00007ffe32dc7000 	C:\Xilinx\Vivado\2020.1\lib\win64.o\libverific.dll
0x00007ffe8f7c0000 - 0x00007ffe8f82c000 	C:\Xilinx\Vivado\2020.1\lib\win64.o\librdi_noc_frameworks.dll
0x00007ffe32080000 - 0x00007ffe32273000 	C:\Xilinx\Vivado\2020.1\lib\win64.o\librdi_hip_config.dll
0x00007ffe2ed80000 - 0x00007ffe2f2ce000 	C:\Xilinx\Vivado\2020.1\lib\win64.o\librdi_xdm.dll
0x00007ffe8fc00000 - 0x00007ffe8fc4b000 	C:\Xilinx\Vivado\2020.1\lib\win64.o\librdi_wavedata_SimpleApi.dll
0x00007ffe6ab70000 - 0x00007ffe6ac0e000 	C:\Xilinx\Vivado\2020.1\lib\win64.o\libise.dll

VM Arguments:
jvm_args: -Dsun.java2d.pmoffscreen=false -Dsun.java2d.xrender=false -Dsun.java2d.d3d=false -Dsun.awt.nopixfmt=true -Dsun.java2d.dpiaware=true -Dsun.java2d.uiScale.enabled=false -Xverify:none -Dswing.aatext=true -XX:-UsePerfData -Djdk.map.althashing.threshold=512 -XX:StringTableSize=4072 --add-opens=java.base/java.nio=ALL-UNNAMED --add-opens=java.desktop/sun.swing=ALL-UNNAMED --add-opens=java.desktop/javax.swing=ALL-UNNAMED --add-opens=java.desktop/javax.swing.tree=ALL-UNNAMED --add-opens=java.desktop/javax.swing.plaf.basic=ALL-UNNAMED --add-opens=java.desktop/javax.swing.plaf.synth=ALL-UNNAMED --add-opens=java.desktop/com.sun.awt=ALL-UNNAMED -XX:NewSize=60m -XX:MaxNewSize=60m -Xms128m -Xmx3072m -Xss5m 
java_command: <unknown>
java_class_path (initial): C:/Xilinx/Vivado/2020.1\lib\classes\alloy.jar;C:/Xilinx/Vivado/2020.1\lib\classes\ArchiveSummary.jar;C:/Xilinx/Vivado/2020.1\lib\classes\autoesl-models.jar;C:/Xilinx/Vivado/2020.1\lib\classes\autopilot.scelaborator.jar;C:/Xilinx/Vivado/2020.1\lib\classes\autopilot.sourceprocessor.jar;C:/Xilinx/Vivado/2020.1\lib\classes\autopilot.tbprocessor.jar;C:/Xilinx/Vivado/2020.1\lib\classes\batik-anim.jar;C:/Xilinx/Vivado/2020.1\lib\classes\batik-awt-util.jar;C:/Xilinx/Vivado/2020.1\lib\classes\batik-bridge.jar;C:/Xilinx/Vivado/2020.1\lib\classes\batik-codec.jar;C:/Xilinx/Vivado/2020.1\lib\classes\batik-css.jar;C:/Xilinx/Vivado/2020.1\lib\classes\batik-dom.jar;C:/Xilinx/Vivado/2020.1\lib\classes\batik-ext.jar;C:/Xilinx/Vivado/2020.1\lib\classes\batik-gui-util.jar;C:/Xilinx/Vivado/2020.1\lib\classes\batik-gvt.jar;C:/Xilinx/Vivado/2020.1\lib\classes\batik-parser.jar;C:/Xilinx/Vivado/2020.1\lib\classes\batik-script.jar;C:/Xilinx/Vivado/2020.1\lib\classes\batik-svg-dom.jar;C:/Xilinx/Vivado/2020.1\lib\classes\batik-swing.jar;C:/Xilinx/Vivado/2020.1\lib\classes\batik-transcoder.jar;C:/Xilinx/Vivado/2020.1\lib\classes\batik-util.jar;C:/Xilinx/Vivado/2020.1\lib\classes\batik-xml.jar;C:/Xilinx/Vivado/2020.1\lib\classes\com.google.gson_2.8.2.v20180104-1110.jar;C:/Xilinx/Vivado/2020.1\lib\classes\com.google.guava_27.1.0.v20190517-1946.jar;C:/Xilinx/Vivado/2020.1\lib\classes\com.ibm.icu_4.4.2.v20110208.jar;C:/Xilinx/Vivado/2020.1\lib\classes\com.sigasi.hdt.connection_4.8.0.202004151336.jar;C:/Xilinx/Vivado/2020.1\lib\classes\com.sigasi.hdt.epl_4.8.0.202004151336.jar;C:/Xilinx/Vivado/2020.1\lib\classes\com.sigasi.hdt.project_4.8.0.202004151336.jar;C:/Xilinx/Vivado/2020.1\lib\classes\com.sigasi.hdt.readonlyfilesystem_4.8.0.202004151336.jar;C:/Xilinx/Vivado/2020.1\lib\classes\com.sigasi.lcm_4.8.0.202004151336.jar;C:/Xilinx/Vivado/2020.1\lib\classes\com.sigasi.sdk.client_4.8.0.202004151336.jar;C:/Xilinx/Vivado/2020.1\lib\classes\com.xilinx.hls.services.jar;C:/Xili
Launcher Type: generic

Logging:
Log output configuration:
#0: stdout all=warning uptime,level,tags
#1: stderr all=off uptime,level,tags

Environment Variables:
PATH=C:/Xilinx/Vivado/2020.1/bin;C:/Xilinx/Vivado/2020.1/lib/win64.o;C:/Xilinx/Vivado/2020.1/tps/win64/jre9.0.4/bin/server;C:/Xilinx/Vivado/2020.1/tps/win64/jre9.0.4/bin;C:/Xilinx/Vivado/2020.1/ids_lite/ISE/bin/nt64;C:/Xilinx/Vivado/2020.1/ids_lite/ISE/lib/nt64;C:\Program Files (x86)\Common Files\Oracle\Java\javapath;C:\WINDOWS\system32;C:\WINDOWS;C:\WINDOWS\System32\Wbem;C:\WINDOWS\System32\WindowsPowerShell\v1.0\;C:\WINDOWS\System32\OpenSSH\;C:\Program Files\PuTTY\;C:\Program Files\Git\cmd;C:\Users\berfi\AppData\Local\Microsoft\WindowsApps;;C:\Users\berfi\AppData\Local\Programs\Microsoft VS Code\bin;C:\Program Files\JetBrains\PyCharm Community Edition 2023.2.3\bin;C:\Program Files (x86)\SSH Communications Security\SSH Secure Shell;C:/Xilinx/Vivado/2020.1\tps\mingw\6.2.0\win64.o\nt\bin;C:/Xilinx/Vivado/2020.1\tps\mingw\6.2.0\win64.o\nt\libexec\gcc\x86_64-w64-mingw32\6.2.0;C:/Xilinx/Vivado/2020.1\tps\win64\python-2.7.16;C:/Xilinx/Vivado/2020.1\tps\win64\python-2.7.16\bin;C:/Xilinx/Vivado/2020.1\tps\win64\python-2.7.16\lib;C:/Xilinx/Vivado/2020.1\tps\win64\python-2.7.16\Lib\lib-tk;C:/Xilinx/Vivado/2020.1\tps\win64\python-2.7.16\lib\site-packages
USERNAME=berfi
OS=Windows_NT
PROCESSOR_IDENTIFIER=Intel64 Family 6 Model 158 Stepping 10, GenuineIntel



---------------  S Y S T E M  ---------------

OS: Windows 10 , 64 bit Build 19041 (10.0.19041.3636)

CPU:total 12 (initial active 12) (6 cores per cpu, 2 threads per core) family 6 model 158 stepping 10, cmov, cx8, fxsr, mmx, sse, sse2, sse3, ssse3, sse4.1, sse4.2, popcnt, avx, avx2, aes, clmul, erms, 3dnowpref, lzcnt, ht, tsc, tscinvbit, bmi1, bmi2, adx, fma

Memory: 4k page, physical 16624304k(8373028k free), swap 45984432k(34701668k free)

vm_info: Java HotSpot(TM) 64-Bit Server VM (9.0.4+11) for windows-amd64 JRE (9.0.4+11), built on Dec 20 2017 02:18:54 by "mach5one" with MS VC++ 12.0 (VS2013)

END.
