#-----------------------------------------------------------
# Vivado v2020.1 (64-bit)
# SW Build 2902540 on Wed May 27 19:54:49 MDT 2020
# IP Build 2902112 on Wed May 27 22:43:36 MDT 2020
# Start of session at: Wed Dec 27 10:04:18 2023
# Process ID: 19784
# Current directory: C:/Xilinx/SST/week7/project_1
# Command line: vivado.exe -gui_launcher_event rodinguilauncherevent28544 C:\Xilinx\SST\week7\project_1\project_1.xpr
# Log file: C:/Xilinx/SST/week7/project_1/vivado.log
# Journal file: C:/Xilinx/SST/week7/project_1\vivado.jou
#-----------------------------------------------------------
start_gui
open_project C:/Xilinx/SST/week7/project_1/project_1.xpr
Scanning sources...
Finished scanning sources
INFO: [IP_Flow 19-234] Refreshing IP repositories
INFO: [IP_Flow 19-1704] No user IP repositories specified
INFO: [IP_Flow 19-2313] Loaded Vivado IP repository 'C:/Xilinx/Vivado/2020.1/data/ip'.
open_project: Time (s): cpu = 00:00:16 ; elapsed = 00:00:07 . Memory (MB): peak = 1024.750 ; gain = 0.000
update_compile_order -fileset sources_1
