Vivado Simulator 2020.1
Copyright 1986-1999, 2001-2020 Xilinx, Inc. All Rights Reserved.
Running: C:/Xilinx/Vivado/2020.1/bin/unwrapped/win64.o/xelab.exe -wto ed998109b862421ea11dfb849b1710c2 --incr --debug typical --relax --mt 2 --maxdelay -L xil_defaultlib -L simprims_ver -L secureip --snapshot HA_tb_time_impl -transport_int_delays -pulse_r 0 -pulse_int_r 0 -pulse_e 0 -pulse_int_e 0 xil_defaultlib.HA_tb xil_defaultlib.glbl -log elaborate.log 
Using 2 slave threads.
Starting static elaboration
Pass Through NonSizing Optimizer
Completed static elaboration
Starting simulation data flow analysis
Completed simulation data flow analysis
INFO: [XSIM 43-3451] SDF backannotation process started with SDF file "HA_tb_time_impl.sdf", for root module "HA_tb/UUT".
INFO: [XSIM 43-3452] SDF backannotation was successful for SDF file "HA_tb_time_impl.sdf", for root module "HA_tb/UUT".
Time Resolution for simulation is 1ps
Compiling module simprims_ver.OBUF
Compiling module simprims_ver.x_lut2_mux4
Compiling module simprims_ver.LUT2
Compiling module simprims_ver.IBUF
Compiling module xil_defaultlib.HA
Compiling module xil_defaultlib.HA_tb
Compiling module xil_defaultlib.glbl
Built simulation snapshot HA_tb_time_impl
